{"/home/runner/work/next-template/next-template/components/DateModified.js": {"path":"/home/runner/work/next-template/next-template/components/DateModified.js","statementMap":{"0":{"start":{"line":7,"column":2},"end":{"line":12,"column":3}},"1":{"start":{"line":15,"column":0},"end":{"line":18,"column":1}},"2":{"start":{"line":20,"column":0},"end":{"line":26,"column":1}}},"fnMap":{"0":{"name":"DateModified","decl":{"start":{"line":6,"column":24},"end":{"line":6,"column":36}},"loc":{"start":{"line":6,"column":44},"end":{"line":13,"column":1}},"line":6}},"branchMap":{},"s":{"0":11,"1":4,"2":4},"f":{"0":11},"b":{},"_coverageSchema":"1a1c01bbd47fc00a2c39e90264f33305004495a9","hash":"badd38e77033899f92721a7ac1f27e2db4a1d181"}
,"/home/runner/work/next-template/next-template/components/Footer.js": {"path":"/home/runner/work/next-template/next-template/components/Footer.js","statementMap":{"0":{"start":{"line":9,"column":2},"end":{"line":85,"column":3}},"1":{"start":{"line":27,"column":16},"end":{"line":36,"column":17}},"2":{"start":{"line":53,"column":18},"end":{"line":70,"column":19}},"3":{"start":{"line":88,"column":0},"end":{"line":126,"column":1}}},"fnMap":{"0":{"name":"Footer","decl":{"start":{"line":8,"column":24},"end":{"line":8,"column":30}},"loc":{"start":{"line":8,"column":38},"end":{"line":86,"column":1}},"line":8},"1":{"name":"(anonymous_1)","decl":{"start":{"line":26,"column":40},"end":{"line":26,"column":41}},"loc":{"start":{"line":26,"column":58},"end":{"line":37,"column":15}},"line":26},"2":{"name":"(anonymous_2)","decl":{"start":{"line":52,"column":33},"end":{"line":52,"column":34}},"loc":{"start":{"line":52,"column":51},"end":{"line":71,"column":17}},"line":52}},"branchMap":{"0":{"loc":{"start":{"line":57,"column":24},"end":{"line":59,"column":79}},"type":"cond-expr","locations":[{"start":{"line":58,"column":28},"end":{"line":58,"column":92}},{"start":{"line":59,"column":28},"end":{"line":59,"column":79}}],"line":57}},"s":{"0":9,"1":66,"2":40,"3":3},"f":{"0":9,"1":66,"2":40},"b":{"0":[9,31]},"_coverageSchema":"1a1c01bbd47fc00a2c39e90264f33305004495a9","hash":"aa2e4005e2015ea23f8b7841c9813ea4c1ac1150"}
,"/home/runner/work/next-template/next-template/components/Header.js": {"path":"/home/runner/work/next-template/next-template/components/Header.js","statementMap":{"0":{"start":{"line":5,"column":2},"end":{"line":100,"column":3}},"1":{"start":{"line":110,"column":0},"end":{"line":145,"column":1}}},"fnMap":{"0":{"name":"Header","decl":{"start":{"line":4,"column":24},"end":{"line":4,"column":30}},"loc":{"start":{"line":4,"column":38},"end":{"line":101,"column":1}},"line":4}},"branchMap":{"0":{"loc":{"start":{"line":29,"column":18},"end":{"line":31,"column":39}},"type":"cond-expr","locations":[{"start":{"line":30,"column":22},"end":{"line":30,"column":39}},{"start":{"line":31,"column":22},"end":{"line":31,"column":39}}],"line":29},"1":{"loc":{"start":{"line":34,"column":18},"end":{"line":36,"column":46}},"type":"cond-expr","locations":[{"start":{"line":35,"column":22},"end":{"line":35,"column":44}},{"start":{"line":36,"column":22},"end":{"line":36,"column":46}}],"line":34},"2":{"loc":{"start":{"line":44,"column":20},"end":{"line":44,"column":47}},"type":"binary-expr","locations":[{"start":{"line":44,"column":20},"end":{"line":44,"column":40}},{"start":{"line":44,"column":44},"end":{"line":44,"column":47}}],"line":44},"3":{"loc":{"start":{"line":45,"column":22},"end":{"line":45,"column":59}},"type":"cond-expr","locations":[{"start":{"line":45,"column":48},"end":{"line":45,"column":52}},{"start":{"line":45,"column":55},"end":{"line":45,"column":59}}],"line":45},"4":{"loc":{"start":{"line":47,"column":20},"end":{"line":47,"column":57}},"type":"cond-expr","locations":[{"start":{"line":47,"column":46},"end":{"line":47,"column":50}},{"start":{"line":47,"column":53},"end":{"line":47,"column":57}}],"line":47},"5":{"loc":{"start":{"line":49,"column":15},"end":{"line":49,"column":52}},"type":"cond-expr","locations":[{"start":{"line":49,"column":41},"end":{"line":49,"column":45}},{"start":{"line":49,"column":48},"end":{"line":49,"column":52}}],"line":49},"6":{"loc":{"start":{"line":57,"column":20},"end":{"line":57,"column":47}},"type":"binary-expr","locations":[{"start":{"line":57,"column":20},"end":{"line":57,"column":40}},{"start":{"line":57,"column":44},"end":{"line":57,"column":47}}],"line":57},"7":{"loc":{"start":{"line":58,"column":22},"end":{"line":58,"column":59}},"type":"cond-expr","locations":[{"start":{"line":58,"column":48},"end":{"line":58,"column":52}},{"start":{"line":58,"column":55},"end":{"line":58,"column":59}}],"line":58},"8":{"loc":{"start":{"line":61,"column":20},"end":{"line":61,"column":57}},"type":"cond-expr","locations":[{"start":{"line":61,"column":46},"end":{"line":61,"column":50}},{"start":{"line":61,"column":53},"end":{"line":61,"column":57}}],"line":61},"9":{"loc":{"start":{"line":63,"column":15},"end":{"line":63,"column":63}},"type":"cond-expr","locations":[{"start":{"line":63,"column":41},"end":{"line":63,"column":51}},{"start":{"line":63,"column":54},"end":{"line":63,"column":63}}],"line":63}},"s":{"0":12,"1":3},"f":{"0":12},"b":{"0":[8,2],"1":[8,2],"2":[10,10],"3":[8,2],"4":[8,2],"5":[8,2],"6":[10,10],"7":[8,2],"8":[8,2],"9":[8,2]},"_coverageSchema":"1a1c01bbd47fc00a2c39e90264f33305004495a9","hash":"693cc46b4ccee159968852d5cc8c3be8dd253aeb"}
,"/home/runner/work/next-template/next-template/components/Layout.js": {"path":"/home/runner/work/next-template/next-template/components/Layout.js","statementMap":{"0":{"start":{"line":10,"column":12},"end":{"line":10,"column":43}},"1":{"start":{"line":12,"column":2},"end":{"line":94,"column":3}},"2":{"start":{"line":101,"column":0},"end":{"line":103,"column":1}},"3":{"start":{"line":105,"column":0},"end":{"line":122,"column":1}}},"fnMap":{"0":{"name":"Layout","decl":{"start":{"line":9,"column":24},"end":{"line":9,"column":30}},"loc":{"start":{"line":9,"column":38},"end":{"line":95,"column":1}},"line":9}},"branchMap":{"0":{"loc":{"start":{"line":10,"column":12},"end":{"line":10,"column":43}},"type":"cond-expr","locations":[{"start":{"line":10,"column":36},"end":{"line":10,"column":38}},{"start":{"line":10,"column":41},"end":{"line":10,"column":43}}],"line":10}},"s":{"0":8,"1":7,"2":2,"3":2},"f":{"0":8},"b":{"0":[6,1]},"_coverageSchema":"1a1c01bbd47fc00a2c39e90264f33305004495a9","hash":"ccf61d2b10b546a3523277c82540e55cf10ff845"}
,"/home/runner/work/next-template/next-template/components/MetaData.js": {"path":"/home/runner/work/next-template/next-template/components/MetaData.js","statementMap":{"0":{"start":{"line":5,"column":12},"end":{"line":5,"column":77}},"1":{"start":{"line":7,"column":2},"end":{"line":19,"column":3}}},"fnMap":{"0":{"name":"MetaData","decl":{"start":{"line":4,"column":24},"end":{"line":4,"column":32}},"loc":{"start":{"line":4,"column":40},"end":{"line":20,"column":1}},"line":4}},"branchMap":{"0":{"loc":{"start":{"line":5,"column":12},"end":{"line":5,"column":77}},"type":"cond-expr","locations":[{"start":{"line":5,"column":38},"end":{"line":5,"column":56}},{"start":{"line":5,"column":59},"end":{"line":5,"column":77}}],"line":5}},"s":{"0":9,"1":9},"f":{"0":9},"b":{"0":[8,1]},"_coverageSchema":"1a1c01bbd47fc00a2c39e90264f33305004495a9","hash":"2eba8446e4321453e05de2606a61442e16e655ca"}
,"/home/runner/work/next-template/next-template/pages/404.js": {"path":"/home/runner/work/next-template/next-template/pages/404.js","statementMap":{"0":{"start":{"line":4,"column":2},"end":{"line":60,"column":3}},"1":{"start":{"line":65,"column":15},"end":{"line":78,"column":3}},"2":{"start":{"line":80,"column":2},"end":{"line":82,"column":3}}},"fnMap":{"0":{"name":"Custom404","decl":{"start":{"line":3,"column":24},"end":{"line":3,"column":33}},"loc":{"start":{"line":3,"column":36},"end":{"line":61,"column":1}},"line":3},"1":{"name":"getStaticProps","decl":{"start":{"line":63,"column":22},"end":{"line":63,"column":36}},"loc":{"start":{"line":63,"column":49},"end":{"line":83,"column":1}},"line":63}},"branchMap":{},"s":{"0":1,"1":1,"2":1},"f":{"0":1,"1":1},"b":{},"_coverageSchema":"1a1c01bbd47fc00a2c39e90264f33305004495a9","hash":"6d1d7172dbe8941ac8c580fb52e85ff863650b5b"}
,"/home/runner/work/next-template/next-template/pages/_app.js": {"path":"/home/runner/work/next-template/next-template/pages/_app.js","statementMap":{},"fnMap":{"0":{"name":"MyApp","decl":{"start":{"line":4,"column":9},"end":{"line":4,"column":14}},"loc":{"start":{"line":4,"column":41},"end":{"line":20,"column":1}},"line":4}},"branchMap":{},"s":{},"f":{"0":1},"b":{},"_coverageSchema":"1a1c01bbd47fc00a2c39e90264f33305004495a9","hash":"697e51c0858dc1aa8082067378d7d40c47d0da9d"}
,"/home/runner/work/next-template/next-template/pages/_error.js": {"path":"/home/runner/work/next-template/next-template/pages/_error.js","statementMap":{"0":{"start":{"line":4,"column":2},"end":{"line":62,"column":3}}},"fnMap":{"0":{"name":"CustomError","decl":{"start":{"line":3,"column":9},"end":{"line":3,"column":20}},"loc":{"start":{"line":3,"column":37},"end":{"line":63,"column":1}},"line":3}},"branchMap":{"0":{"loc":{"start":{"line":9,"column":11},"end":{"line":11,"column":43}},"type":"cond-expr","locations":[{"start":{"line":10,"column":14},"end":{"line":10,"column":57}},{"start":{"line":11,"column":14},"end":{"line":11,"column":43}}],"line":9},"1":{"loc":{"start":{"line":37,"column":11},"end":{"line":39,"column":45}},"type":"cond-expr","locations":[{"start":{"line":38,"column":14},"end":{"line":38,"column":36}},{"start":{"line":39,"column":14},"end":{"line":39,"column":45}}],"line":37}},"s":{"0":2},"f":{"0":2},"b":{"0":[1,1],"1":[1,1]},"_coverageSchema":"1a1c01bbd47fc00a2c39e90264f33305004495a9","hash":"b0fdc397a93a86a22877e7071c99855dfdb366e4"}
,"/home/runner/work/next-template/next-template/pages/home.js": {"path":"/home/runner/work/next-template/next-template/pages/home.js","statementMap":{"0":{"start":{"line":13,"column":2},"end":{"line":13,"column":26}},"1":{"start":{"line":14,"column":2},"end":{"line":14,"column":22}},"2":{"start":{"line":15,"column":2},"end":{"line":15,"column":21}},"3":{"start":{"line":16,"column":2},"end":{"line":18,"column":8}},"4":{"start":{"line":17,"column":4},"end":{"line":17,"column":32}},"5":{"start":{"line":20,"column":2},"end":{"line":28,"column":3}},"6":{"start":{"line":32,"column":18},"end":{"line":32,"column":38}},"7":{"start":{"line":38,"column":15},"end":{"line":51,"column":3}},"8":{"start":{"line":53,"column":2},"end":{"line":55,"column":3}},"9":{"start":{"line":58,"column":0},"end":{"line":68,"column":1}}},"fnMap":{"0":{"name":"Home","decl":{"start":{"line":9,"column":24},"end":{"line":9,"column":28}},"loc":{"start":{"line":9,"column":36},"end":{"line":29,"column":1}},"line":9},"1":{"name":"(anonymous_1)","decl":{"start":{"line":16,"column":12},"end":{"line":16,"column":13}},"loc":{"start":{"line":16,"column":18},"end":{"line":18,"column":3}},"line":16},"2":{"name":"getStaticProps","decl":{"start":{"line":31,"column":22},"end":{"line":31,"column":36}},"loc":{"start":{"line":31,"column":49},"end":{"line":56,"column":1}},"line":31}},"branchMap":{},"s":{"0":1,"1":1,"2":1,"3":1,"4":1,"5":1,"6":1,"7":1,"8":1,"9":1},"f":{"0":1,"1":1,"2":1},"b":{},"_coverageSchema":"1a1c01bbd47fc00a2c39e90264f33305004495a9","hash":"2afa33fc52081aeac3a4220a03934328580937f9"}
,"/home/runner/work/next-template/next-template/pages/index.js": {"path":"/home/runner/work/next-template/next-template/pages/index.js","statementMap":{"0":{"start":{"line":5,"column":2},"end":{"line":72,"column":3}},"1":{"start":{"line":75,"column":0},"end":{"line":77,"column":1}},"2":{"start":{"line":76,"column":2},"end":{"line":76,"column":20}},"3":{"start":{"line":83,"column":15},"end":{"line":96,"column":3}},"4":{"start":{"line":98,"column":2},"end":{"line":100,"column":3}}},"fnMap":{"0":{"name":"Index","decl":{"start":{"line":4,"column":24},"end":{"line":4,"column":29}},"loc":{"start":{"line":4,"column":37},"end":{"line":73,"column":1}},"line":4},"1":{"name":"PageLayout","decl":{"start":{"line":75,"column":27},"end":{"line":75,"column":37}},"loc":{"start":{"line":75,"column":44},"end":{"line":77,"column":1}},"line":75},"2":{"name":"getStaticProps","decl":{"start":{"line":79,"column":22},"end":{"line":79,"column":36}},"loc":{"start":{"line":79,"column":49},"end":{"line":101,"column":1}},"line":79}},"branchMap":{},"s":{"0":2,"1":2,"2":1,"3":1,"4":1},"f":{"0":2,"1":1,"2":1},"b":{},"_coverageSchema":"1a1c01bbd47fc00a2c39e90264f33305004495a9","hash":"86ae01ca52cd06930f6169e55de555f39588f37e"}
,"/home/runner/work/next-template/next-template/pages/serverSideExample.js": {"path":"/home/runner/work/next-template/next-template/pages/serverSideExample.js","statementMap":{"0":{"start":{"line":4,"column":26},"end":{"line":4,"column":40}},"1":{"start":{"line":6,"column":2},"end":{"line":12,"column":8}},"2":{"start":{"line":7,"column":4},"end":{"line":11,"column":8}},"3":{"start":{"line":8,"column":21},"end":{"line":8,"column":31}},"4":{"start":{"line":10,"column":8},"end":{"line":10,"column":21}},"5":{"start":{"line":13,"column":2},"end":{"line":57,"column":3}},"6":{"start":{"line":60,"column":15},"end":{"line":73,"column":3}},"7":{"start":{"line":75,"column":2},"end":{"line":83,"column":3}}},"fnMap":{"0":{"name":"ServerSideExample","decl":{"start":{"line":3,"column":24},"end":{"line":3,"column":41}},"loc":{"start":{"line":3,"column":49},"end":{"line":58,"column":1}},"line":3},"1":{"name":"(anonymous_1)","decl":{"start":{"line":6,"column":12},"end":{"line":6,"column":13}},"loc":{"start":{"line":6,"column":18},"end":{"line":12,"column":3}},"line":6},"2":{"name":"(anonymous_2)","decl":{"start":{"line":8,"column":12},"end":{"line":8,"column":13}},"loc":{"start":{"line":8,"column":21},"end":{"line":8,"column":31}},"line":8},"3":{"name":"(anonymous_3)","decl":{"start":{"line":9,"column":12},"end":{"line":9,"column":13}},"loc":{"start":{"line":9,"column":22},"end":{"line":11,"column":7}},"line":9},"4":{"name":"getServerSideProps","decl":{"start":{"line":59,"column":22},"end":{"line":59,"column":40}},"loc":{"start":{"line":59,"column":53},"end":{"line":84,"column":1}},"line":59}},"branchMap":{"0":{"loc":{"start":{"line":22,"column":15},"end":{"line":24,"column":29}},"type":"cond-expr","locations":[{"start":{"line":23,"column":18},"end":{"line":23,"column":53}},{"start":{"line":24,"column":18},"end":{"line":24,"column":29}}],"line":22},"1":{"loc":{"start":{"line":39,"column":15},"end":{"line":39,"column":78}},"type":"cond-expr","locations":[{"start":{"line":39,"column":41},"end":{"line":39,"column":64}},{"start":{"line":39,"column":67},"end":{"line":39,"column":78}}],"line":39},"2":{"loc":{"start":{"line":51,"column":15},"end":{"line":51,"column":46}},"type":"cond-expr","locations":[{"start":{"line":51,"column":22},"end":{"line":51,"column":34}},{"start":{"line":51,"column":37},"end":{"line":51,"column":46}}],"line":51},"3":{"loc":{"start":{"line":80,"column":8},"end":{"line":80,"column":69}},"type":"binary-expr","locations":[{"start":{"line":80,"column":8},"end":{"line":80,"column":43}},{"start":{"line":80,"column":47},"end":{"line":80,"column":69}}],"line":80},"4":{"loc":{"start":{"line":81,"column":18},"end":{"line":81,"column":67}},"type":"binary-expr","locations":[{"start":{"line":81,"column":18},"end":{"line":81,"column":41}},{"start":{"line":81,"column":45},"end":{"line":81,"column":67}}],"line":81}},"s":{"0":0,"1":0,"2":0,"3":0,"4":0,"5":0,"6":0,"7":0},"f":{"0":0,"1":0,"2":0,"3":0,"4":0},"b":{"0":[0,0],"1":[0,0],"2":[0,0],"3":[0,0],"4":[0,0]}}
,"/home/runner/work/next-template/next-template/pages/api/envAPIExample.js": {"path":"/home/runner/work/next-template/next-template/pages/api/envAPIExample.js","statementMap":{},"fnMap":{},"branchMap":{},"s":{},"f":{},"b":{}}
,"/home/runner/work/next-template/next-template/pages/api/metrics.js": {"path":"/home/runner/work/next-template/next-template/pages/api/metrics.js","statementMap":{},"fnMap":{},"branchMap":{},"s":{},"f":{},"b":{}}
}
