<?xml version="1.0" encoding="UTF-8"?>
<coverage generated="1643727653530" clover="3.2.0">
  <project timestamp="1643727653530" name="All files">
    <metrics statements="39" coveredstatements="19" conditionals="40" coveredconditionals="27" methods="19" coveredmethods="9" elements="98" coveredelements="55" complexity="0" loc="39" ncloc="39" packages="3" files="11" classes="11"/>
    <package name="components">
      <metrics statements="15" coveredstatements="11" conditionals="24" coveredconditionals="22" methods="7" coveredmethods="5"/>
      <file name="DateModified.js" path="/home/runner/work/next-template/next-template/components/DateModified.js">
        <metrics statements="3" coveredstatements="3" conditionals="0" coveredconditionals="0" methods="1" coveredmethods="1"/>
        <line num="7" count="4" type="stmt"/>
        <line num="15" count="2" type="stmt"/>
        <line num="20" count="2" type="stmt"/>
      </file>
      <file name="Footer.js" path="/home/runner/work/next-template/next-template/components/Footer.js">
        <metrics statements="4" coveredstatements="4" conditionals="2" coveredconditionals="2" methods="3" coveredmethods="3"/>
        <line num="9" count="2" type="stmt"/>
        <line num="27" count="3" type="stmt"/>
        <line num="53" count="5" type="stmt"/>
        <line num="88" count="1" type="stmt"/>
      </file>
      <file name="Header.js" path="/home/runner/work/next-template/next-template/components/Header.js">
        <metrics statements="5" coveredstatements="4" conditionals="20" coveredconditionals="20" methods="2" coveredmethods="1"/>
        <line num="7" count="3" type="stmt"/>
        <line num="8" count="3" type="stmt"/>
        <line num="10" count="3" type="stmt"/>
        <line num="116" count="0" type="stmt"/>
        <line num="121" count="1" type="stmt"/>
      </file>
      <file name="Layout.js" path="/home/runner/work/next-template/next-template/components/Layout.js">
        <metrics statements="3" coveredstatements="0" conditionals="2" coveredconditionals="0" methods="1" coveredmethods="0"/>
        <line num="10" count="0" type="cond" truecount="0" falsecount="2"/>
        <line num="11" count="0" type="stmt"/>
        <line num="101" count="0" type="stmt"/>
      </file>
    </package>
    <package name="pages">
      <metrics statements="20" coveredstatements="8" conditionals="16" coveredconditionals="5" methods="10" coveredmethods="4"/>
      <file name="404.js" path="/home/runner/work/next-template/next-template/pages/404.js">
        <metrics statements="2" coveredstatements="1" conditionals="0" coveredconditionals="0" methods="2" coveredmethods="1"/>
        <line num="4" count="1" type="stmt"/>
        <line num="58" count="0" type="stmt"/>
      </file>
      <file name="_app.js" path="/home/runner/work/next-template/next-template/pages/_app.js">
        <metrics statements="4" coveredstatements="0" conditionals="4" coveredconditionals="0" methods="1" coveredmethods="0"/>
        <line num="10" count="0" type="cond" truecount="0" falsecount="2"/>
        <line num="12" count="0" type="cond" truecount="0" falsecount="2"/>
        <line num="13" count="0" type="stmt"/>
        <line num="15" count="0" type="stmt"/>
      </file>
      <file name="_error.js" path="/home/runner/work/next-template/next-template/pages/_error.js">
        <metrics statements="4" coveredstatements="2" conditionals="8" coveredconditionals="4" methods="2" coveredmethods="1"/>
        <line num="4" count="2" type="stmt"/>
        <line num="65" count="1" type="stmt"/>
        <line num="66" count="0" type="cond" truecount="0" falsecount="4"/>
        <line num="67" count="0" type="stmt"/>
      </file>
      <file name="home.js" path="/home/runner/work/next-template/next-template/pages/home.js">
        <metrics statements="6" coveredstatements="3" conditionals="4" coveredconditionals="1" methods="2" coveredmethods="1"/>
        <line num="8" count="1" type="cond" truecount="1" falsecount="1"/>
        <line num="9" count="1" type="stmt"/>
        <line num="21" count="0" type="stmt"/>
        <line num="22" count="0" type="cond" truecount="0" falsecount="2"/>
        <line num="23" count="0" type="stmt"/>
        <line num="28" count="1" type="stmt"/>
      </file>
      <file name="index.js" path="/home/runner/work/next-template/next-template/pages/index.js">
        <metrics statements="4" coveredstatements="2" conditionals="0" coveredconditionals="0" methods="3" coveredmethods="1"/>
        <line num="5" count="1" type="stmt"/>
        <line num="86" count="1" type="stmt"/>
        <line num="87" count="0" type="stmt"/>
        <line num="92" count="0" type="stmt"/>
      </file>
    </package>
    <package name="pages.api">
      <metrics statements="4" coveredstatements="0" conditionals="0" coveredconditionals="0" methods="2" coveredmethods="0"/>
      <file name="hello.js" path="/home/runner/work/next-template/next-template/pages/api/hello.js">
        <metrics statements="1" coveredstatements="0" conditionals="0" coveredconditionals="0" methods="1" coveredmethods="0"/>
        <line num="4" count="0" type="stmt"/>
      </file>
      <file name="metrics.js" path="/home/runner/work/next-template/next-template/pages/api/metrics.js">
        <metrics statements="3" coveredstatements="0" conditionals="0" coveredconditionals="0" methods="1" coveredmethods="0"/>
        <line num="3" count="0" type="stmt"/>
        <line num="6" count="0" type="stmt"/>
        <line num="7" count="0" type="stmt"/>
      </file>
    </package>
  </project>
</coverage>
