TN:
SF:components/Footer.js
FN:10,Footer
FN:32,(anonymous_1)
FN:58,(anonymous_2)
FNF:3
FNH:3
FNDA:2,Footer
FNDA:3,(anonymous_1)
FNDA:5,(anonymous_2)
DA:11,2
DA:13,2
DA:33,3
DA:59,5
DA:94,1
LF:5
LH:5
BRDA:11,0,0,0
BRDA:11,0,1,2
BRDA:63,1,0,2
BRDA:63,1,1,3
BRF:4
BRH:3
end_of_record
TN:
SF:components/Header.js
FN:9,Header
FN:119,getStaticProps
FNF:2
FNH:1
FNDA:3,Header
FNDA:0,getStaticProps
DA:10,3
DA:11,3
DA:12,3
DA:14,3
DA:120,0
DA:125,1
LF:6
LH:5
BRDA:10,0,0,0
BRDA:10,0,1,3
BRDA:38,1,0,2
BRDA:38,1,1,1
BRDA:43,2,0,2
BRDA:43,2,1,1
BRDA:53,3,0,3
BRDA:53,3,1,3
BRDA:54,4,0,2
BRDA:54,4,1,1
BRDA:59,5,0,2
BRDA:59,5,1,1
BRDA:61,6,0,2
BRDA:61,6,1,1
BRDA:70,7,0,3
BRDA:70,7,1,3
BRDA:71,8,0,2
BRDA:71,8,1,1
BRDA:77,9,0,2
BRDA:77,9,1,1
BRDA:79,10,0,2
BRDA:79,10,1,1
BRF:22
BRH:21
end_of_record
TN:
SF:components/Layout.js
FN:9,Layout
FNF:1
FNH:0
FNDA:0,Layout
DA:10,0
DA:11,0
DA:101,0
LF:3
LH:0
BRDA:10,0,0,0
BRDA:10,0,1,0
BRF:2
BRH:0
end_of_record
TN:
SF:pages/404.js
FN:3,Custom404
FN:57,getStaticProps
FNF:2
FNH:1
FNDA:1,Custom404
FNDA:0,getStaticProps
DA:4,1
DA:58,0
LF:2
LH:1
BRF:0
BRH:0
end_of_record
TN:
SF:pages/_app.js
FN:9,MyApp
FNF:1
FNH:0
FNDA:0,MyApp
DA:10,0
DA:12,0
DA:13,0
DA:15,0
LF:4
LH:0
BRDA:10,0,0,0
BRDA:10,0,1,0
BRDA:12,1,0,0
BRDA:12,1,1,0
BRF:4
BRH:0
end_of_record
TN:
SF:pages/_error.js
FN:3,CustomError
FN:65,(anonymous_1)
FNF:2
FNH:1
FNDA:2,CustomError
FNDA:0,(anonymous_1)
DA:4,2
DA:65,1
DA:66,0
DA:67,0
LF:4
LH:2
BRDA:9,0,0,1
BRDA:9,0,1,1
BRDA:37,1,0,1
BRDA:37,1,1,1
BRDA:66,2,0,0
BRDA:66,2,1,0
BRDA:66,3,0,0
BRDA:66,3,1,0
BRF:8
BRH:4
end_of_record
TN:
SF:pages/home.js
FN:7,Home
FN:17,getStaticProps
FNF:2
FNH:1
FNDA:1,Home
FNDA:0,getStaticProps
DA:8,1
DA:9,1
DA:18,0
DA:19,0
DA:20,0
DA:25,1
LF:6
LH:3
BRDA:8,0,0,1
BRDA:8,0,1,0
BRDA:19,1,0,0
BRDA:19,1,1,0
BRF:4
BRH:1
end_of_record
TN:
SF:pages/index.js
FN:4,Index
FN:86,PageLayout
FN:90,getStaticProps
FNF:3
FNH:1
FNDA:1,Index
FNDA:0,PageLayout
FNDA:0,getStaticProps
DA:5,1
DA:86,1
DA:87,0
DA:92,0
LF:4
LH:2
BRF:0
BRH:0
end_of_record
TN:
SF:pages/api/hello.js
FN:3,handler
FNF:1
FNH:0
FNDA:0,handler
DA:4,0
LF:1
LH:0
BRF:0
BRH:0
end_of_record
TN:
SF:pages/api/metrics.js
FN:5,handler
FNF:1
FNH:0
FNDA:0,handler
DA:3,0
DA:6,0
DA:7,0
LF:3
LH:0
BRF:0
BRH:0
end_of_record
