<?xml version="1.0" encoding="UTF-8"?>
<coverage generated="1689708279370" clover="3.2.0">
  <project timestamp="1689708279370" name="All files">
    <metrics statements="54" coveredstatements="50" conditionals="45" coveredconditionals="41" methods="22" coveredmethods="20" elements="121" coveredelements="111" complexity="0" loc="54" ncloc="54" packages="4" files="14" classes="14"/>
    <package name="components">
      <metrics statements="16" coveredstatements="16" conditionals="28" coveredconditionals="27" methods="7" coveredmethods="7"/>
      <file name="DateModified.tsx" path="/home/runner/work/next-template/next-template/src/components/DateModified.tsx">
        <metrics statements="3" coveredstatements="3" conditionals="0" coveredconditionals="0" methods="1" coveredmethods="1"/>
        <line num="14" count="4" type="stmt"/>
        <line num="15" count="12" type="stmt"/>
        <line num="25" count="4" type="stmt"/>
      </file>
      <file name="Footer.tsx" path="/home/runner/work/next-template/next-template/src/components/Footer.tsx">
        <metrics statements="4" coveredstatements="4" conditionals="2" coveredconditionals="2" methods="3" coveredmethods="3"/>
        <line num="26" count="3" type="stmt"/>
        <line num="27" count="10" type="stmt"/>
        <line num="44" count="75" type="stmt"/>
        <line num="70" count="45" type="stmt"/>
      </file>
      <file name="Header.tsx" path="/home/runner/work/next-template/next-template/src/components/Header.tsx">
        <metrics statements="2" coveredstatements="2" conditionals="20" coveredconditionals="20" methods="1" coveredmethods="1"/>
        <line num="17" count="3" type="stmt"/>
        <line num="18" count="13" type="stmt"/>
      </file>
      <file name="Layout.tsx" path="/home/runner/work/next-template/next-template/src/components/Layout.tsx">
        <metrics statements="4" coveredstatements="4" conditionals="4" coveredconditionals="3" methods="1" coveredmethods="1"/>
        <line num="30" count="2" type="stmt"/>
        <line num="31" count="9" type="cond" truecount="2" falsecount="0"/>
        <line num="33" count="8" type="stmt"/>
        <line num="118" count="2" type="stmt"/>
      </file>
      <file name="MetaData.tsx" path="/home/runner/work/next-template/next-template/src/components/MetaData.tsx">
        <metrics statements="3" coveredstatements="3" conditionals="2" coveredconditionals="2" methods="1" coveredmethods="1"/>
        <line num="22" count="3" type="stmt"/>
        <line num="23" count="10" type="cond" truecount="2" falsecount="0"/>
        <line num="25" count="10" type="stmt"/>
      </file>
    </package>
    <package name="lib">
      <metrics statements="18" coveredstatements="16" conditionals="13" coveredconditionals="10" methods="4" coveredmethods="4"/>
      <file name="cms.ts" path="/home/runner/work/next-template/next-template/src/lib/cms.ts">
        <metrics statements="4" coveredstatements="4" conditionals="2" coveredconditionals="1" methods="2" coveredmethods="2"/>
        <line num="2" count="1" type="stmt"/>
        <line num="3" count="1" type="cond" truecount="1" falsecount="1"/>
        <line num="7" count="1" type="stmt"/>
        <line num="10" count="1" type="stmt"/>
      </file>
      <file name="logger.ts" path="/home/runner/work/next-template/next-template/src/lib/logger.ts">
        <metrics statements="14" coveredstatements="12" conditionals="11" coveredconditionals="9" methods="2" coveredmethods="2"/>
        <line num="1" count="1" type="stmt"/>
        <line num="2" count="1" type="stmt"/>
        <line num="3" count="1" type="stmt"/>
        <line num="4" count="4" type="cond" truecount="5" falsecount="0"/>
        <line num="6" count="1" type="stmt"/>
        <line num="11" count="1" type="stmt"/>
        <line num="13" count="1" type="stmt"/>
        <line num="18" count="1" type="stmt"/>
        <line num="20" count="1" type="cond" truecount="3" falsecount="1"/>
        <line num="21" count="0" type="stmt"/>
        <line num="23" count="1" type="stmt"/>
        <line num="26" count="1" type="cond" truecount="1" falsecount="1"/>
        <line num="27" count="0" type="stmt"/>
        <line num="32" count="1" type="stmt"/>
      </file>
    </package>
    <package name="pages">
      <metrics statements="19" coveredstatements="18" conditionals="4" coveredconditionals="4" methods="10" coveredmethods="9"/>
      <file name="404.tsx" path="/home/runner/work/next-template/next-template/src/pages/404.tsx">
        <metrics statements="3" coveredstatements="3" conditionals="0" coveredconditionals="0" methods="2" coveredmethods="2"/>
        <line num="5" count="1" type="stmt"/>
        <line num="66" count="1" type="stmt"/>
        <line num="81" count="1" type="stmt"/>
      </file>
      <file name="_app.tsx" path="/home/runner/work/next-template/next-template/src/pages/_app.tsx">
        <metrics statements="1" coveredstatements="1" conditionals="0" coveredconditionals="0" methods="1" coveredmethods="1"/>
        <line num="7" count="1" type="stmt"/>
      </file>
      <file name="_error.tsx" path="/home/runner/work/next-template/next-template/src/pages/_error.tsx">
        <metrics statements="1" coveredstatements="1" conditionals="4" coveredconditionals="4" methods="1" coveredmethods="1"/>
        <line num="5" count="2" type="stmt"/>
      </file>
      <file name="home.tsx" path="/home/runner/work/next-template/next-template/src/pages/home.tsx">
        <metrics statements="9" coveredstatements="9" conditionals="0" coveredconditionals="0" methods="3" coveredmethods="3"/>
        <line num="20" count="1" type="stmt"/>
        <line num="21" count="1" type="stmt"/>
        <line num="22" count="1" type="stmt"/>
        <line num="23" count="1" type="stmt"/>
        <line num="24" count="1" type="stmt"/>
        <line num="27" count="1" type="stmt"/>
        <line num="39" count="1" type="stmt"/>
        <line num="45" count="1" type="stmt"/>
        <line num="60" count="1" type="stmt"/>
      </file>
      <file name="index.tsx" path="/home/runner/work/next-template/next-template/src/pages/index.tsx">
        <metrics statements="5" coveredstatements="4" conditionals="0" coveredconditionals="0" methods="3" coveredmethods="2"/>
        <line num="25" count="2" type="stmt"/>
        <line num="99" count="2" type="stmt"/>
        <line num="100" count="0" type="stmt"/>
        <line num="105" count="1" type="stmt"/>
        <line num="120" count="1" type="stmt"/>
      </file>
    </package>
    <package name="pages.api">
      <metrics statements="1" coveredstatements="0" conditionals="0" coveredconditionals="0" methods="1" coveredmethods="0"/>
      <file name="envAPIExample.ts" path="/home/runner/work/next-template/next-template/src/pages/api/envAPIExample.ts">
        <metrics statements="1" coveredstatements="0" conditionals="0" coveredconditionals="0" methods="1" coveredmethods="0"/>
        <line num="4" count="0" type="stmt"/>
      </file>
      <file name="metrics.ts" path="/home/runner/work/next-template/next-template/src/pages/api/metrics.ts">
        <metrics statements="0" coveredstatements="0" conditionals="0" coveredconditionals="0" methods="0" coveredmethods="0"/>
      </file>
    </package>
  </project>
</coverage>
