{"/home/runner/work/next-template/next-template/src/components/DateModified.tsx": {"path":"/home/runner/work/next-template/next-template/src/components/DateModified.tsx","statementMap":{"0":{"start":{"line":14,"column":50},"end":{"line":23,"column":1}},"1":{"start":{"line":15,"column":2},"end":{"line":22,"column":3}},"2":{"start":{"line":25,"column":0},"end":{"line":28,"column":1}}},"fnMap":{"0":{"name":"(anonymous_0)","decl":{"start":{"line":14,"column":50},"end":{"line":14,"column":51}},"loc":{"start":{"line":14,"column":68},"end":{"line":23,"column":1}},"line":14}},"branchMap":{},"s":{"0":4,"1":12,"2":4},"f":{"0":12},"b":{},"_coverageSchema":"1a1c01bbd47fc00a2c39e90264f33305004495a9","hash":"2d0c3b9a35e2403bd4187dd5a467fac3baccaa54"}
,"/home/runner/work/next-template/next-template/src/components/Footer.tsx": {"path":"/home/runner/work/next-template/next-template/src/components/Footer.tsx","statementMap":{"0":{"start":{"line":26,"column":38},"end":{"line":103,"column":1}},"1":{"start":{"line":27,"column":2},"end":{"line":102,"column":3}},"2":{"start":{"line":44,"column":16},"end":{"line":53,"column":17}},"3":{"start":{"line":70,"column":18},"end":{"line":87,"column":19}}},"fnMap":{"0":{"name":"(anonymous_0)","decl":{"start":{"line":26,"column":38},"end":{"line":26,"column":39}},"loc":{"start":{"line":26,"column":49},"end":{"line":103,"column":1}},"line":26},"1":{"name":"(anonymous_1)","decl":{"start":{"line":43,"column":40},"end":{"line":43,"column":41}},"loc":{"start":{"line":43,"column":58},"end":{"line":54,"column":15}},"line":43},"2":{"name":"(anonymous_2)","decl":{"start":{"line":69,"column":33},"end":{"line":69,"column":34}},"loc":{"start":{"line":69,"column":51},"end":{"line":88,"column":17}},"line":69}},"branchMap":{"0":{"loc":{"start":{"line":74,"column":24},"end":{"line":76,"column":79}},"type":"cond-expr","locations":[{"start":{"line":75,"column":28},"end":{"line":75,"column":92}},{"start":{"line":76,"column":28},"end":{"line":76,"column":79}}],"line":74}},"s":{"0":3,"1":10,"2":75,"3":45},"f":{"0":10,"1":75,"2":45},"b":{"0":[10,35]},"_coverageSchema":"1a1c01bbd47fc00a2c39e90264f33305004495a9","hash":"71c16ec7d477747232e8d68ebc871efdca7a63ae"}
,"/home/runner/work/next-template/next-template/src/components/Header.tsx": {"path":"/home/runner/work/next-template/next-template/src/components/Header.tsx","statementMap":{"0":{"start":{"line":17,"column":38},"end":{"line":114,"column":1}},"1":{"start":{"line":18,"column":2},"end":{"line":113,"column":3}}},"fnMap":{"0":{"name":"(anonymous_0)","decl":{"start":{"line":17,"column":38},"end":{"line":17,"column":39}},"loc":{"start":{"line":17,"column":49},"end":{"line":114,"column":1}},"line":17}},"branchMap":{"0":{"loc":{"start":{"line":42,"column":18},"end":{"line":44,"column":46}},"type":"cond-expr","locations":[{"start":{"line":43,"column":22},"end":{"line":43,"column":46}},{"start":{"line":44,"column":22},"end":{"line":44,"column":46}}],"line":42},"1":{"loc":{"start":{"line":47,"column":18},"end":{"line":49,"column":46}},"type":"cond-expr","locations":[{"start":{"line":48,"column":22},"end":{"line":48,"column":44}},{"start":{"line":49,"column":22},"end":{"line":49,"column":46}}],"line":47},"2":{"loc":{"start":{"line":57,"column":20},"end":{"line":57,"column":47}},"type":"binary-expr","locations":[{"start":{"line":57,"column":20},"end":{"line":57,"column":40}},{"start":{"line":57,"column":44},"end":{"line":57,"column":47}}],"line":57},"3":{"loc":{"start":{"line":58,"column":22},"end":{"line":58,"column":59}},"type":"cond-expr","locations":[{"start":{"line":58,"column":48},"end":{"line":58,"column":52}},{"start":{"line":58,"column":55},"end":{"line":58,"column":59}}],"line":58},"4":{"loc":{"start":{"line":60,"column":20},"end":{"line":60,"column":57}},"type":"cond-expr","locations":[{"start":{"line":60,"column":46},"end":{"line":60,"column":50}},{"start":{"line":60,"column":53},"end":{"line":60,"column":57}}],"line":60},"5":{"loc":{"start":{"line":62,"column":15},"end":{"line":62,"column":52}},"type":"cond-expr","locations":[{"start":{"line":62,"column":41},"end":{"line":62,"column":45}},{"start":{"line":62,"column":48},"end":{"line":62,"column":52}}],"line":62},"6":{"loc":{"start":{"line":70,"column":20},"end":{"line":70,"column":47}},"type":"binary-expr","locations":[{"start":{"line":70,"column":20},"end":{"line":70,"column":40}},{"start":{"line":70,"column":44},"end":{"line":70,"column":47}}],"line":70},"7":{"loc":{"start":{"line":71,"column":22},"end":{"line":71,"column":59}},"type":"cond-expr","locations":[{"start":{"line":71,"column":48},"end":{"line":71,"column":52}},{"start":{"line":71,"column":55},"end":{"line":71,"column":59}}],"line":71},"8":{"loc":{"start":{"line":74,"column":20},"end":{"line":74,"column":57}},"type":"cond-expr","locations":[{"start":{"line":74,"column":46},"end":{"line":74,"column":50}},{"start":{"line":74,"column":53},"end":{"line":74,"column":57}}],"line":74},"9":{"loc":{"start":{"line":76,"column":15},"end":{"line":76,"column":63}},"type":"cond-expr","locations":[{"start":{"line":76,"column":41},"end":{"line":76,"column":51}},{"start":{"line":76,"column":54},"end":{"line":76,"column":63}}],"line":76}},"s":{"0":3,"1":13},"f":{"0":13},"b":{"0":[9,2],"1":[9,2],"2":[11,11],"3":[9,2],"4":[9,2],"5":[9,2],"6":[11,11],"7":[9,2],"8":[9,2],"9":[9,2]},"_coverageSchema":"1a1c01bbd47fc00a2c39e90264f33305004495a9","hash":"ffc6cfe98d0cc34f1394ded81825ef4bd47c9ce7"}
,"/home/runner/work/next-template/next-template/src/components/Layout.tsx": {"path":"/home/runner/work/next-template/next-template/src/components/Layout.tsx","statementMap":{"0":{"start":{"line":30,"column":38},"end":{"line":116,"column":1}},"1":{"start":{"line":31,"column":12},"end":{"line":31,"column":43}},"2":{"start":{"line":33,"column":2},"end":{"line":115,"column":3}},"3":{"start":{"line":118,"column":0},"end":{"line":120,"column":1}}},"fnMap":{"0":{"name":"(anonymous_0)","decl":{"start":{"line":30,"column":38},"end":{"line":30,"column":39}},"loc":{"start":{"line":30,"column":49},"end":{"line":116,"column":1}},"line":30}},"branchMap":{"0":{"loc":{"start":{"line":31,"column":12},"end":{"line":31,"column":43}},"type":"cond-expr","locations":[{"start":{"line":31,"column":36},"end":{"line":31,"column":38}},{"start":{"line":31,"column":41},"end":{"line":31,"column":43}}],"line":31},"1":{"loc":{"start":{"line":35,"column":26},"end":{"line":35,"column":46}},"type":"binary-expr","locations":[{"start":{"line":35,"column":26},"end":{"line":35,"column":38}},{"start":{"line":35,"column":42},"end":{"line":35,"column":46}}],"line":35},"2":{"loc":{"start":{"line":38,"column":18},"end":{"line":38,"column":38}},"type":"binary-expr","locations":[{"start":{"line":38,"column":18},"end":{"line":38,"column":30}},{"start":{"line":38,"column":34},"end":{"line":38,"column":38}}],"line":38}},"s":{"0":2,"1":9,"2":8,"3":2},"f":{"0":9},"b":{"0":[7,1],"1":[8,0],"2":[8,0]},"_coverageSchema":"1a1c01bbd47fc00a2c39e90264f33305004495a9","hash":"dab9964ef42bf94741b2f8f1a81bdee449b41a83"}
,"/home/runner/work/next-template/next-template/src/components/MetaData.tsx": {"path":"/home/runner/work/next-template/next-template/src/components/MetaData.tsx","statementMap":{"0":{"start":{"line":22,"column":42},"end":{"line":38,"column":1}},"1":{"start":{"line":23,"column":12},"end":{"line":23,"column":77}},"2":{"start":{"line":25,"column":2},"end":{"line":37,"column":3}}},"fnMap":{"0":{"name":"(anonymous_0)","decl":{"start":{"line":22,"column":42},"end":{"line":22,"column":43}},"loc":{"start":{"line":22,"column":53},"end":{"line":38,"column":1}},"line":22}},"branchMap":{"0":{"loc":{"start":{"line":23,"column":12},"end":{"line":23,"column":77}},"type":"cond-expr","locations":[{"start":{"line":23,"column":38},"end":{"line":23,"column":56}},{"start":{"line":23,"column":59},"end":{"line":23,"column":77}}],"line":23}},"s":{"0":3,"1":10,"2":10},"f":{"0":10},"b":{"0":[9,1]},"_coverageSchema":"1a1c01bbd47fc00a2c39e90264f33305004495a9","hash":"2eb49f78b791c2041bccde79c74b58c9a480ee91"}
,"/home/runner/work/next-template/next-template/src/lib/cms.ts": {"path":"/home/runner/work/next-template/next-template/src/lib/cms.ts","statementMap":{"0":{"start":{"line":2,"column":14},"end":{"line":2,"column":23}},"1":{"start":{"line":3,"column":2},"end":{"line":3,"column":38}},"2":{"start":{"line":7,"column":2},"end":{"line":9,"column":3}},"3":{"start":{"line":10,"column":2},"end":{"line":10,"column":71}}},"fnMap":{"0":{"name":"fetchContent","decl":{"start":{"line":1,"column":22},"end":{"line":1,"column":34}},"loc":{"start":{"line":1,"column":37},"end":{"line":4,"column":1}},"line":1},"1":{"name":"exampleResponse","decl":{"start":{"line":6,"column":15},"end":{"line":6,"column":30}},"loc":{"start":{"line":6,"column":33},"end":{"line":11,"column":1}},"line":6}},"branchMap":{"0":{"loc":{"start":{"line":3,"column":9},"end":{"line":3,"column":38}},"type":"cond-expr","locations":[{"start":{"line":3,"column":15},"end":{"line":3,"column":18}},{"start":{"line":3,"column":21},"end":{"line":3,"column":38}}],"line":3}},"s":{"0":1,"1":1,"2":1,"3":1},"f":{"0":1,"1":1},"b":{"0":[0,1]},"_coverageSchema":"1a1c01bbd47fc00a2c39e90264f33305004495a9","hash":"7584c30fa17c9154c3308795370cd779b7b95f27"}
,"/home/runner/work/next-template/next-template/src/pages/404.tsx": {"path":"/home/runner/work/next-template/next-template/src/pages/404.tsx","statementMap":{"0":{"start":{"line":6,"column":2},"end":{"line":62,"column":3}},"1":{"start":{"line":65,"column":46},"end":{"line":85,"column":1}},"2":{"start":{"line":67,"column":15},"end":{"line":80,"column":3}},"3":{"start":{"line":82,"column":2},"end":{"line":84,"column":3}}},"fnMap":{"0":{"name":"Custom404","decl":{"start":{"line":5,"column":24},"end":{"line":5,"column":33}},"loc":{"start":{"line":5,"column":36},"end":{"line":63,"column":1}},"line":5},"1":{"name":"(anonymous_1)","decl":{"start":{"line":65,"column":46},"end":{"line":65,"column":47}},"loc":{"start":{"line":65,"column":68},"end":{"line":85,"column":1}},"line":65}},"branchMap":{},"s":{"0":1,"1":1,"2":1,"3":1},"f":{"0":1,"1":1},"b":{},"_coverageSchema":"1a1c01bbd47fc00a2c39e90264f33305004495a9","hash":"fee14fd4f60ac7e8d4c2238acef47099a3ede44b"}
,"/home/runner/work/next-template/next-template/src/pages/_app.tsx": {"path":"/home/runner/work/next-template/next-template/src/pages/_app.tsx","statementMap":{"0":{"start":{"line":7,"column":2},"end":{"line":15,"column":3}}},"fnMap":{"0":{"name":"MyApp","decl":{"start":{"line":6,"column":9},"end":{"line":6,"column":14}},"loc":{"start":{"line":6,"column":51},"end":{"line":16,"column":1}},"line":6}},"branchMap":{},"s":{"0":1},"f":{"0":1},"b":{},"_coverageSchema":"1a1c01bbd47fc00a2c39e90264f33305004495a9","hash":"fb8375d831148464d73924f65f5a30fb06101ca0"}
,"/home/runner/work/next-template/next-template/src/pages/_error.tsx": {"path":"/home/runner/work/next-template/next-template/src/pages/_error.tsx","statementMap":{"0":{"start":{"line":9,"column":42},"end":{"line":69,"column":1}},"1":{"start":{"line":10,"column":2},"end":{"line":68,"column":3}},"2":{"start":{"line":71,"column":0},"end":{"line":74,"column":1}},"3":{"start":{"line":72,"column":21},"end":{"line":72,"column":70}},"4":{"start":{"line":73,"column":2},"end":{"line":73,"column":23}}},"fnMap":{"0":{"name":"(anonymous_0)","decl":{"start":{"line":9,"column":42},"end":{"line":9,"column":43}},"loc":{"start":{"line":9,"column":62},"end":{"line":69,"column":1}},"line":9},"1":{"name":"(anonymous_1)","decl":{"start":{"line":71,"column":30},"end":{"line":71,"column":31}},"loc":{"start":{"line":71,"column":65},"end":{"line":74,"column":1}},"line":71}},"branchMap":{"0":{"loc":{"start":{"line":15,"column":11},"end":{"line":17,"column":43}},"type":"cond-expr","locations":[{"start":{"line":16,"column":14},"end":{"line":16,"column":57}},{"start":{"line":17,"column":14},"end":{"line":17,"column":43}}],"line":15},"1":{"loc":{"start":{"line":43,"column":11},"end":{"line":45,"column":45}},"type":"cond-expr","locations":[{"start":{"line":44,"column":14},"end":{"line":44,"column":36}},{"start":{"line":45,"column":14},"end":{"line":45,"column":45}}],"line":43},"2":{"loc":{"start":{"line":72,"column":21},"end":{"line":72,"column":70}},"type":"cond-expr","locations":[{"start":{"line":72,"column":27},"end":{"line":72,"column":41}},{"start":{"line":72,"column":44},"end":{"line":72,"column":70}}],"line":72},"3":{"loc":{"start":{"line":72,"column":44},"end":{"line":72,"column":70}},"type":"cond-expr","locations":[{"start":{"line":72,"column":50},"end":{"line":72,"column":64}},{"start":{"line":72,"column":67},"end":{"line":72,"column":70}}],"line":72}},"s":{"0":1,"1":2,"2":1,"3":0,"4":0},"f":{"0":2,"1":0},"b":{"0":[1,1],"1":[1,1],"2":[0,0],"3":[0,0]},"_coverageSchema":"1a1c01bbd47fc00a2c39e90264f33305004495a9","hash":"a4bbdf3a37beb1984f5b9117960bd496411f127d"}
,"/home/runner/work/next-template/next-template/src/pages/home.tsx": {"path":"/home/runner/work/next-template/next-template/src/pages/home.tsx","statementMap":{"0":{"start":{"line":14,"column":2},"end":{"line":22,"column":3}},"1":{"start":{"line":25,"column":46},"end":{"line":50,"column":1}},"2":{"start":{"line":26,"column":18},"end":{"line":26,"column":38}},"3":{"start":{"line":32,"column":15},"end":{"line":45,"column":3}},"4":{"start":{"line":47,"column":2},"end":{"line":49,"column":3}}},"fnMap":{"0":{"name":"Home","decl":{"start":{"line":13,"column":24},"end":{"line":13,"column":28}},"loc":{"start":{"line":13,"column":47},"end":{"line":23,"column":1}},"line":13},"1":{"name":"(anonymous_1)","decl":{"start":{"line":25,"column":46},"end":{"line":25,"column":47}},"loc":{"start":{"line":25,"column":68},"end":{"line":50,"column":1}},"line":25}},"branchMap":{},"s":{"0":1,"1":1,"2":1,"3":1,"4":1},"f":{"0":1,"1":1},"b":{},"_coverageSchema":"1a1c01bbd47fc00a2c39e90264f33305004495a9","hash":"e80bbca01341a27ca8410d8e8990dac25f547ca4"}
,"/home/runner/work/next-template/next-template/src/pages/index.tsx": {"path":"/home/runner/work/next-template/next-template/src/pages/index.tsx","statementMap":{"0":{"start":{"line":26,"column":2},"end":{"line":97,"column":3}},"1":{"start":{"line":100,"column":0},"end":{"line":102,"column":1}},"2":{"start":{"line":101,"column":2},"end":{"line":101,"column":20}},"3":{"start":{"line":104,"column":46},"end":{"line":124,"column":1}},"4":{"start":{"line":106,"column":15},"end":{"line":119,"column":3}},"5":{"start":{"line":121,"column":2},"end":{"line":123,"column":3}}},"fnMap":{"0":{"name":"Index","decl":{"start":{"line":25,"column":24},"end":{"line":25,"column":29}},"loc":{"start":{"line":25,"column":49},"end":{"line":98,"column":1}},"line":25},"1":{"name":"PageLayout","decl":{"start":{"line":100,"column":27},"end":{"line":100,"column":37}},"loc":{"start":{"line":100,"column":54},"end":{"line":102,"column":1}},"line":100},"2":{"name":"(anonymous_2)","decl":{"start":{"line":104,"column":46},"end":{"line":104,"column":47}},"loc":{"start":{"line":104,"column":68},"end":{"line":124,"column":1}},"line":104}},"branchMap":{},"s":{"0":2,"1":2,"2":0,"3":2,"4":1,"5":1},"f":{"0":2,"1":0,"2":1},"b":{},"_coverageSchema":"1a1c01bbd47fc00a2c39e90264f33305004495a9","hash":"8efb56db6cc949ab7b1be627bf8ab894d9da6c92"}
,"/home/runner/work/next-template/next-template/src/pages/api/envAPIExample.ts": {"path":"/home/runner/work/next-template/next-template/src/pages/api/envAPIExample.ts","statementMap":{"0":{"start":{"line":4,"column":2},"end":{"line":4,"column":59}}},"fnMap":{"0":{"name":"handler","decl":{"start":{"line":3,"column":24},"end":{"line":3,"column":31}},"loc":{"start":{"line":3,"column":75},"end":{"line":5,"column":1}},"line":3}},"branchMap":{},"s":{"0":0},"f":{"0":0},"b":{}}
,"/home/runner/work/next-template/next-template/src/pages/api/metrics.ts": {"path":"/home/runner/work/next-template/next-template/src/pages/api/metrics.ts","statementMap":{},"fnMap":{},"branchMap":{},"s":{},"f":{},"b":{}}
}
