TN:
SF:src/components/DateModified.tsx
FN:14,(anonymous_0)
FNF:1
FNH:1
FNDA:12,(anonymous_0)
DA:14,4
DA:15,12
DA:25,4
LF:3
LH:3
BRF:0
BRH:0
end_of_record
TN:
SF:src/components/Footer.tsx
FN:26,(anonymous_0)
FN:43,(anonymous_1)
FN:69,(anonymous_2)
FNF:3
FNH:3
FNDA:10,(anonymous_0)
FNDA:75,(anonymous_1)
FNDA:45,(anonymous_2)
DA:26,3
DA:27,10
DA:44,75
DA:70,45
LF:4
LH:4
BRDA:74,0,0,10
BRDA:74,0,1,35
BRF:2
BRH:2
end_of_record
TN:
SF:src/components/Header.tsx
FN:17,(anonymous_0)
FNF:1
FNH:1
FNDA:13,(anonymous_0)
DA:17,3
DA:18,13
LF:2
LH:2
BRDA:42,0,0,9
BRDA:42,0,1,2
BRDA:47,1,0,9
BRDA:47,1,1,2
BRDA:57,2,0,11
BRDA:57,2,1,11
BRDA:58,3,0,9
BRDA:58,3,1,2
BRDA:60,4,0,9
BRDA:60,4,1,2
BRDA:62,5,0,9
BRDA:62,5,1,2
BRDA:70,6,0,11
BRDA:70,6,1,11
BRDA:71,7,0,9
BRDA:71,7,1,2
BRDA:74,8,0,9
BRDA:74,8,1,2
BRDA:76,9,0,9
BRDA:76,9,1,2
BRF:20
BRH:20
end_of_record
TN:
SF:src/components/Layout.tsx
FN:30,(anonymous_0)
FNF:1
FNH:1
FNDA:9,(anonymous_0)
DA:30,2
DA:31,9
DA:33,8
DA:118,2
LF:4
LH:4
BRDA:31,0,0,7
BRDA:31,0,1,1
BRDA:35,1,0,8
BRDA:35,1,1,0
BRDA:38,2,0,8
BRDA:38,2,1,0
BRF:6
BRH:4
end_of_record
TN:
SF:src/components/MetaData.tsx
FN:22,(anonymous_0)
FNF:1
FNH:1
FNDA:10,(anonymous_0)
DA:22,3
DA:23,10
DA:25,10
LF:3
LH:3
BRDA:23,0,0,9
BRDA:23,0,1,1
BRF:2
BRH:2
end_of_record
TN:
SF:src/lib/cms.ts
FN:1,fetchContent
FN:6,exampleResponse
FNF:2
FNH:2
FNDA:1,fetchContent
FNDA:1,exampleResponse
DA:2,1
DA:3,1
DA:7,1
DA:10,1
LF:4
LH:4
BRDA:3,0,0,0
BRDA:3,0,1,1
BRF:2
BRH:1
end_of_record
TN:
SF:src/lib/logger.ts
FN:1,(anonymous_0)
FN:3,(anonymous_1)
FNF:2
FNH:2
FNDA:1,(anonymous_0)
FNDA:4,(anonymous_1)
DA:1,1
DA:2,1
DA:3,1
DA:4,4
DA:6,1
DA:11,1
DA:13,1
DA:18,1
DA:20,1
DA:21,0
DA:23,1
DA:26,1
DA:27,0
DA:32,1
LF:14
LH:12
BRDA:4,0,0,1
BRDA:4,0,1,1
BRDA:4,0,2,1
BRDA:4,0,3,1
BRDA:4,0,4,1
BRDA:20,1,0,0
BRDA:20,1,1,1
BRDA:20,2,0,1
BRDA:20,2,1,1
BRDA:26,3,0,0
BRDA:26,3,1,1
BRF:11
BRH:9
end_of_record
TN:
SF:src/pages/404.tsx
FN:4,Custom404
FN:64,getStaticProps
FNF:2
FNH:2
FNDA:1,Custom404
FNDA:1,getStaticProps
DA:5,1
DA:66,1
DA:81,1
LF:3
LH:3
BRF:0
BRH:0
end_of_record
TN:
SF:src/pages/_app.tsx
FN:6,MyApp
FNF:1
FNH:1
FNDA:1,MyApp
DA:7,1
LF:1
LH:1
BRF:0
BRH:0
end_of_record
TN:
SF:src/pages/_error.tsx
FN:4,CustomError
FNF:1
FNH:1
FNDA:2,CustomError
DA:5,2
LF:1
LH:1
BRDA:10,0,0,1
BRDA:10,0,1,1
BRDA:38,1,0,1
BRDA:38,1,1,1
BRF:4
BRH:4
end_of_record
TN:
SF:src/pages/home.tsx
FN:16,Home
FN:23,(anonymous_1)
FN:38,getStaticProps
FNF:3
FNH:3
FNDA:1,Home
FNDA:1,(anonymous_1)
FNDA:1,getStaticProps
DA:20,1
DA:21,1
DA:22,1
DA:23,1
DA:24,1
DA:27,1
DA:39,1
DA:45,1
DA:60,1
LF:9
LH:9
BRF:0
BRH:0
end_of_record
TN:
SF:src/pages/index.tsx
FN:24,Index
FN:99,PageLayout
FN:103,getStaticProps
FNF:3
FNH:2
FNDA:2,Index
FNDA:0,PageLayout
FNDA:1,getStaticProps
DA:25,2
DA:99,2
DA:100,0
DA:105,1
DA:120,1
LF:5
LH:4
BRF:0
BRH:0
end_of_record
TN:
SF:src/pages/api/envAPIExample.ts
FN:3,handler
FNF:1
FNH:0
FNDA:0,handler
DA:4,0
LF:1
LH:0
BRF:0
BRH:0
end_of_record
TN:
SF:src/pages/api/metrics.ts
FNF:0
FNH:0
LF:0
LH:0
BRF:0
BRH:0
end_of_record
