TN:
SF:components/DateModified.js
FN:6,DateModified
FNF:1
FNH:1
FNDA:4,DateModified
DA:7,4
DA:15,2
DA:20,2
LF:3
LH:3
BRF:0
BRH:0
end_of_record
TN:
SF:components/Footer.js
FN:8,Footer
FN:26,(anonymous_1)
FN:52,(anonymous_2)
FNF:3
FNH:3
FNDA:2,Footer
FNDA:3,(anonymous_1)
FNDA:5,(anonymous_2)
DA:9,2
DA:27,3
DA:53,5
DA:88,1
LF:4
LH:4
BRDA:57,0,0,2
BRDA:57,0,1,3
BRF:2
BRH:2
end_of_record
TN:
SF:components/Header.js
FN:6,Header
FN:115,getStaticProps
FNF:2
FNH:1
FNDA:3,Header
FNDA:0,getStaticProps
DA:7,3
DA:8,3
DA:10,3
DA:116,0
DA:121,1
LF:5
LH:4
BRDA:34,0,0,2
BRDA:34,0,1,1
BRDA:39,1,0,2
BRDA:39,1,1,1
BRDA:49,2,0,3
BRDA:49,2,1,3
BRDA:50,3,0,2
BRDA:50,3,1,1
BRDA:55,4,0,2
BRDA:55,4,1,1
BRDA:57,5,0,2
BRDA:57,5,1,1
BRDA:66,6,0,3
BRDA:66,6,1,3
BRDA:67,7,0,2
BRDA:67,7,1,1
BRDA:73,8,0,2
BRDA:73,8,1,1
BRDA:75,9,0,2
BRDA:75,9,1,1
BRF:20
BRH:20
end_of_record
TN:
SF:components/Layout.js
FN:9,Layout
FNF:1
FNH:0
FNDA:0,Layout
DA:10,0
DA:12,0
DA:97,0
LF:3
LH:0
BRDA:10,0,0,0
BRDA:10,0,1,0
BRF:2
BRH:0
end_of_record
TN:
SF:components/MetaData.js
FN:4,MetaData
FN:22,getStaticProps
FNF:2
FNH:1
FNDA:1,MetaData
FNDA:0,getStaticProps
DA:5,1
DA:7,1
DA:23,0
LF:3
LH:2
BRDA:5,0,0,1
BRDA:5,0,1,0
BRF:2
BRH:1
end_of_record
TN:
SF:pages/404.js
FN:3,Custom404
FN:57,getStaticProps
FNF:2
FNH:1
FNDA:1,Custom404
FNDA:0,getStaticProps
DA:4,1
DA:59,0
DA:74,0
LF:3
LH:1
BRF:0
BRH:0
end_of_record
TN:
SF:pages/_app.js
FN:9,MyApp
FNF:1
FNH:0
FNDA:0,MyApp
DA:10,0
DA:12,0
DA:13,0
DA:15,0
LF:4
LH:0
BRDA:10,0,0,0
BRDA:10,0,1,0
BRDA:12,1,0,0
BRDA:12,1,1,0
BRF:4
BRH:0
end_of_record
TN:
SF:pages/_error.js
FN:3,CustomError
FN:65,getServerSideProps
FNF:2
FNH:1
FNDA:2,CustomError
FNDA:0,getServerSideProps
DA:4,2
DA:66,0
DA:69,0
DA:84,0
LF:4
LH:1
BRDA:9,0,0,1
BRDA:9,0,1,1
BRDA:37,1,0,1
BRDA:37,1,1,1
BRDA:66,2,0,0
BRDA:66,2,1,0
BRDA:66,3,0,0
BRDA:66,3,1,0
BRF:8
BRH:4
end_of_record
TN:
SF:pages/home.js
FN:7,Home
FN:20,getStaticProps
FNF:2
FNH:1
FNDA:1,Home
FNDA:0,getStaticProps
DA:8,1
DA:9,1
DA:21,0
DA:22,0
DA:25,0
DA:40,0
DA:45,1
LF:7
LH:3
BRDA:8,0,0,1
BRDA:8,0,1,0
BRDA:22,1,0,0
BRDA:22,1,1,0
BRF:4
BRH:1
end_of_record
TN:
SF:pages/index.js
FN:4,Index
FN:81,PageLayout
FN:85,getStaticProps
FNF:3
FNH:1
FNDA:1,Index
FNDA:0,PageLayout
FNDA:0,getStaticProps
DA:5,1
DA:81,1
DA:82,0
DA:89,0
DA:104,0
LF:5
LH:2
BRF:0
BRH:0
end_of_record
TN:
SF:pages/api/hello.js
FN:3,handler
FNF:1
FNH:0
FNDA:0,handler
DA:4,0
LF:1
LH:0
BRF:0
BRH:0
end_of_record
TN:
SF:pages/api/metrics.js
FN:5,handler
FNF:1
FNH:0
FNDA:0,handler
DA:3,0
DA:6,0
DA:7,0
LF:3
LH:0
BRF:0
BRH:0
end_of_record
