<?xml version="1.0" encoding="UTF-8"?>
<coverage generated="1643826418941" clover="3.2.0">
  <project timestamp="1643826418941" name="All files">
    <metrics statements="42" coveredstatements="25" conditionals="40" coveredconditionals="32" methods="20" coveredmethods="13" elements="102" coveredelements="70" complexity="0" loc="42" ncloc="42" packages="3" files="11" classes="11"/>
    <package name="components">
      <metrics statements="17" coveredstatements="15" conditionals="26" coveredconditionals="26" methods="9" coveredmethods="7"/>
      <file name="DateModified.js" path="/home/runner/work/next-template/next-template/components/DateModified.js">
        <metrics statements="3" coveredstatements="3" conditionals="0" coveredconditionals="0" methods="1" coveredmethods="1"/>
        <line num="7" count="11" type="stmt"/>
        <line num="15" count="4" type="stmt"/>
        <line num="20" count="4" type="stmt"/>
      </file>
      <file name="Footer.js" path="/home/runner/work/next-template/next-template/components/Footer.js">
        <metrics statements="4" coveredstatements="4" conditionals="2" coveredconditionals="2" methods="3" coveredmethods="3"/>
        <line num="9" count="9" type="stmt"/>
        <line num="27" count="66" type="stmt"/>
        <line num="53" count="40" type="stmt"/>
        <line num="88" count="3" type="stmt"/>
      </file>
      <file name="Header.js" path="/home/runner/work/next-template/next-template/components/Header.js">
        <metrics statements="3" coveredstatements="2" conditionals="20" coveredconditionals="20" methods="2" coveredmethods="1"/>
        <line num="5" count="10" type="stmt"/>
        <line num="111" count="0" type="stmt"/>
        <line num="116" count="3" type="stmt"/>
      </file>
      <file name="Layout.js" path="/home/runner/work/next-template/next-template/components/Layout.js">
        <metrics statements="4" coveredstatements="4" conditionals="2" coveredconditionals="2" methods="1" coveredmethods="1"/>
        <line num="10" count="7" type="cond" truecount="2" falsecount="0"/>
        <line num="12" count="7" type="stmt"/>
        <line num="101" count="2" type="stmt"/>
        <line num="105" count="2" type="stmt"/>
      </file>
      <file name="MetaData.js" path="/home/runner/work/next-template/next-template/components/MetaData.js">
        <metrics statements="3" coveredstatements="2" conditionals="2" coveredconditionals="2" methods="2" coveredmethods="1"/>
        <line num="5" count="9" type="cond" truecount="2" falsecount="0"/>
        <line num="7" count="9" type="stmt"/>
        <line num="23" count="0" type="stmt"/>
      </file>
    </package>
    <package name="pages">
      <metrics statements="22" coveredstatements="10" conditionals="14" coveredconditionals="6" methods="10" coveredmethods="6"/>
      <file name="404.js" path="/home/runner/work/next-template/next-template/pages/404.js">
        <metrics statements="3" coveredstatements="1" conditionals="0" coveredconditionals="0" methods="2" coveredmethods="1"/>
        <line num="4" count="1" type="stmt"/>
        <line num="59" count="0" type="stmt"/>
        <line num="74" count="0" type="stmt"/>
      </file>
      <file name="_app.js" path="/home/runner/work/next-template/next-template/pages/_app.js">
        <metrics statements="3" coveredstatements="2" conditionals="2" coveredconditionals="1" methods="1" coveredmethods="1"/>
        <line num="6" count="1" type="cond" truecount="1" falsecount="1"/>
        <line num="7" count="1" type="stmt"/>
        <line num="9" count="0" type="stmt"/>
      </file>
      <file name="_error.js" path="/home/runner/work/next-template/next-template/pages/_error.js">
        <metrics statements="4" coveredstatements="1" conditionals="8" coveredconditionals="4" methods="2" coveredmethods="1"/>
        <line num="4" count="2" type="stmt"/>
        <line num="66" count="0" type="cond" truecount="0" falsecount="4"/>
        <line num="69" count="0" type="stmt"/>
        <line num="84" count="0" type="stmt"/>
      </file>
      <file name="home.js" path="/home/runner/work/next-template/next-template/pages/home.js">
        <metrics statements="7" coveredstatements="3" conditionals="4" coveredconditionals="1" methods="2" coveredmethods="1"/>
        <line num="8" count="1" type="cond" truecount="1" falsecount="1"/>
        <line num="9" count="1" type="stmt"/>
        <line num="21" count="0" type="stmt"/>
        <line num="22" count="0" type="cond" truecount="0" falsecount="2"/>
        <line num="25" count="0" type="stmt"/>
        <line num="40" count="0" type="stmt"/>
        <line num="45" count="1" type="stmt"/>
      </file>
      <file name="index.js" path="/home/runner/work/next-template/next-template/pages/index.js">
        <metrics statements="5" coveredstatements="3" conditionals="0" coveredconditionals="0" methods="3" coveredmethods="2"/>
        <line num="5" count="2" type="stmt"/>
        <line num="81" count="2" type="stmt"/>
        <line num="82" count="1" type="stmt"/>
        <line num="89" count="0" type="stmt"/>
        <line num="104" count="0" type="stmt"/>
      </file>
    </package>
    <package name="pages.api">
      <metrics statements="3" coveredstatements="0" conditionals="0" coveredconditionals="0" methods="1" coveredmethods="0"/>
      <file name="metrics.js" path="/home/runner/work/next-template/next-template/pages/api/metrics.js">
        <metrics statements="3" coveredstatements="0" conditionals="0" coveredconditionals="0" methods="1" coveredmethods="0"/>
        <line num="3" count="0" type="stmt"/>
        <line num="6" count="0" type="stmt"/>
        <line num="7" count="0" type="stmt"/>
      </file>
    </package>
  </project>
</coverage>
