{"/home/runner/work/next-template/next-template/components/Footer.js": {"path":"/home/runner/work/next-template/next-template/components/Footer.js","statementMap":{"0":{"start":{"line":9,"column":2},"end":{"line":87,"column":3}},"1":{"start":{"line":29,"column":16},"end":{"line":38,"column":17}},"2":{"start":{"line":55,"column":18},"end":{"line":72,"column":19}},"3":{"start":{"line":90,"column":0},"end":{"line":128,"column":1}}},"fnMap":{"0":{"name":"Footer","decl":{"start":{"line":8,"column":24},"end":{"line":8,"column":30}},"loc":{"start":{"line":8,"column":38},"end":{"line":88,"column":1}},"line":8},"1":{"name":"(anonymous_1)","decl":{"start":{"line":28,"column":40},"end":{"line":28,"column":41}},"loc":{"start":{"line":28,"column":58},"end":{"line":39,"column":15}},"line":28},"2":{"name":"(anonymous_2)","decl":{"start":{"line":54,"column":33},"end":{"line":54,"column":34}},"loc":{"start":{"line":54,"column":51},"end":{"line":73,"column":17}},"line":54}},"branchMap":{"0":{"loc":{"start":{"line":59,"column":24},"end":{"line":61,"column":79}},"type":"cond-expr","locations":[{"start":{"line":60,"column":28},"end":{"line":60,"column":92}},{"start":{"line":61,"column":28},"end":{"line":61,"column":79}}],"line":59}},"s":{"0":2,"1":3,"2":5,"3":1},"f":{"0":2,"1":3,"2":5},"b":{"0":[2,3]},"_coverageSchema":"1a1c01bbd47fc00a2c39e90264f33305004495a9","hash":"25bb258774b06a44e70bed490976065b7f92cd24"}
,"/home/runner/work/next-template/next-template/components/Header.js": {"path":"/home/runner/work/next-template/next-template/components/Header.js","statementMap":{"0":{"start":{"line":10,"column":12},"end":{"line":10,"column":43}},"1":{"start":{"line":11,"column":17},"end":{"line":11,"column":28}},"2":{"start":{"line":13,"column":34},"end":{"line":13,"column":46}},"3":{"start":{"line":15,"column":46},"end":{"line":15,"column":62}},"4":{"start":{"line":16,"column":2},"end":{"line":24,"column":52}},"5":{"start":{"line":18,"column":4},"end":{"line":22,"column":5}},"6":{"start":{"line":19,"column":6},"end":{"line":21,"column":7}},"7":{"start":{"line":23,"column":4},"end":{"line":23,"column":44}},"8":{"start":{"line":26,"column":2},"end":{"line":129,"column":3}},"9":{"start":{"line":132,"column":2},"end":{"line":134,"column":3}},"10":{"start":{"line":137,"column":0},"end":{"line":172,"column":1}}},"fnMap":{"0":{"name":"Header","decl":{"start":{"line":9,"column":24},"end":{"line":9,"column":30}},"loc":{"start":{"line":9,"column":38},"end":{"line":130,"column":1}},"line":9},"1":{"name":"(anonymous_1)","decl":{"start":{"line":16,"column":18},"end":{"line":16,"column":19}},"loc":{"start":{"line":16,"column":24},"end":{"line":24,"column":3}},"line":16},"2":{"name":"getStaticProps","decl":{"start":{"line":131,"column":22},"end":{"line":131,"column":36}},"loc":{"start":{"line":131,"column":49},"end":{"line":135,"column":1}},"line":131}},"branchMap":{"0":{"loc":{"start":{"line":10,"column":12},"end":{"line":10,"column":43}},"type":"cond-expr","locations":[{"start":{"line":10,"column":36},"end":{"line":10,"column":38}},{"start":{"line":10,"column":41},"end":{"line":10,"column":43}}],"line":10},"1":{"loc":{"start":{"line":18,"column":4},"end":{"line":22,"column":5}},"type":"if","locations":[{"start":{"line":18,"column":4},"end":{"line":22,"column":5}},{"start":{},"end":{}}],"line":18},"2":{"loc":{"start":{"line":18,"column":8},"end":{"line":18,"column":62}},"type":"binary-expr","locations":[{"start":{"line":18,"column":8},"end":{"line":18,"column":28}},{"start":{"line":18,"column":32},"end":{"line":18,"column":45}},{"start":{"line":18,"column":49},"end":{"line":18,"column":62}}],"line":18},"3":{"loc":{"start":{"line":50,"column":18},"end":{"line":52,"column":39}},"type":"cond-expr","locations":[{"start":{"line":51,"column":22},"end":{"line":51,"column":39}},{"start":{"line":52,"column":22},"end":{"line":52,"column":39}}],"line":50},"4":{"loc":{"start":{"line":55,"column":18},"end":{"line":57,"column":46}},"type":"cond-expr","locations":[{"start":{"line":56,"column":22},"end":{"line":56,"column":44}},{"start":{"line":57,"column":22},"end":{"line":57,"column":46}}],"line":55},"5":{"loc":{"start":{"line":65,"column":20},"end":{"line":65,"column":41}},"type":"binary-expr","locations":[{"start":{"line":65,"column":20},"end":{"line":65,"column":34}},{"start":{"line":65,"column":38},"end":{"line":65,"column":41}}],"line":65},"6":{"loc":{"start":{"line":66,"column":22},"end":{"line":66,"column":59}},"type":"cond-expr","locations":[{"start":{"line":66,"column":48},"end":{"line":66,"column":52}},{"start":{"line":66,"column":55},"end":{"line":66,"column":59}}],"line":66},"7":{"loc":{"start":{"line":71,"column":22},"end":{"line":71,"column":59}},"type":"cond-expr","locations":[{"start":{"line":71,"column":48},"end":{"line":71,"column":52}},{"start":{"line":71,"column":55},"end":{"line":71,"column":59}}],"line":71},"8":{"loc":{"start":{"line":73,"column":17},"end":{"line":73,"column":54}},"type":"cond-expr","locations":[{"start":{"line":73,"column":43},"end":{"line":73,"column":47}},{"start":{"line":73,"column":50},"end":{"line":73,"column":54}}],"line":73},"9":{"loc":{"start":{"line":82,"column":20},"end":{"line":82,"column":41}},"type":"binary-expr","locations":[{"start":{"line":82,"column":20},"end":{"line":82,"column":34}},{"start":{"line":82,"column":38},"end":{"line":82,"column":41}}],"line":82},"10":{"loc":{"start":{"line":83,"column":22},"end":{"line":83,"column":59}},"type":"cond-expr","locations":[{"start":{"line":83,"column":48},"end":{"line":83,"column":52}},{"start":{"line":83,"column":55},"end":{"line":83,"column":59}}],"line":83},"11":{"loc":{"start":{"line":89,"column":22},"end":{"line":89,"column":59}},"type":"cond-expr","locations":[{"start":{"line":89,"column":48},"end":{"line":89,"column":52}},{"start":{"line":89,"column":55},"end":{"line":89,"column":59}}],"line":89},"12":{"loc":{"start":{"line":91,"column":17},"end":{"line":91,"column":65}},"type":"cond-expr","locations":[{"start":{"line":91,"column":43},"end":{"line":91,"column":53}},{"start":{"line":91,"column":56},"end":{"line":91,"column":65}}],"line":91}},"s":{"0":3,"1":3,"2":3,"3":3,"4":3,"5":3,"6":0,"7":3,"8":3,"9":0,"10":1},"f":{"0":3,"1":3,"2":0},"b":{"0":[0,3],"1":[0,3],"2":[3,0,0],"3":[2,1],"4":[2,1],"5":[3,3],"6":[2,1],"7":[2,1],"8":[2,1],"9":[3,3],"10":[2,1],"11":[2,1],"12":[2,1]},"_coverageSchema":"1a1c01bbd47fc00a2c39e90264f33305004495a9","hash":"6ef5f126452384cf1f6daf72ab6677ab0b8cc6ee"}
,"/home/runner/work/next-template/next-template/components/Layout.js": {"path":"/home/runner/work/next-template/next-template/components/Layout.js","statementMap":{"0":{"start":{"line":10,"column":12},"end":{"line":10,"column":43}},"1":{"start":{"line":11,"column":2},"end":{"line":97,"column":3}},"2":{"start":{"line":100,"column":0},"end":{"line":121,"column":1}}},"fnMap":{"0":{"name":"Layout","decl":{"start":{"line":9,"column":24},"end":{"line":9,"column":30}},"loc":{"start":{"line":9,"column":38},"end":{"line":98,"column":1}},"line":9}},"branchMap":{"0":{"loc":{"start":{"line":10,"column":12},"end":{"line":10,"column":43}},"type":"cond-expr","locations":[{"start":{"line":10,"column":36},"end":{"line":10,"column":38}},{"start":{"line":10,"column":41},"end":{"line":10,"column":43}}],"line":10}},"s":{"0":0,"1":0,"2":0},"f":{"0":0},"b":{"0":[0,0]}}
,"/home/runner/work/next-template/next-template/pages/_app.js": {"path":"/home/runner/work/next-template/next-template/pages/_app.js","statementMap":{"0":{"start":{"line":10,"column":12},"end":{"line":10,"column":47}},"1":{"start":{"line":11,"column":2},"end":{"line":15,"column":3}}},"fnMap":{"0":{"name":"MyApp","decl":{"start":{"line":9,"column":9},"end":{"line":9,"column":14}},"loc":{"start":{"line":9,"column":41},"end":{"line":16,"column":1}},"line":9}},"branchMap":{"0":{"loc":{"start":{"line":10,"column":12},"end":{"line":10,"column":47}},"type":"cond-expr","locations":[{"start":{"line":10,"column":40},"end":{"line":10,"column":42}},{"start":{"line":10,"column":45},"end":{"line":10,"column":47}}],"line":10}},"s":{"0":0,"1":0},"f":{"0":0},"b":{"0":[0,0]}}
,"/home/runner/work/next-template/next-template/pages/index.js": {"path":"/home/runner/work/next-template/next-template/pages/index.js","statementMap":{"0":{"start":{"line":4,"column":2},"end":{"line":9,"column":3}},"1":{"start":{"line":13,"column":18},"end":{"line":13,"column":38}},"2":{"start":{"line":14,"column":2},"end":{"line":16,"column":3}}},"fnMap":{"0":{"name":"Index","decl":{"start":{"line":3,"column":24},"end":{"line":3,"column":29}},"loc":{"start":{"line":3,"column":37},"end":{"line":10,"column":1}},"line":3},"1":{"name":"getStaticProps","decl":{"start":{"line":12,"column":22},"end":{"line":12,"column":36}},"loc":{"start":{"line":12,"column":49},"end":{"line":17,"column":1}},"line":12}},"branchMap":{},"s":{"0":1,"1":0,"2":0},"f":{"0":1,"1":0},"b":{},"_coverageSchema":"1a1c01bbd47fc00a2c39e90264f33305004495a9","hash":"f76d78e9ee92534da21fa3cd35f67b4d1e3288c4"}
,"/home/runner/work/next-template/next-template/pages/api/hello.js": {"path":"/home/runner/work/next-template/next-template/pages/api/hello.js","statementMap":{"0":{"start":{"line":4,"column":2},"end":{"line":4,"column":44}}},"fnMap":{"0":{"name":"handler","decl":{"start":{"line":3,"column":24},"end":{"line":3,"column":31}},"loc":{"start":{"line":3,"column":42},"end":{"line":5,"column":1}},"line":3}},"branchMap":{},"s":{"0":0},"f":{"0":0},"b":{}}
,"/home/runner/work/next-template/next-template/pages/api/metrics.js": {"path":"/home/runner/work/next-template/next-template/pages/api/metrics.js","statementMap":{"0":{"start":{"line":3,"column":0},"end":{"line":3,"column":53}},"1":{"start":{"line":6,"column":2},"end":{"line":6,"column":53}},"2":{"start":{"line":7,"column":2},"end":{"line":7,"column":30}}},"fnMap":{"0":{"name":"handler","decl":{"start":{"line":5,"column":24},"end":{"line":5,"column":31}},"loc":{"start":{"line":5,"column":42},"end":{"line":8,"column":1}},"line":5}},"branchMap":{},"s":{"0":0,"1":0,"2":0},"f":{"0":0},"b":{}}
}
