TN:
SF:components/Footer.js
FN:8,Footer
FN:28,(anonymous_1)
FN:54,(anonymous_2)
FNF:3
FNH:3
FNDA:2,Footer
FNDA:3,(anonymous_1)
FNDA:5,(anonymous_2)
DA:9,2
DA:29,3
DA:55,5
DA:90,1
LF:4
LH:4
BRDA:59,0,0,2
BRDA:59,0,1,3
BRF:2
BRH:2
end_of_record
TN:
SF:components/Header.js
FN:9,Header
FN:16,(anonymous_1)
FN:131,getStaticProps
FNF:3
FNH:2
FNDA:3,Header
FNDA:3,(anonymous_1)
FNDA:0,getStaticProps
DA:10,3
DA:11,3
DA:13,3
DA:15,3
DA:16,3
DA:18,3
DA:19,0
DA:23,3
DA:26,3
DA:132,0
DA:137,1
LF:11
LH:9
BRDA:10,0,0,0
BRDA:10,0,1,3
BRDA:18,1,0,0
BRDA:18,1,1,3
BRDA:18,2,0,3
BRDA:18,2,1,0
BRDA:18,2,2,0
BRDA:50,3,0,2
BRDA:50,3,1,1
BRDA:55,4,0,2
BRDA:55,4,1,1
BRDA:65,5,0,3
BRDA:65,5,1,3
BRDA:66,6,0,2
BRDA:66,6,1,1
BRDA:71,7,0,2
BRDA:71,7,1,1
BRDA:73,8,0,2
BRDA:73,8,1,1
BRDA:82,9,0,3
BRDA:82,9,1,3
BRDA:83,10,0,2
BRDA:83,10,1,1
BRDA:89,11,0,2
BRDA:89,11,1,1
BRDA:91,12,0,2
BRDA:91,12,1,1
BRF:27
BRH:23
end_of_record
TN:
SF:components/Layout.js
FN:9,Layout
FNF:1
FNH:0
FNDA:0,Layout
DA:10,0
DA:11,0
DA:100,0
LF:3
LH:0
BRDA:10,0,0,0
BRDA:10,0,1,0
BRF:2
BRH:0
end_of_record
TN:
SF:pages/_app.js
FN:9,MyApp
FNF:1
FNH:0
FNDA:0,MyApp
DA:10,0
DA:11,0
LF:2
LH:0
BRDA:10,0,0,0
BRDA:10,0,1,0
BRF:2
BRH:0
end_of_record
TN:
SF:pages/index.js
FN:3,Index
FN:12,getStaticProps
FNF:2
FNH:1
FNDA:1,Index
FNDA:0,getStaticProps
DA:4,1
DA:13,0
DA:14,0
LF:3
LH:1
BRF:0
BRH:0
end_of_record
TN:
SF:pages/api/hello.js
FN:3,handler
FNF:1
FNH:0
FNDA:0,handler
DA:4,0
LF:1
LH:0
BRF:0
BRH:0
end_of_record
TN:
SF:pages/api/metrics.js
FN:5,handler
FNF:1
FNH:0
FNDA:0,handler
DA:3,0
DA:6,0
DA:7,0
LF:3
LH:0
BRF:0
BRH:0
end_of_record
