<?xml version="1.0" encoding="UTF-8"?>
<coverage generated="1643393107987" clover="3.2.0">
  <project timestamp="1643393107987" name="All files">
    <metrics statements="33" coveredstatements="17" conditionals="41" coveredconditionals="29" methods="16" coveredmethods="8" elements="90" coveredelements="54" complexity="0" loc="33" ncloc="33" packages="3" files="9" classes="9"/>
    <package name="components">
      <metrics statements="18" coveredstatements="13" conditionals="31" coveredconditionals="25" methods="7" coveredmethods="5"/>
      <file name="Footer.js" path="/home/runner/work/next-template/next-template/components/Footer.js">
        <metrics statements="4" coveredstatements="4" conditionals="2" coveredconditionals="2" methods="3" coveredmethods="3"/>
        <line num="9" count="2" type="stmt"/>
        <line num="29" count="3" type="stmt"/>
        <line num="55" count="5" type="stmt"/>
        <line num="90" count="1" type="stmt"/>
      </file>
      <file name="Header.js" path="/home/runner/work/next-template/next-template/components/Header.js">
        <metrics statements="11" coveredstatements="9" conditionals="27" coveredconditionals="23" methods="3" coveredmethods="2"/>
        <line num="10" count="3" type="cond" truecount="1" falsecount="1"/>
        <line num="11" count="3" type="stmt"/>
        <line num="13" count="3" type="stmt"/>
        <line num="15" count="3" type="stmt"/>
        <line num="16" count="3" type="stmt"/>
        <line num="18" count="3" type="cond" truecount="2" falsecount="3"/>
        <line num="19" count="0" type="stmt"/>
        <line num="23" count="3" type="stmt"/>
        <line num="26" count="3" type="stmt"/>
        <line num="132" count="0" type="stmt"/>
        <line num="137" count="1" type="stmt"/>
      </file>
      <file name="Layout.js" path="/home/runner/work/next-template/next-template/components/Layout.js">
        <metrics statements="3" coveredstatements="0" conditionals="2" coveredconditionals="0" methods="1" coveredmethods="0"/>
        <line num="10" count="0" type="cond" truecount="0" falsecount="2"/>
        <line num="11" count="0" type="stmt"/>
        <line num="100" count="0" type="stmt"/>
      </file>
    </package>
    <package name="pages">
      <metrics statements="11" coveredstatements="4" conditionals="10" coveredconditionals="4" methods="7" coveredmethods="3"/>
      <file name="404.js" path="/home/runner/work/next-template/next-template/pages/404.js">
        <metrics statements="2" coveredstatements="1" conditionals="0" coveredconditionals="0" methods="2" coveredmethods="1"/>
        <line num="4" count="1" type="stmt"/>
        <line num="63" count="0" type="stmt"/>
      </file>
      <file name="_app.js" path="/home/runner/work/next-template/next-template/pages/_app.js">
        <metrics statements="2" coveredstatements="0" conditionals="2" coveredconditionals="0" methods="1" coveredmethods="0"/>
        <line num="10" count="0" type="cond" truecount="0" falsecount="2"/>
        <line num="11" count="0" type="stmt"/>
      </file>
      <file name="_error.js" path="/home/runner/work/next-template/next-template/pages/_error.js">
        <metrics statements="4" coveredstatements="2" conditionals="8" coveredconditionals="4" methods="2" coveredmethods="1"/>
        <line num="4" count="2" type="stmt"/>
        <line num="65" count="1" type="stmt"/>
        <line num="66" count="0" type="cond" truecount="0" falsecount="4"/>
        <line num="67" count="0" type="stmt"/>
      </file>
      <file name="index.js" path="/home/runner/work/next-template/next-template/pages/index.js">
        <metrics statements="3" coveredstatements="1" conditionals="0" coveredconditionals="0" methods="2" coveredmethods="1"/>
        <line num="4" count="1" type="stmt"/>
        <line num="13" count="0" type="stmt"/>
        <line num="14" count="0" type="stmt"/>
      </file>
    </package>
    <package name="pages.api">
      <metrics statements="4" coveredstatements="0" conditionals="0" coveredconditionals="0" methods="2" coveredmethods="0"/>
      <file name="hello.js" path="/home/runner/work/next-template/next-template/pages/api/hello.js">
        <metrics statements="1" coveredstatements="0" conditionals="0" coveredconditionals="0" methods="1" coveredmethods="0"/>
        <line num="4" count="0" type="stmt"/>
      </file>
      <file name="metrics.js" path="/home/runner/work/next-template/next-template/pages/api/metrics.js">
        <metrics statements="3" coveredstatements="0" conditionals="0" coveredconditionals="0" methods="1" coveredmethods="0"/>
        <line num="3" count="0" type="stmt"/>
        <line num="6" count="0" type="stmt"/>
        <line num="7" count="0" type="stmt"/>
      </file>
    </package>
  </project>
</coverage>
