<?xml version="1.0" encoding="UTF-8"?>
<coverage generated="1689769679761" clover="3.2.0">
  <project timestamp="1689769679761" name="All files">
    <metrics statements="52" coveredstatements="50" conditionals="43" coveredconditionals="40" methods="21" coveredmethods="21" elements="116" coveredelements="111" complexity="0" loc="52" ncloc="52" packages="4" files="14" classes="14"/>
    <package name="components">
      <metrics statements="15" coveredstatements="15" conditionals="26" coveredconditionals="26" methods="7" coveredmethods="7"/>
      <file name="DateModified.js" path="/home/runner/work/next-template/next-template/src/components/DateModified.js">
        <metrics statements="3" coveredstatements="3" conditionals="0" coveredconditionals="0" methods="1" coveredmethods="1"/>
        <line num="7" count="11" type="stmt"/>
        <line num="15" count="4" type="stmt"/>
        <line num="20" count="4" type="stmt"/>
      </file>
      <file name="Footer.js" path="/home/runner/work/next-template/next-template/src/components/Footer.js">
        <metrics statements="4" coveredstatements="4" conditionals="2" coveredconditionals="2" methods="3" coveredmethods="3"/>
        <line num="9" count="9" type="stmt"/>
        <line num="26" count="66" type="stmt"/>
        <line num="52" count="40" type="stmt"/>
        <line num="87" count="3" type="stmt"/>
      </file>
      <file name="Header.js" path="/home/runner/work/next-template/next-template/src/components/Header.js">
        <metrics statements="2" coveredstatements="2" conditionals="20" coveredconditionals="20" methods="1" coveredmethods="1"/>
        <line num="5" count="12" type="stmt"/>
        <line num="110" count="3" type="stmt"/>
      </file>
      <file name="Layout.js" path="/home/runner/work/next-template/next-template/src/components/Layout.js">
        <metrics statements="4" coveredstatements="4" conditionals="2" coveredconditionals="2" methods="1" coveredmethods="1"/>
        <line num="10" count="8" type="cond" truecount="2" falsecount="0"/>
        <line num="12" count="7" type="stmt"/>
        <line num="101" count="2" type="stmt"/>
        <line num="105" count="2" type="stmt"/>
      </file>
      <file name="MetaData.js" path="/home/runner/work/next-template/next-template/src/components/MetaData.js">
        <metrics statements="2" coveredstatements="2" conditionals="2" coveredconditionals="2" methods="1" coveredmethods="1"/>
        <line num="5" count="9" type="cond" truecount="2" falsecount="0"/>
        <line num="7" count="9" type="stmt"/>
      </file>
    </package>
    <package name="lib">
      <metrics statements="18" coveredstatements="16" conditionals="13" coveredconditionals="10" methods="4" coveredmethods="4"/>
      <file name="cms.js" path="/home/runner/work/next-template/next-template/src/lib/cms.js">
        <metrics statements="4" coveredstatements="4" conditionals="2" coveredconditionals="1" methods="2" coveredmethods="2"/>
        <line num="2" count="1" type="stmt"/>
        <line num="3" count="1" type="cond" truecount="1" falsecount="1"/>
        <line num="7" count="1" type="stmt"/>
        <line num="10" count="1" type="stmt"/>
      </file>
      <file name="logger.js" path="/home/runner/work/next-template/next-template/src/lib/logger.js">
        <metrics statements="14" coveredstatements="12" conditionals="11" coveredconditionals="9" methods="2" coveredmethods="2"/>
        <line num="1" count="1" type="stmt"/>
        <line num="2" count="1" type="stmt"/>
        <line num="3" count="1" type="stmt"/>
        <line num="4" count="4" type="cond" truecount="5" falsecount="0"/>
        <line num="6" count="1" type="stmt"/>
        <line num="11" count="1" type="stmt"/>
        <line num="13" count="1" type="stmt"/>
        <line num="18" count="1" type="stmt"/>
        <line num="20" count="1" type="cond" truecount="3" falsecount="1"/>
        <line num="21" count="0" type="stmt"/>
        <line num="23" count="1" type="stmt"/>
        <line num="26" count="1" type="cond" truecount="1" falsecount="1"/>
        <line num="27" count="0" type="stmt"/>
        <line num="32" count="1" type="stmt"/>
      </file>
    </package>
    <package name="pages">
      <metrics statements="19" coveredstatements="19" conditionals="4" coveredconditionals="4" methods="10" coveredmethods="10"/>
      <file name="404.js" path="/home/runner/work/next-template/next-template/src/pages/404.js">
        <metrics statements="3" coveredstatements="3" conditionals="0" coveredconditionals="0" methods="2" coveredmethods="2"/>
        <line num="4" count="1" type="stmt"/>
        <line num="65" count="1" type="stmt"/>
        <line num="80" count="1" type="stmt"/>
      </file>
      <file name="_app.js" path="/home/runner/work/next-template/next-template/src/pages/_app.js">
        <metrics statements="0" coveredstatements="0" conditionals="0" coveredconditionals="0" methods="1" coveredmethods="1"/>
      </file>
      <file name="_error.js" path="/home/runner/work/next-template/next-template/src/pages/_error.js">
        <metrics statements="1" coveredstatements="1" conditionals="4" coveredconditionals="4" methods="1" coveredmethods="1"/>
        <line num="4" count="2" type="stmt"/>
      </file>
      <file name="home.js" path="/home/runner/work/next-template/next-template/src/pages/home.js">
        <metrics statements="10" coveredstatements="10" conditionals="0" coveredconditionals="0" methods="3" coveredmethods="3"/>
        <line num="13" count="1" type="stmt"/>
        <line num="14" count="1" type="stmt"/>
        <line num="15" count="1" type="stmt"/>
        <line num="16" count="1" type="stmt"/>
        <line num="17" count="1" type="stmt"/>
        <line num="20" count="1" type="stmt"/>
        <line num="32" count="1" type="stmt"/>
        <line num="38" count="1" type="stmt"/>
        <line num="53" count="1" type="stmt"/>
        <line num="58" count="1" type="stmt"/>
      </file>
      <file name="index.js" path="/home/runner/work/next-template/next-template/src/pages/index.js">
        <metrics statements="5" coveredstatements="5" conditionals="0" coveredconditionals="0" methods="3" coveredmethods="3"/>
        <line num="5" count="2" type="stmt"/>
        <line num="79" count="2" type="stmt"/>
        <line num="80" count="1" type="stmt"/>
        <line num="87" count="1" type="stmt"/>
        <line num="102" count="1" type="stmt"/>
      </file>
    </package>
    <package name="pages.api">
      <metrics statements="0" coveredstatements="0" conditionals="0" coveredconditionals="0" methods="0" coveredmethods="0"/>
      <file name="envAPIExample.js" path="/home/runner/work/next-template/next-template/src/pages/api/envAPIExample.js">
        <metrics statements="0" coveredstatements="0" conditionals="0" coveredconditionals="0" methods="0" coveredmethods="0"/>
      </file>
      <file name="metrics.js" path="/home/runner/work/next-template/next-template/src/pages/api/metrics.js">
        <metrics statements="0" coveredstatements="0" conditionals="0" coveredconditionals="0" methods="0" coveredmethods="0"/>
      </file>
    </package>
  </project>
</coverage>
