TN:
SF:src/middleware.ts
FN:4,middleware
FNF:1
FNH:0
FNDA:0,middleware
DA:5,0
DA:6,0
DA:7,0
DA:9,0
DA:14,0
DA:17,0
DA:19,0
DA:20,0
DA:24,0
DA:25,0
DA:28,0
LF:11
LH:0
BRDA:9,0,0,0
BRDA:9,0,1,0
BRDA:19,1,0,0
BRDA:19,1,1,0
BRDA:19,2,0,0
BRDA:19,2,1,0
BRF:6
BRH:0
end_of_record
TN:
SF:src/components/DateModified.tsx
FN:14,(anonymous_0)
FNF:1
FNH:1
FNDA:9,(anonymous_0)
DA:14,4
DA:15,9
DA:25,4
LF:3
LH:3
BRF:0
BRH:0
end_of_record
TN:
SF:src/components/Footer.tsx
FN:23,(anonymous_0)
FN:41,(anonymous_1)
FN:67,(anonymous_2)
FNF:3
FNH:3
FNDA:7,(anonymous_0)
FNDA:48,(anonymous_1)
FNDA:30,(anonymous_2)
DA:23,3
DA:24,7
DA:25,7
DA:42,48
DA:68,30
LF:5
LH:5
BRDA:72,0,0,7
BRDA:72,0,1,23
BRF:2
BRH:2
end_of_record
TN:
SF:src/components/Header.tsx
FN:10,(anonymous_0)
FNF:1
FNH:1
FNDA:10,(anonymous_0)
DA:10,3
DA:11,10
DA:12,8
LF:3
LH:3
BRDA:36,0,0,7
BRDA:36,0,1,1
BRDA:41,1,0,7
BRDA:41,1,1,1
BRDA:51,2,0,8
BRDA:51,2,1,8
BRDA:52,3,0,7
BRDA:52,3,1,1
BRDA:54,4,0,7
BRDA:54,4,1,1
BRDA:56,5,0,7
BRDA:56,5,1,1
BRDA:64,6,0,8
BRDA:64,6,1,8
BRDA:65,7,0,7
BRDA:65,7,1,1
BRDA:68,8,0,7
BRDA:68,8,1,1
BRDA:70,9,0,7
BRDA:70,9,1,1
BRF:20
BRH:20
end_of_record
TN:
SF:src/components/Layout.tsx
FN:13,(anonymous_0)
FNF:1
FNH:1
FNDA:6,(anonymous_0)
DA:13,2
DA:14,6
DA:16,5
DA:97,2
LF:4
LH:4
BRDA:19,0,0,5
BRDA:19,0,1,0
BRF:2
BRH:1
end_of_record
TN:
SF:src/lib/cms.ts
FN:1,fetchContent
FN:6,exampleResponse
FNF:2
FNH:2
FNDA:1,fetchContent
FNDA:1,exampleResponse
DA:2,1
DA:3,1
DA:7,1
DA:10,1
LF:4
LH:4
BRDA:3,0,0,0
BRDA:3,0,1,1
BRF:2
BRH:1
end_of_record
TN:
SF:src/logging/log-level.ts
FNF:0
FNH:0
DA:1,0
LF:1
LH:0
BRF:0
BRH:0
end_of_record
TN:
SF:src/logging/log-util.ts
FN:6,getLogLevel
FN:10,getLogger
FNF:2
FNH:0
FNDA:0,getLogLevel
FNDA:0,getLogger
DA:4,0
DA:7,0
DA:11,0
LF:3
LH:0
BRDA:7,0,0,0
BRDA:7,0,1,0
BRDA:7,0,2,0
BRF:3
BRH:0
end_of_record
TN:
SF:src/pages/404.tsx
FN:6,Custom404
FN:64,PageLayout
FNF:2
FNH:1
FNDA:1,Custom404
FNDA:0,PageLayout
DA:7,1
DA:64,1
DA:65,0
LF:3
LH:2
BRF:0
BRH:0
end_of_record
TN:
SF:src/pages/_app.tsx
FN:18,(anonymous_0)
FNF:1
FNH:1
FNDA:1,(anonymous_0)
DA:18,1
DA:19,1
DA:20,1
DA:23,0
LF:4
LH:3
BRDA:19,0,0,1
BRDA:19,0,1,0
BRF:2
BRH:1
end_of_record
TN:
SF:src/pages/_document.tsx
FN:7,Document
FNF:1
FNH:0
FNDA:0,Document
DA:8,0
DA:9,0
LF:2
LH:0
BRDA:8,0,0,0
BRDA:8,0,1,0
BRF:2
BRH:0
end_of_record
TN:
SF:src/pages/_error.tsx
FN:9,CustomError
FN:71,PageLayout
FN:75,(anonymous_2)
FNF:3
FNH:1
FNDA:2,CustomError
FNDA:0,PageLayout
FNDA:0,(anonymous_2)
DA:10,2
DA:71,1
DA:72,0
DA:75,1
DA:76,0
DA:77,0
LF:6
LH:3
BRDA:15,0,0,1
BRDA:15,0,1,1
BRDA:42,1,0,1
BRDA:42,1,1,1
BRDA:76,2,0,0
BRDA:76,2,1,0
BRDA:76,3,0,0
BRDA:76,3,1,0
BRF:8
BRH:4
end_of_record
TN:
SF:src/pages/home.tsx
FN:16,Home
FN:32,(anonymous_1)
FNF:2
FNH:2
FNDA:1,Home
FNDA:1,(anonymous_1)
DA:17,1
DA:18,1
DA:32,1
DA:33,1
DA:38,1
LF:5
LH:5
BRF:0
BRH:0
end_of_record
TN:
SF:src/pages/index.tsx
FN:6,Index
FN:82,PageLayout
FNF:2
FNH:2
FNDA:2,Index
FNDA:1,PageLayout
DA:7,2
DA:82,2
DA:83,1
LF:3
LH:3
BRF:0
BRH:0
end_of_record
TN:
SF:src/pages/api/envAPIExample.ts
FN:3,handler
FNF:1
FNH:0
FNDA:0,handler
DA:4,0
LF:1
LH:0
BRF:0
BRH:0
end_of_record
TN:
SF:src/pages/api/metrics.ts
FNF:0
FNH:0
LF:0
LH:0
BRF:0
BRH:0
end_of_record
