{"/home/runner/work/next-template/next-template/src/components/DateModified.tsx": {"path":"/home/runner/work/next-template/next-template/src/components/DateModified.tsx","statementMap":{"0":{"start":{"line":14,"column":50},"end":{"line":23,"column":1}},"1":{"start":{"line":15,"column":2},"end":{"line":22,"column":3}},"2":{"start":{"line":25,"column":0},"end":{"line":28,"column":1}}},"fnMap":{"0":{"name":"(anonymous_0)","decl":{"start":{"line":14,"column":50},"end":{"line":14,"column":51}},"loc":{"start":{"line":14,"column":68},"end":{"line":23,"column":1}},"line":14}},"branchMap":{},"s":{"0":3,"1":9,"2":3},"f":{"0":9},"b":{},"_coverageSchema":"1a1c01bbd47fc00a2c39e90264f33305004495a9","hash":"2d0c3b9a35e2403bd4187dd5a467fac3baccaa54"}
,"/home/runner/work/next-template/next-template/src/components/Footer.tsx": {"path":"/home/runner/work/next-template/next-template/src/components/Footer.tsx","statementMap":{"0":{"start":{"line":23,"column":38},"end":{"line":101,"column":1}},"1":{"start":{"line":24,"column":16},"end":{"line":24,"column":40}},"2":{"start":{"line":25,"column":2},"end":{"line":100,"column":3}},"3":{"start":{"line":42,"column":16},"end":{"line":51,"column":17}},"4":{"start":{"line":68,"column":18},"end":{"line":85,"column":19}}},"fnMap":{"0":{"name":"(anonymous_0)","decl":{"start":{"line":23,"column":38},"end":{"line":23,"column":39}},"loc":{"start":{"line":23,"column":49},"end":{"line":101,"column":1}},"line":23},"1":{"name":"(anonymous_1)","decl":{"start":{"line":41,"column":40},"end":{"line":41,"column":41}},"loc":{"start":{"line":41,"column":58},"end":{"line":52,"column":15}},"line":41},"2":{"name":"(anonymous_2)","decl":{"start":{"line":67,"column":33},"end":{"line":67,"column":34}},"loc":{"start":{"line":67,"column":51},"end":{"line":86,"column":17}},"line":67}},"branchMap":{"0":{"loc":{"start":{"line":72,"column":24},"end":{"line":74,"column":79}},"type":"cond-expr","locations":[{"start":{"line":73,"column":28},"end":{"line":73,"column":92}},{"start":{"line":74,"column":28},"end":{"line":74,"column":79}}],"line":72}},"s":{"0":2,"1":7,"2":7,"3":48,"4":30},"f":{"0":7,"1":48,"2":30},"b":{"0":[7,23]},"_coverageSchema":"1a1c01bbd47fc00a2c39e90264f33305004495a9","hash":"16663b91e845e5ce4d5db5bfdb30e1da7cbfe6c1"}
,"/home/runner/work/next-template/next-template/src/components/Header.tsx": {"path":"/home/runner/work/next-template/next-template/src/components/Header.tsx","statementMap":{"0":{"start":{"line":10,"column":38},"end":{"line":79,"column":1}},"1":{"start":{"line":11,"column":16},"end":{"line":11,"column":40}},"2":{"start":{"line":12,"column":2},"end":{"line":78,"column":3}}},"fnMap":{"0":{"name":"(anonymous_0)","decl":{"start":{"line":10,"column":38},"end":{"line":10,"column":39}},"loc":{"start":{"line":10,"column":49},"end":{"line":79,"column":1}},"line":10}},"branchMap":{"0":{"loc":{"start":{"line":36,"column":18},"end":{"line":38,"column":46}},"type":"cond-expr","locations":[{"start":{"line":37,"column":22},"end":{"line":37,"column":46}},{"start":{"line":38,"column":22},"end":{"line":38,"column":46}}],"line":36},"1":{"loc":{"start":{"line":41,"column":18},"end":{"line":43,"column":46}},"type":"cond-expr","locations":[{"start":{"line":42,"column":22},"end":{"line":42,"column":44}},{"start":{"line":43,"column":22},"end":{"line":43,"column":46}}],"line":41},"2":{"loc":{"start":{"line":51,"column":20},"end":{"line":51,"column":47}},"type":"binary-expr","locations":[{"start":{"line":51,"column":20},"end":{"line":51,"column":40}},{"start":{"line":51,"column":44},"end":{"line":51,"column":47}}],"line":51},"3":{"loc":{"start":{"line":52,"column":22},"end":{"line":52,"column":59}},"type":"cond-expr","locations":[{"start":{"line":52,"column":48},"end":{"line":52,"column":52}},{"start":{"line":52,"column":55},"end":{"line":52,"column":59}}],"line":52},"4":{"loc":{"start":{"line":54,"column":20},"end":{"line":54,"column":57}},"type":"cond-expr","locations":[{"start":{"line":54,"column":46},"end":{"line":54,"column":50}},{"start":{"line":54,"column":53},"end":{"line":54,"column":57}}],"line":54},"5":{"loc":{"start":{"line":56,"column":15},"end":{"line":56,"column":52}},"type":"cond-expr","locations":[{"start":{"line":56,"column":41},"end":{"line":56,"column":45}},{"start":{"line":56,"column":48},"end":{"line":56,"column":52}}],"line":56},"6":{"loc":{"start":{"line":64,"column":20},"end":{"line":64,"column":47}},"type":"binary-expr","locations":[{"start":{"line":64,"column":20},"end":{"line":64,"column":40}},{"start":{"line":64,"column":44},"end":{"line":64,"column":47}}],"line":64},"7":{"loc":{"start":{"line":65,"column":22},"end":{"line":65,"column":59}},"type":"cond-expr","locations":[{"start":{"line":65,"column":48},"end":{"line":65,"column":52}},{"start":{"line":65,"column":55},"end":{"line":65,"column":59}}],"line":65},"8":{"loc":{"start":{"line":68,"column":20},"end":{"line":68,"column":57}},"type":"cond-expr","locations":[{"start":{"line":68,"column":46},"end":{"line":68,"column":50}},{"start":{"line":68,"column":53},"end":{"line":68,"column":57}}],"line":68},"9":{"loc":{"start":{"line":70,"column":15},"end":{"line":70,"column":63}},"type":"cond-expr","locations":[{"start":{"line":70,"column":41},"end":{"line":70,"column":51}},{"start":{"line":70,"column":54},"end":{"line":70,"column":63}}],"line":70}},"s":{"0":2,"1":10,"2":8},"f":{"0":10},"b":{"0":[7,1],"1":[7,1],"2":[8,8],"3":[7,1],"4":[7,1],"5":[7,1],"6":[8,8],"7":[7,1],"8":[7,1],"9":[7,1]},"_coverageSchema":"1a1c01bbd47fc00a2c39e90264f33305004495a9","hash":"f7b136abc5c606ba41bf2de1190c39a3a12f8e47"}
,"/home/runner/work/next-template/next-template/src/components/Layout.tsx": {"path":"/home/runner/work/next-template/next-template/src/components/Layout.tsx","statementMap":{"0":{"start":{"line":28,"column":38},"end":{"line":112,"column":1}},"1":{"start":{"line":29,"column":16},"end":{"line":29,"column":40}},"2":{"start":{"line":31,"column":2},"end":{"line":111,"column":3}},"3":{"start":{"line":114,"column":0},"end":{"line":116,"column":1}}},"fnMap":{"0":{"name":"(anonymous_0)","decl":{"start":{"line":28,"column":38},"end":{"line":28,"column":39}},"loc":{"start":{"line":28,"column":49},"end":{"line":112,"column":1}},"line":28}},"branchMap":{"0":{"loc":{"start":{"line":33,"column":26},"end":{"line":33,"column":46}},"type":"binary-expr","locations":[{"start":{"line":33,"column":26},"end":{"line":33,"column":38}},{"start":{"line":33,"column":42},"end":{"line":33,"column":46}}],"line":33},"1":{"loc":{"start":{"line":36,"column":18},"end":{"line":36,"column":38}},"type":"binary-expr","locations":[{"start":{"line":36,"column":18},"end":{"line":36,"column":30}},{"start":{"line":36,"column":34},"end":{"line":36,"column":38}}],"line":36}},"s":{"0":1,"1":6,"2":5,"3":1},"f":{"0":6},"b":{"0":[5,0],"1":[5,0]},"_coverageSchema":"1a1c01bbd47fc00a2c39e90264f33305004495a9","hash":"15f655458ae5fdcddbfbc5f961c283396c7933e2"}
,"/home/runner/work/next-template/next-template/src/components/MetaData.tsx": {"path":"/home/runner/work/next-template/next-template/src/components/MetaData.tsx","statementMap":{"0":{"start":{"line":22,"column":42},"end":{"line":38,"column":1}},"1":{"start":{"line":23,"column":12},"end":{"line":23,"column":77}},"2":{"start":{"line":25,"column":2},"end":{"line":37,"column":3}}},"fnMap":{"0":{"name":"(anonymous_0)","decl":{"start":{"line":22,"column":42},"end":{"line":22,"column":43}},"loc":{"start":{"line":22,"column":53},"end":{"line":38,"column":1}},"line":22}},"branchMap":{"0":{"loc":{"start":{"line":23,"column":12},"end":{"line":23,"column":77}},"type":"cond-expr","locations":[{"start":{"line":23,"column":38},"end":{"line":23,"column":56}},{"start":{"line":23,"column":59},"end":{"line":23,"column":77}}],"line":23}},"s":{"0":1,"1":5,"2":5},"f":{"0":5},"b":{"0":[5,0]},"_coverageSchema":"1a1c01bbd47fc00a2c39e90264f33305004495a9","hash":"2eb49f78b791c2041bccde79c74b58c9a480ee91"}
,"/home/runner/work/next-template/next-template/src/lib/cms.ts": {"path":"/home/runner/work/next-template/next-template/src/lib/cms.ts","statementMap":{"0":{"start":{"line":2,"column":14},"end":{"line":2,"column":23}},"1":{"start":{"line":3,"column":2},"end":{"line":3,"column":38}},"2":{"start":{"line":7,"column":2},"end":{"line":9,"column":3}},"3":{"start":{"line":10,"column":2},"end":{"line":10,"column":71}}},"fnMap":{"0":{"name":"fetchContent","decl":{"start":{"line":1,"column":22},"end":{"line":1,"column":34}},"loc":{"start":{"line":1,"column":37},"end":{"line":4,"column":1}},"line":1},"1":{"name":"exampleResponse","decl":{"start":{"line":6,"column":15},"end":{"line":6,"column":30}},"loc":{"start":{"line":6,"column":33},"end":{"line":11,"column":1}},"line":6}},"branchMap":{"0":{"loc":{"start":{"line":3,"column":9},"end":{"line":3,"column":38}},"type":"cond-expr","locations":[{"start":{"line":3,"column":15},"end":{"line":3,"column":18}},{"start":{"line":3,"column":21},"end":{"line":3,"column":38}}],"line":3}},"s":{"0":1,"1":1,"2":1,"3":1},"f":{"0":1,"1":1},"b":{"0":[0,1]},"_coverageSchema":"1a1c01bbd47fc00a2c39e90264f33305004495a9","hash":"7584c30fa17c9154c3308795370cd779b7b95f27"}
,"/home/runner/work/next-template/next-template/src/pages/404.tsx": {"path":"/home/runner/work/next-template/next-template/src/pages/404.tsx","statementMap":{"0":{"start":{"line":6,"column":2},"end":{"line":62,"column":3}},"1":{"start":{"line":65,"column":46},"end":{"line":85,"column":1}},"2":{"start":{"line":67,"column":15},"end":{"line":80,"column":3}},"3":{"start":{"line":82,"column":2},"end":{"line":84,"column":3}}},"fnMap":{"0":{"name":"Custom404","decl":{"start":{"line":5,"column":24},"end":{"line":5,"column":33}},"loc":{"start":{"line":5,"column":36},"end":{"line":63,"column":1}},"line":5},"1":{"name":"(anonymous_1)","decl":{"start":{"line":65,"column":46},"end":{"line":65,"column":47}},"loc":{"start":{"line":65,"column":68},"end":{"line":85,"column":1}},"line":65}},"branchMap":{},"s":{"0":0,"1":0,"2":0,"3":0},"f":{"0":0,"1":0},"b":{}}
,"/home/runner/work/next-template/next-template/src/pages/_app.tsx": {"path":"/home/runner/work/next-template/next-template/src/pages/_app.tsx","statementMap":{"0":{"start":{"line":17,"column":12},"end":{"line":31,"column":1}},"1":{"start":{"line":18,"column":2},"end":{"line":20,"column":3}},"2":{"start":{"line":19,"column":4},"end":{"line":19,"column":60}},"3":{"start":{"line":22,"column":2},"end":{"line":30,"column":3}}},"fnMap":{"0":{"name":"(anonymous_0)","decl":{"start":{"line":17,"column":12},"end":{"line":17,"column":13}},"loc":{"start":{"line":17,"column":49},"end":{"line":31,"column":1}},"line":17}},"branchMap":{"0":{"loc":{"start":{"line":18,"column":2},"end":{"line":20,"column":3}},"type":"if","locations":[{"start":{"line":18,"column":2},"end":{"line":20,"column":3}},{"start":{},"end":{}}],"line":18}},"s":{"0":0,"1":0,"2":0,"3":0},"f":{"0":0},"b":{"0":[0,0]}}
,"/home/runner/work/next-template/next-template/src/pages/_error.tsx": {"path":"/home/runner/work/next-template/next-template/src/pages/_error.tsx","statementMap":{"0":{"start":{"line":9,"column":42},"end":{"line":75,"column":1}},"1":{"start":{"line":10,"column":2},"end":{"line":74,"column":3}},"2":{"start":{"line":77,"column":0},"end":{"line":80,"column":1}},"3":{"start":{"line":78,"column":21},"end":{"line":78,"column":70}},"4":{"start":{"line":79,"column":2},"end":{"line":79,"column":23}}},"fnMap":{"0":{"name":"(anonymous_0)","decl":{"start":{"line":9,"column":42},"end":{"line":9,"column":43}},"loc":{"start":{"line":9,"column":62},"end":{"line":75,"column":1}},"line":9},"1":{"name":"(anonymous_1)","decl":{"start":{"line":77,"column":30},"end":{"line":77,"column":31}},"loc":{"start":{"line":77,"column":65},"end":{"line":80,"column":1}},"line":77}},"branchMap":{"0":{"loc":{"start":{"line":15,"column":11},"end":{"line":17,"column":43}},"type":"cond-expr","locations":[{"start":{"line":16,"column":14},"end":{"line":16,"column":57}},{"start":{"line":17,"column":14},"end":{"line":17,"column":43}}],"line":15},"1":{"loc":{"start":{"line":46,"column":11},"end":{"line":48,"column":45}},"type":"cond-expr","locations":[{"start":{"line":47,"column":14},"end":{"line":47,"column":36}},{"start":{"line":48,"column":14},"end":{"line":48,"column":45}}],"line":46},"2":{"loc":{"start":{"line":78,"column":21},"end":{"line":78,"column":70}},"type":"cond-expr","locations":[{"start":{"line":78,"column":27},"end":{"line":78,"column":41}},{"start":{"line":78,"column":44},"end":{"line":78,"column":70}}],"line":78},"3":{"loc":{"start":{"line":78,"column":44},"end":{"line":78,"column":70}},"type":"cond-expr","locations":[{"start":{"line":78,"column":50},"end":{"line":78,"column":64}},{"start":{"line":78,"column":67},"end":{"line":78,"column":70}}],"line":78}},"s":{"0":0,"1":0,"2":0,"3":0,"4":0},"f":{"0":0,"1":0},"b":{"0":[0,0],"1":[0,0],"2":[0,0],"3":[0,0]}}
,"/home/runner/work/next-template/next-template/src/pages/home.tsx": {"path":"/home/runner/work/next-template/next-template/src/pages/home.tsx","statementMap":{"0":{"start":{"line":15,"column":2},"end":{"line":23,"column":3}},"1":{"start":{"line":26,"column":46},"end":{"line":58,"column":1}},"2":{"start":{"line":27,"column":18},"end":{"line":27,"column":38}},"3":{"start":{"line":33,"column":15},"end":{"line":46,"column":3}},"4":{"start":{"line":48,"column":2},"end":{"line":57,"column":3}}},"fnMap":{"0":{"name":"Home","decl":{"start":{"line":14,"column":24},"end":{"line":14,"column":28}},"loc":{"start":{"line":14,"column":47},"end":{"line":24,"column":1}},"line":14},"1":{"name":"(anonymous_1)","decl":{"start":{"line":26,"column":46},"end":{"line":26,"column":47}},"loc":{"start":{"line":26,"column":68},"end":{"line":58,"column":1}},"line":26}},"branchMap":{},"s":{"0":0,"1":0,"2":0,"3":0,"4":0},"f":{"0":0,"1":0},"b":{}}
,"/home/runner/work/next-template/next-template/src/pages/index.tsx": {"path":"/home/runner/work/next-template/next-template/src/pages/index.tsx","statementMap":{"0":{"start":{"line":26,"column":2},"end":{"line":95,"column":3}},"1":{"start":{"line":98,"column":0},"end":{"line":100,"column":1}},"2":{"start":{"line":99,"column":2},"end":{"line":99,"column":20}},"3":{"start":{"line":102,"column":54},"end":{"line":122,"column":1}},"4":{"start":{"line":104,"column":15},"end":{"line":117,"column":3}},"5":{"start":{"line":119,"column":2},"end":{"line":121,"column":3}}},"fnMap":{"0":{"name":"Index","decl":{"start":{"line":25,"column":24},"end":{"line":25,"column":29}},"loc":{"start":{"line":25,"column":49},"end":{"line":96,"column":1}},"line":25},"1":{"name":"PageLayout","decl":{"start":{"line":98,"column":27},"end":{"line":98,"column":37}},"loc":{"start":{"line":98,"column":54},"end":{"line":100,"column":1}},"line":98},"2":{"name":"(anonymous_2)","decl":{"start":{"line":102,"column":54},"end":{"line":102,"column":55}},"loc":{"start":{"line":102,"column":76},"end":{"line":122,"column":1}},"line":102}},"branchMap":{},"s":{"0":0,"1":0,"2":0,"3":0,"4":0,"5":0},"f":{"0":0,"1":0,"2":0},"b":{}}
,"/home/runner/work/next-template/next-template/src/pages/api/envAPIExample.ts": {"path":"/home/runner/work/next-template/next-template/src/pages/api/envAPIExample.ts","statementMap":{"0":{"start":{"line":4,"column":2},"end":{"line":4,"column":59}}},"fnMap":{"0":{"name":"handler","decl":{"start":{"line":3,"column":24},"end":{"line":3,"column":31}},"loc":{"start":{"line":3,"column":75},"end":{"line":5,"column":1}},"line":3}},"branchMap":{},"s":{"0":0},"f":{"0":0},"b":{}}
,"/home/runner/work/next-template/next-template/src/pages/api/metrics.ts": {"path":"/home/runner/work/next-template/next-template/src/pages/api/metrics.ts","statementMap":{},"fnMap":{},"branchMap":{},"s":{},"f":{},"b":{}}
}
