TN:
SF:src/components/DateModified.tsx
FN:14,(anonymous_0)
FNF:1
FNH:1
FNDA:9,(anonymous_0)
DA:14,3
DA:15,9
DA:25,3
LF:3
LH:3
BRF:0
BRH:0
end_of_record
TN:
SF:src/components/Footer.tsx
FN:23,(anonymous_0)
FN:41,(anonymous_1)
FN:67,(anonymous_2)
FNF:3
FNH:3
FNDA:7,(anonymous_0)
FNDA:48,(anonymous_1)
FNDA:30,(anonymous_2)
DA:23,2
DA:24,7
DA:25,7
DA:42,48
DA:68,30
LF:5
LH:5
BRDA:72,0,0,7
BRDA:72,0,1,23
BRF:2
BRH:2
end_of_record
TN:
SF:src/components/Header.tsx
FN:10,(anonymous_0)
FNF:1
FNH:1
FNDA:10,(anonymous_0)
DA:10,2
DA:11,10
DA:12,8
LF:3
LH:3
BRDA:36,0,0,7
BRDA:36,0,1,1
BRDA:41,1,0,7
BRDA:41,1,1,1
BRDA:51,2,0,8
BRDA:51,2,1,8
BRDA:52,3,0,7
BRDA:52,3,1,1
BRDA:54,4,0,7
BRDA:54,4,1,1
BRDA:56,5,0,7
BRDA:56,5,1,1
BRDA:64,6,0,8
BRDA:64,6,1,8
BRDA:65,7,0,7
BRDA:65,7,1,1
BRDA:68,8,0,7
BRDA:68,8,1,1
BRDA:70,9,0,7
BRDA:70,9,1,1
BRF:20
BRH:20
end_of_record
TN:
SF:src/components/Layout.tsx
FN:28,(anonymous_0)
FNF:1
FNH:1
FNDA:6,(anonymous_0)
DA:28,1
DA:29,6
DA:31,5
DA:114,1
LF:4
LH:4
BRDA:33,0,0,5
BRDA:33,0,1,0
BRDA:36,1,0,5
BRDA:36,1,1,0
BRF:4
BRH:2
end_of_record
TN:
SF:src/components/MetaData.tsx
FN:22,(anonymous_0)
FNF:1
FNH:1
FNDA:5,(anonymous_0)
DA:22,1
DA:23,5
DA:25,5
LF:3
LH:3
BRDA:23,0,0,5
BRDA:23,0,1,0
BRF:2
BRH:1
end_of_record
TN:
SF:src/lib/cms.ts
FN:1,fetchContent
FN:6,exampleResponse
FNF:2
FNH:2
FNDA:1,fetchContent
FNDA:1,exampleResponse
DA:2,1
DA:3,1
DA:7,1
DA:10,1
LF:4
LH:4
BRDA:3,0,0,0
BRDA:3,0,1,1
BRF:2
BRH:1
end_of_record
TN:
SF:src/pages/404.tsx
FN:5,Custom404
FN:65,(anonymous_1)
FNF:2
FNH:0
FNDA:0,Custom404
FNDA:0,(anonymous_1)
DA:6,0
DA:65,0
DA:67,0
DA:82,0
LF:4
LH:0
BRF:0
BRH:0
end_of_record
TN:
SF:src/pages/_app.tsx
FN:17,(anonymous_0)
FNF:1
FNH:0
FNDA:0,(anonymous_0)
DA:17,0
DA:18,0
DA:19,0
DA:22,0
LF:4
LH:0
BRDA:18,0,0,0
BRDA:18,0,1,0
BRF:2
BRH:0
end_of_record
TN:
SF:src/pages/_error.tsx
FN:9,(anonymous_0)
FN:77,(anonymous_1)
FNF:2
FNH:0
FNDA:0,(anonymous_0)
FNDA:0,(anonymous_1)
DA:9,0
DA:10,0
DA:77,0
DA:78,0
DA:79,0
LF:5
LH:0
BRDA:15,0,0,0
BRDA:15,0,1,0
BRDA:46,1,0,0
BRDA:46,1,1,0
BRDA:78,2,0,0
BRDA:78,2,1,0
BRDA:78,3,0,0
BRDA:78,3,1,0
BRF:8
BRH:0
end_of_record
TN:
SF:src/pages/home.tsx
FN:15,Home
FN:28,(anonymous_1)
FNF:2
FNH:0
FNDA:0,Home
FNDA:0,(anonymous_1)
DA:16,0
DA:17,0
DA:28,0
DA:29,0
DA:35,0
DA:50,0
LF:6
LH:0
BRF:0
BRH:0
end_of_record
TN:
SF:src/pages/index.tsx
FN:25,Index
FN:98,PageLayout
FN:102,(anonymous_2)
FNF:3
FNH:0
FNDA:0,Index
FNDA:0,PageLayout
FNDA:0,(anonymous_2)
DA:26,0
DA:98,0
DA:99,0
DA:102,0
DA:104,0
DA:119,0
LF:6
LH:0
BRF:0
BRH:0
end_of_record
TN:
SF:src/pages/api/envAPIExample.ts
FN:3,handler
FNF:1
FNH:0
FNDA:0,handler
DA:4,0
LF:1
LH:0
BRF:0
BRH:0
end_of_record
TN:
SF:src/pages/api/metrics.ts
FNF:0
FNH:0
LF:0
LH:0
BRF:0
BRH:0
end_of_record
