{"/home/runner/work/next-template/next-template/src/instrumentation.node.ts": {"path":"/home/runner/work/next-template/next-template/src/instrumentation.node.ts","statementMap":{"0":{"start":{"line":57,"column":15},"end":{"line":57,"column":48}},"1":{"start":{"line":59,"column":26},"end":{"line":94,"column":1}},"2":{"start":{"line":60,"column":24},"end":{"line":60,"column":57}},"3":{"start":{"line":62,"column":2},"end":{"line":81,"column":3}},"4":{"start":{"line":63,"column":4},"end":{"line":67,"column":5}},"5":{"start":{"line":64,"column":6},"end":{"line":66,"column":7}},"6":{"start":{"line":69,"column":4},"end":{"line":73,"column":5}},"7":{"start":{"line":75,"column":4},"end":{"line":80,"column":6}},"8":{"start":{"line":83,"column":2},"end":{"line":85,"column":3}},"9":{"start":{"line":87,"column":2},"end":{"line":93,"column":3}},"10":{"start":{"line":90,"column":6},"end":{"line":90,"column":56}},"11":{"start":{"line":96,"column":32},"end":{"line":98,"column":1}},"12":{"start":{"line":97,"column":2},"end":{"line":97,"column":77}},"13":{"start":{"line":100,"column":25},"end":{"line":102,"column":1}},"14":{"start":{"line":101,"column":2},"end":{"line":101,"column":76}},"15":{"start":{"line":104,"column":25},"end":{"line":135,"column":1}},"16":{"start":{"line":105,"column":23},"end":{"line":105,"column":55}},"17":{"start":{"line":107,"column":2},"end":{"line":123,"column":3}},"18":{"start":{"line":108,"column":4},"end":{"line":112,"column":5}},"19":{"start":{"line":109,"column":6},"end":{"line":111,"column":7}},"20":{"start":{"line":114,"column":4},"end":{"line":116,"column":5}},"21":{"start":{"line":118,"column":4},"end":{"line":122,"column":6}},"22":{"start":{"line":125,"column":2},"end":{"line":127,"column":3}},"23":{"start":{"line":129,"column":2},"end":{"line":134,"column":3}},"24":{"start":{"line":132,"column":6},"end":{"line":132,"column":56}},"25":{"start":{"line":137,"column":0},"end":{"line":137,"column":48}},"26":{"start":{"line":139,"column":12},"end":{"line":160,"column":2}},"27":{"start":{"line":161,"column":0},"end":{"line":161,"column":11}}},"fnMap":{"0":{"name":"(anonymous_0)","decl":{"start":{"line":59,"column":26},"end":{"line":59,"column":27}},"loc":{"start":{"line":59,"column":52},"end":{"line":94,"column":1}},"line":59},"1":{"name":"(anonymous_1)","decl":{"start":{"line":89,"column":12},"end":{"line":89,"column":13}},"loc":{"start":{"line":90,"column":6},"end":{"line":90,"column":56}},"line":90},"2":{"name":"(anonymous_2)","decl":{"start":{"line":91,"column":16},"end":{"line":91,"column":17}},"loc":{"start":{"line":91,"column":28},"end":{"line":91,"column":30}},"line":91},"3":{"name":"(anonymous_3)","decl":{"start":{"line":92,"column":14},"end":{"line":92,"column":15}},"loc":{"start":{"line":92,"column":26},"end":{"line":92,"column":28}},"line":92},"4":{"name":"(anonymous_4)","decl":{"start":{"line":96,"column":32},"end":{"line":96,"column":33}},"loc":{"start":{"line":96,"column":38},"end":{"line":98,"column":1}},"line":96},"5":{"name":"(anonymous_5)","decl":{"start":{"line":100,"column":25},"end":{"line":100,"column":26}},"loc":{"start":{"line":100,"column":31},"end":{"line":102,"column":1}},"line":100},"6":{"name":"(anonymous_6)","decl":{"start":{"line":104,"column":25},"end":{"line":104,"column":26}},"loc":{"start":{"line":104,"column":45},"end":{"line":135,"column":1}},"line":104},"7":{"name":"(anonymous_7)","decl":{"start":{"line":131,"column":12},"end":{"line":131,"column":13}},"loc":{"start":{"line":132,"column":6},"end":{"line":132,"column":56}},"line":132},"8":{"name":"(anonymous_8)","decl":{"start":{"line":133,"column":14},"end":{"line":133,"column":15}},"loc":{"start":{"line":133,"column":26},"end":{"line":133,"column":28}},"line":133}},"branchMap":{"0":{"loc":{"start":{"line":62,"column":2},"end":{"line":81,"column":3}},"type":"if","locations":[{"start":{"line":62,"column":2},"end":{"line":81,"column":3}},{"start":{},"end":{}}],"line":62},"1":{"loc":{"start":{"line":63,"column":4},"end":{"line":67,"column":5}},"type":"if","locations":[{"start":{"line":63,"column":4},"end":{"line":67,"column":5}},{"start":{},"end":{}}],"line":63},"2":{"loc":{"start":{"line":97,"column":18},"end":{"line":97,"column":76}},"type":"binary-expr","locations":[{"start":{"line":97,"column":18},"end":{"line":97,"column":65}},{"start":{"line":97,"column":69},"end":{"line":97,"column":76}}],"line":97},"3":{"loc":{"start":{"line":101,"column":18},"end":{"line":101,"column":75}},"type":"binary-expr","locations":[{"start":{"line":101,"column":18},"end":{"line":101,"column":64}},{"start":{"line":101,"column":68},"end":{"line":101,"column":75}}],"line":101},"4":{"loc":{"start":{"line":107,"column":2},"end":{"line":123,"column":3}},"type":"if","locations":[{"start":{"line":107,"column":2},"end":{"line":123,"column":3}},{"start":{},"end":{}}],"line":107},"5":{"loc":{"start":{"line":108,"column":4},"end":{"line":112,"column":5}},"type":"if","locations":[{"start":{"line":108,"column":4},"end":{"line":112,"column":5}},{"start":{},"end":{}}],"line":108},"6":{"loc":{"start":{"line":152,"column":6},"end":{"line":152,"column":45}},"type":"binary-expr","locations":[{"start":{"line":152,"column":6},"end":{"line":152,"column":34}},{"start":{"line":152,"column":38},"end":{"line":152,"column":45}}],"line":152},"7":{"loc":{"start":{"line":154,"column":6},"end":{"line":154,"column":54}},"type":"binary-expr","locations":[{"start":{"line":154,"column":6},"end":{"line":154,"column":35}},{"start":{"line":154,"column":39},"end":{"line":154,"column":54}}],"line":154},"8":{"loc":{"start":{"line":156,"column":6},"end":{"line":156,"column":59}},"type":"binary-expr","locations":[{"start":{"line":156,"column":6},"end":{"line":156,"column":31}},{"start":{"line":156,"column":35},"end":{"line":156,"column":59}}],"line":156}},"s":{"0":0,"1":0,"2":0,"3":0,"4":0,"5":0,"6":0,"7":0,"8":0,"9":0,"10":0,"11":0,"12":0,"13":0,"14":0,"15":0,"16":0,"17":0,"18":0,"19":0,"20":0,"21":0,"22":0,"23":0,"24":0,"25":0,"26":0,"27":0},"f":{"0":0,"1":0,"2":0,"3":0,"4":0,"5":0,"6":0,"7":0,"8":0},"b":{"0":[0,0],"1":[0,0],"2":[0,0],"3":[0,0],"4":[0,0],"5":[0,0],"6":[0,0],"7":[0,0],"8":[0,0]}}
,"/home/runner/work/next-template/next-template/src/instrumentation.ts": {"path":"/home/runner/work/next-template/next-template/src/instrumentation.ts","statementMap":{"0":{"start":{"line":2,"column":2},"end":{"line":4,"column":3}},"1":{"start":{"line":3,"column":4},"end":{"line":3,"column":42}}},"fnMap":{"0":{"name":"register","decl":{"start":{"line":1,"column":22},"end":{"line":1,"column":30}},"loc":{"start":{"line":1,"column":33},"end":{"line":5,"column":1}},"line":1}},"branchMap":{"0":{"loc":{"start":{"line":2,"column":2},"end":{"line":4,"column":3}},"type":"if","locations":[{"start":{"line":2,"column":2},"end":{"line":4,"column":3}},{"start":{},"end":{}}],"line":2}},"s":{"0":0,"1":0},"f":{"0":0},"b":{"0":[0,0]}}
,"/home/runner/work/next-template/next-template/src/middleware.ts": {"path":"/home/runner/work/next-template/next-template/src/middleware.ts","statementMap":{"0":{"start":{"line":5,"column":27},"end":{"line":5,"column":30}},"1":{"start":{"line":6,"column":31},"end":{"line":6,"column":38}},"2":{"start":{"line":7,"column":17},"end":{"line":7,"column":40}},"3":{"start":{"line":9,"column":2},"end":{"line":15,"column":3}},"4":{"start":{"line":14,"column":4},"end":{"line":14,"column":30}},"5":{"start":{"line":17,"column":2},"end":{"line":17,"column":47}},"6":{"start":{"line":19,"column":2},"end":{"line":26,"column":3}},"7":{"start":{"line":20,"column":4},"end":{"line":22,"column":5}},"8":{"start":{"line":24,"column":4},"end":{"line":24,"column":33}},"9":{"start":{"line":25,"column":4},"end":{"line":25,"column":61}},"10":{"start":{"line":28,"column":2},"end":{"line":28,"column":28}}},"fnMap":{"0":{"name":"middleware","decl":{"start":{"line":4,"column":16},"end":{"line":4,"column":26}},"loc":{"start":{"line":4,"column":45},"end":{"line":29,"column":1}},"line":4}},"branchMap":{"0":{"loc":{"start":{"line":9,"column":2},"end":{"line":15,"column":3}},"type":"if","locations":[{"start":{"line":9,"column":2},"end":{"line":15,"column":3}},{"start":{},"end":{}}],"line":9},"1":{"loc":{"start":{"line":19,"column":2},"end":{"line":26,"column":3}},"type":"if","locations":[{"start":{"line":19,"column":2},"end":{"line":26,"column":3}},{"start":{},"end":{}}],"line":19},"2":{"loc":{"start":{"line":19,"column":6},"end":{"line":19,"column":39}},"type":"binary-expr","locations":[{"start":{"line":19,"column":6},"end":{"line":19,"column":19}},{"start":{"line":19,"column":23},"end":{"line":19,"column":39}}],"line":19}},"s":{"0":0,"1":0,"2":0,"3":0,"4":0,"5":0,"6":0,"7":0,"8":0,"9":0,"10":0},"f":{"0":0},"b":{"0":[0,0],"1":[0,0],"2":[0,0]}}
,"/home/runner/work/next-template/next-template/src/components/DateModified.tsx": {"path":"/home/runner/work/next-template/next-template/src/components/DateModified.tsx","statementMap":{"0":{"start":{"line":14,"column":50},"end":{"line":23,"column":1}},"1":{"start":{"line":15,"column":2},"end":{"line":22,"column":3}},"2":{"start":{"line":25,"column":0},"end":{"line":28,"column":1}}},"fnMap":{"0":{"name":"(anonymous_0)","decl":{"start":{"line":14,"column":50},"end":{"line":14,"column":51}},"loc":{"start":{"line":14,"column":68},"end":{"line":23,"column":1}},"line":14}},"branchMap":{},"s":{"0":4,"1":6,"2":4},"f":{"0":6},"b":{},"_coverageSchema":"1a1c01bbd47fc00a2c39e90264f33305004495a9","hash":"2d0c3b9a35e2403bd4187dd5a467fac3baccaa54"}
,"/home/runner/work/next-template/next-template/src/components/Footer.tsx": {"path":"/home/runner/work/next-template/next-template/src/components/Footer.tsx","statementMap":{"0":{"start":{"line":23,"column":38},"end":{"line":101,"column":1}},"1":{"start":{"line":24,"column":16},"end":{"line":24,"column":40}},"2":{"start":{"line":25,"column":2},"end":{"line":100,"column":3}},"3":{"start":{"line":42,"column":16},"end":{"line":51,"column":17}},"4":{"start":{"line":68,"column":18},"end":{"line":85,"column":19}}},"fnMap":{"0":{"name":"(anonymous_0)","decl":{"start":{"line":23,"column":38},"end":{"line":23,"column":39}},"loc":{"start":{"line":23,"column":49},"end":{"line":101,"column":1}},"line":23},"1":{"name":"(anonymous_1)","decl":{"start":{"line":41,"column":40},"end":{"line":41,"column":41}},"loc":{"start":{"line":41,"column":58},"end":{"line":52,"column":15}},"line":41},"2":{"name":"(anonymous_2)","decl":{"start":{"line":67,"column":33},"end":{"line":67,"column":34}},"loc":{"start":{"line":67,"column":51},"end":{"line":86,"column":17}},"line":67}},"branchMap":{"0":{"loc":{"start":{"line":72,"column":24},"end":{"line":74,"column":79}},"type":"cond-expr","locations":[{"start":{"line":73,"column":28},"end":{"line":73,"column":92}},{"start":{"line":74,"column":28},"end":{"line":74,"column":79}}],"line":72}},"s":{"0":3,"1":5,"2":5,"3":38,"4":24},"f":{"0":5,"1":38,"2":24},"b":{"0":[5,19]},"_coverageSchema":"1a1c01bbd47fc00a2c39e90264f33305004495a9","hash":"16663b91e845e5ce4d5db5bfdb30e1da7cbfe6c1"}
,"/home/runner/work/next-template/next-template/src/components/Header.tsx": {"path":"/home/runner/work/next-template/next-template/src/components/Header.tsx","statementMap":{"0":{"start":{"line":10,"column":38},"end":{"line":79,"column":1}},"1":{"start":{"line":11,"column":16},"end":{"line":11,"column":40}},"2":{"start":{"line":12,"column":2},"end":{"line":78,"column":3}}},"fnMap":{"0":{"name":"(anonymous_0)","decl":{"start":{"line":10,"column":38},"end":{"line":10,"column":39}},"loc":{"start":{"line":10,"column":49},"end":{"line":79,"column":1}},"line":10}},"branchMap":{"0":{"loc":{"start":{"line":36,"column":18},"end":{"line":38,"column":46}},"type":"cond-expr","locations":[{"start":{"line":37,"column":22},"end":{"line":37,"column":46}},{"start":{"line":38,"column":22},"end":{"line":38,"column":46}}],"line":36},"1":{"loc":{"start":{"line":41,"column":18},"end":{"line":43,"column":46}},"type":"cond-expr","locations":[{"start":{"line":42,"column":22},"end":{"line":42,"column":44}},{"start":{"line":43,"column":22},"end":{"line":43,"column":46}}],"line":41},"2":{"loc":{"start":{"line":51,"column":20},"end":{"line":51,"column":47}},"type":"binary-expr","locations":[{"start":{"line":51,"column":20},"end":{"line":51,"column":40}},{"start":{"line":51,"column":44},"end":{"line":51,"column":47}}],"line":51},"3":{"loc":{"start":{"line":52,"column":22},"end":{"line":52,"column":59}},"type":"cond-expr","locations":[{"start":{"line":52,"column":48},"end":{"line":52,"column":52}},{"start":{"line":52,"column":55},"end":{"line":52,"column":59}}],"line":52},"4":{"loc":{"start":{"line":54,"column":20},"end":{"line":54,"column":57}},"type":"cond-expr","locations":[{"start":{"line":54,"column":46},"end":{"line":54,"column":50}},{"start":{"line":54,"column":53},"end":{"line":54,"column":57}}],"line":54},"5":{"loc":{"start":{"line":56,"column":15},"end":{"line":56,"column":52}},"type":"cond-expr","locations":[{"start":{"line":56,"column":41},"end":{"line":56,"column":45}},{"start":{"line":56,"column":48},"end":{"line":56,"column":52}}],"line":56},"6":{"loc":{"start":{"line":64,"column":20},"end":{"line":64,"column":47}},"type":"binary-expr","locations":[{"start":{"line":64,"column":20},"end":{"line":64,"column":40}},{"start":{"line":64,"column":44},"end":{"line":64,"column":47}}],"line":64},"7":{"loc":{"start":{"line":65,"column":22},"end":{"line":65,"column":59}},"type":"cond-expr","locations":[{"start":{"line":65,"column":48},"end":{"line":65,"column":52}},{"start":{"line":65,"column":55},"end":{"line":65,"column":59}}],"line":65},"8":{"loc":{"start":{"line":68,"column":20},"end":{"line":68,"column":57}},"type":"cond-expr","locations":[{"start":{"line":68,"column":46},"end":{"line":68,"column":50}},{"start":{"line":68,"column":53},"end":{"line":68,"column":57}}],"line":68},"9":{"loc":{"start":{"line":70,"column":15},"end":{"line":70,"column":63}},"type":"cond-expr","locations":[{"start":{"line":70,"column":41},"end":{"line":70,"column":51}},{"start":{"line":70,"column":54},"end":{"line":70,"column":63}}],"line":70}},"s":{"0":3,"1":6,"2":6},"f":{"0":6},"b":{"0":[5,1],"1":[5,1],"2":[6,6],"3":[5,1],"4":[5,1],"5":[5,1],"6":[6,6],"7":[5,1],"8":[5,1],"9":[5,1]},"_coverageSchema":"1a1c01bbd47fc00a2c39e90264f33305004495a9","hash":"f7b136abc5c606ba41bf2de1190c39a3a12f8e47"}
,"/home/runner/work/next-template/next-template/src/components/Layout.tsx": {"path":"/home/runner/work/next-template/next-template/src/components/Layout.tsx","statementMap":{"0":{"start":{"line":13,"column":38},"end":{"line":95,"column":1}},"1":{"start":{"line":14,"column":16},"end":{"line":14,"column":40}},"2":{"start":{"line":16,"column":2},"end":{"line":94,"column":3}},"3":{"start":{"line":97,"column":0},"end":{"line":99,"column":1}}},"fnMap":{"0":{"name":"(anonymous_0)","decl":{"start":{"line":13,"column":38},"end":{"line":13,"column":39}},"loc":{"start":{"line":13,"column":49},"end":{"line":95,"column":1}},"line":13}},"branchMap":{"0":{"loc":{"start":{"line":19,"column":18},"end":{"line":19,"column":38}},"type":"binary-expr","locations":[{"start":{"line":19,"column":18},"end":{"line":19,"column":30}},{"start":{"line":19,"column":34},"end":{"line":19,"column":38}}],"line":19}},"s":{"0":2,"1":4,"2":4,"3":2},"f":{"0":4},"b":{"0":[4,0]},"_coverageSchema":"1a1c01bbd47fc00a2c39e90264f33305004495a9","hash":"817355d8d477e79613184235e54f871a201ad6da"}
,"/home/runner/work/next-template/next-template/src/lib/cms.ts": {"path":"/home/runner/work/next-template/next-template/src/lib/cms.ts","statementMap":{"0":{"start":{"line":2,"column":14},"end":{"line":2,"column":23}},"1":{"start":{"line":3,"column":2},"end":{"line":3,"column":38}},"2":{"start":{"line":7,"column":2},"end":{"line":9,"column":3}},"3":{"start":{"line":10,"column":2},"end":{"line":10,"column":71}}},"fnMap":{"0":{"name":"fetchContent","decl":{"start":{"line":1,"column":22},"end":{"line":1,"column":34}},"loc":{"start":{"line":1,"column":37},"end":{"line":4,"column":1}},"line":1},"1":{"name":"exampleResponse","decl":{"start":{"line":6,"column":15},"end":{"line":6,"column":30}},"loc":{"start":{"line":6,"column":33},"end":{"line":11,"column":1}},"line":6}},"branchMap":{"0":{"loc":{"start":{"line":3,"column":9},"end":{"line":3,"column":38}},"type":"cond-expr","locations":[{"start":{"line":3,"column":15},"end":{"line":3,"column":18}},{"start":{"line":3,"column":21},"end":{"line":3,"column":38}}],"line":3}},"s":{"0":1,"1":1,"2":1,"3":1},"f":{"0":1,"1":1},"b":{"0":[0,1]},"_coverageSchema":"1a1c01bbd47fc00a2c39e90264f33305004495a9","hash":"7584c30fa17c9154c3308795370cd779b7b95f27"}
,"/home/runner/work/next-template/next-template/src/logging/log-level.ts": {"path":"/home/runner/work/next-template/next-template/src/logging/log-level.ts","statementMap":{"0":{"start":{"line":1,"column":21},"end":{"line":5,"column":1}}},"fnMap":{},"branchMap":{},"s":{"0":0},"f":{},"b":{}}
,"/home/runner/work/next-template/next-template/src/logging/log-util.ts": {"path":"/home/runner/work/next-template/next-template/src/logging/log-util.ts","statementMap":{"0":{"start":{"line":4,"column":18},"end":{"line":4,"column":71}},"1":{"start":{"line":7,"column":2},"end":{"line":7,"column":62}},"2":{"start":{"line":11,"column":2},"end":{"line":11,"column":49}}},"fnMap":{"0":{"name":"getLogLevel","decl":{"start":{"line":6,"column":16},"end":{"line":6,"column":27}},"loc":{"start":{"line":6,"column":52},"end":{"line":8,"column":1}},"line":6},"1":{"name":"getLogger","decl":{"start":{"line":10,"column":16},"end":{"line":10,"column":25}},"loc":{"start":{"line":10,"column":48},"end":{"line":12,"column":1}},"line":10}},"branchMap":{"0":{"loc":{"start":{"line":7,"column":9},"end":{"line":7,"column":62}},"type":"binary-expr","locations":[{"start":{"line":7,"column":9},"end":{"line":7,"column":30}},{"start":{"line":7,"column":34},"end":{"line":7,"column":52}},{"start":{"line":7,"column":56},"end":{"line":7,"column":62}}],"line":7}},"s":{"0":0,"1":0,"2":0},"f":{"0":0,"1":0},"b":{"0":[0,0,0]}}
,"/home/runner/work/next-template/next-template/src/pages/404.tsx": {"path":"/home/runner/work/next-template/next-template/src/pages/404.tsx","statementMap":{"0":{"start":{"line":7,"column":2},"end":{"line":61,"column":3}},"1":{"start":{"line":64,"column":0},"end":{"line":66,"column":1}},"2":{"start":{"line":65,"column":2},"end":{"line":65,"column":20}}},"fnMap":{"0":{"name":"Custom404","decl":{"start":{"line":6,"column":24},"end":{"line":6,"column":33}},"loc":{"start":{"line":6,"column":36},"end":{"line":62,"column":1}},"line":6},"1":{"name":"PageLayout","decl":{"start":{"line":64,"column":31},"end":{"line":64,"column":41}},"loc":{"start":{"line":64,"column":58},"end":{"line":66,"column":1}},"line":64}},"branchMap":{},"s":{"0":1,"1":1,"2":0},"f":{"0":1,"1":0},"b":{},"_coverageSchema":"1a1c01bbd47fc00a2c39e90264f33305004495a9","hash":"4ddeb44a2300fa32dd9b3e2926545e1f1388f730"}
,"/home/runner/work/next-template/next-template/src/pages/_app.tsx": {"path":"/home/runner/work/next-template/next-template/src/pages/_app.tsx","statementMap":{"0":{"start":{"line":18,"column":12},"end":{"line":36,"column":1}},"1":{"start":{"line":19,"column":2},"end":{"line":21,"column":3}},"2":{"start":{"line":20,"column":4},"end":{"line":20,"column":60}},"3":{"start":{"line":23,"column":2},"end":{"line":35,"column":3}}},"fnMap":{"0":{"name":"(anonymous_0)","decl":{"start":{"line":18,"column":12},"end":{"line":18,"column":13}},"loc":{"start":{"line":18,"column":49},"end":{"line":36,"column":1}},"line":18}},"branchMap":{"0":{"loc":{"start":{"line":19,"column":2},"end":{"line":21,"column":3}},"type":"if","locations":[{"start":{"line":19,"column":2},"end":{"line":21,"column":3}},{"start":{},"end":{}}],"line":19}},"s":{"0":1,"1":1,"2":1,"3":0},"f":{"0":1},"b":{"0":[1,0]},"_coverageSchema":"1a1c01bbd47fc00a2c39e90264f33305004495a9","hash":"5c9b685e247cc67da3f7c03d134c3d802bcbba40"}
,"/home/runner/work/next-template/next-template/src/pages/_document.tsx": {"path":"/home/runner/work/next-template/next-template/src/pages/_document.tsx","statementMap":{"0":{"start":{"line":8,"column":15},"end":{"line":8,"column":29}},"1":{"start":{"line":9,"column":2},"end":{"line":26,"column":3}}},"fnMap":{"0":{"name":"Document","decl":{"start":{"line":7,"column":24},"end":{"line":7,"column":32}},"loc":{"start":{"line":7,"column":60},"end":{"line":27,"column":1}},"line":7}},"branchMap":{"0":{"loc":{"start":{"line":8,"column":15},"end":{"line":8,"column":29}},"type":"binary-expr","locations":[{"start":{"line":8,"column":15},"end":{"line":8,"column":21}},{"start":{"line":8,"column":25},"end":{"line":8,"column":29}}],"line":8}},"s":{"0":0,"1":0},"f":{"0":0},"b":{"0":[0,0]}}
,"/home/runner/work/next-template/next-template/src/pages/_error.tsx": {"path":"/home/runner/work/next-template/next-template/src/pages/_error.tsx","statementMap":{"0":{"start":{"line":10,"column":2},"end":{"line":68,"column":3}},"1":{"start":{"line":71,"column":0},"end":{"line":73,"column":1}},"2":{"start":{"line":72,"column":2},"end":{"line":72,"column":20}},"3":{"start":{"line":75,"column":0},"end":{"line":78,"column":1}},"4":{"start":{"line":76,"column":21},"end":{"line":76,"column":70}},"5":{"start":{"line":77,"column":2},"end":{"line":77,"column":23}}},"fnMap":{"0":{"name":"CustomError","decl":{"start":{"line":9,"column":16},"end":{"line":9,"column":27}},"loc":{"start":{"line":9,"column":56},"end":{"line":69,"column":1}},"line":9},"1":{"name":"PageLayout","decl":{"start":{"line":71,"column":33},"end":{"line":71,"column":43}},"loc":{"start":{"line":71,"column":60},"end":{"line":73,"column":1}},"line":71},"2":{"name":"(anonymous_2)","decl":{"start":{"line":75,"column":30},"end":{"line":75,"column":31}},"loc":{"start":{"line":75,"column":65},"end":{"line":78,"column":1}},"line":75}},"branchMap":{"0":{"loc":{"start":{"line":15,"column":11},"end":{"line":17,"column":43}},"type":"cond-expr","locations":[{"start":{"line":16,"column":14},"end":{"line":16,"column":57}},{"start":{"line":17,"column":14},"end":{"line":17,"column":43}}],"line":15},"1":{"loc":{"start":{"line":42,"column":11},"end":{"line":44,"column":45}},"type":"cond-expr","locations":[{"start":{"line":43,"column":14},"end":{"line":43,"column":36}},{"start":{"line":44,"column":14},"end":{"line":44,"column":45}}],"line":42},"2":{"loc":{"start":{"line":76,"column":21},"end":{"line":76,"column":70}},"type":"cond-expr","locations":[{"start":{"line":76,"column":27},"end":{"line":76,"column":41}},{"start":{"line":76,"column":44},"end":{"line":76,"column":70}}],"line":76},"3":{"loc":{"start":{"line":76,"column":44},"end":{"line":76,"column":70}},"type":"cond-expr","locations":[{"start":{"line":76,"column":50},"end":{"line":76,"column":64}},{"start":{"line":76,"column":67},"end":{"line":76,"column":70}}],"line":76}},"s":{"0":2,"1":1,"2":0,"3":1,"4":0,"5":0},"f":{"0":2,"1":0,"2":0},"b":{"0":[1,1],"1":[1,1],"2":[0,0],"3":[0,0]},"_coverageSchema":"1a1c01bbd47fc00a2c39e90264f33305004495a9","hash":"2d328a48874b31cfdb8cee6099500f2dc83771ef"}
,"/home/runner/work/next-template/next-template/src/pages/home.tsx": {"path":"/home/runner/work/next-template/next-template/src/pages/home.tsx","statementMap":{"0":{"start":{"line":17,"column":16},"end":{"line":17,"column":50}},"1":{"start":{"line":18,"column":2},"end":{"line":29,"column":3}},"2":{"start":{"line":32,"column":46},"end":{"line":47,"column":1}},"3":{"start":{"line":33,"column":18},"end":{"line":33,"column":38}},"4":{"start":{"line":38,"column":2},"end":{"line":46,"column":3}}},"fnMap":{"0":{"name":"Home","decl":{"start":{"line":16,"column":24},"end":{"line":16,"column":28}},"loc":{"start":{"line":16,"column":47},"end":{"line":30,"column":1}},"line":16},"1":{"name":"(anonymous_1)","decl":{"start":{"line":32,"column":46},"end":{"line":32,"column":47}},"loc":{"start":{"line":32,"column":68},"end":{"line":47,"column":1}},"line":32}},"branchMap":{},"s":{"0":1,"1":1,"2":1,"3":1,"4":1},"f":{"0":1,"1":1},"b":{},"_coverageSchema":"1a1c01bbd47fc00a2c39e90264f33305004495a9","hash":"02c9cd41b4e3f3cc721eca86696df7d2add1de62"}
,"/home/runner/work/next-template/next-template/src/pages/index.tsx": {"path":"/home/runner/work/next-template/next-template/src/pages/index.tsx","statementMap":{"0":{"start":{"line":7,"column":2},"end":{"line":79,"column":3}},"1":{"start":{"line":82,"column":0},"end":{"line":84,"column":1}},"2":{"start":{"line":83,"column":2},"end":{"line":83,"column":20}}},"fnMap":{"0":{"name":"Index","decl":{"start":{"line":6,"column":24},"end":{"line":6,"column":29}},"loc":{"start":{"line":6,"column":32},"end":{"line":80,"column":1}},"line":6},"1":{"name":"PageLayout","decl":{"start":{"line":82,"column":27},"end":{"line":82,"column":37}},"loc":{"start":{"line":82,"column":54},"end":{"line":84,"column":1}},"line":82}},"branchMap":{},"s":{"0":2,"1":2,"2":1},"f":{"0":2,"1":1},"b":{},"_coverageSchema":"1a1c01bbd47fc00a2c39e90264f33305004495a9","hash":"3f1740c6a967ed3ba5482be4f0b8e9da10f30fc6"}
,"/home/runner/work/next-template/next-template/src/pages/api/envAPIExample.ts": {"path":"/home/runner/work/next-template/next-template/src/pages/api/envAPIExample.ts","statementMap":{"0":{"start":{"line":4,"column":2},"end":{"line":4,"column":59}}},"fnMap":{"0":{"name":"handler","decl":{"start":{"line":3,"column":24},"end":{"line":3,"column":31}},"loc":{"start":{"line":3,"column":75},"end":{"line":5,"column":1}},"line":3}},"branchMap":{},"s":{"0":0},"f":{"0":0},"b":{}}
,"/home/runner/work/next-template/next-template/src/pages/api/metrics.ts": {"path":"/home/runner/work/next-template/next-template/src/pages/api/metrics.ts","statementMap":{},"fnMap":{},"branchMap":{},"s":{},"f":{},"b":{}}
}
