{"/home/runner/work/next-template/next-template/components/DateModified.js": {"path":"/home/runner/work/next-template/next-template/components/DateModified.js","statementMap":{"0":{"start":{"line":7,"column":2},"end":{"line":12,"column":3}},"1":{"start":{"line":15,"column":0},"end":{"line":18,"column":1}},"2":{"start":{"line":20,"column":0},"end":{"line":26,"column":1}}},"fnMap":{"0":{"name":"DateModified","decl":{"start":{"line":6,"column":24},"end":{"line":6,"column":36}},"loc":{"start":{"line":6,"column":44},"end":{"line":13,"column":1}},"line":6}},"branchMap":{},"s":{"0":11,"1":4,"2":4},"f":{"0":11},"b":{},"_coverageSchema":"1a1c01bbd47fc00a2c39e90264f33305004495a9","hash":"badd38e77033899f92721a7ac1f27e2db4a1d181"}
,"/home/runner/work/next-template/next-template/components/Footer.js": {"path":"/home/runner/work/next-template/next-template/components/Footer.js","statementMap":{"0":{"start":{"line":9,"column":2},"end":{"line":85,"column":3}},"1":{"start":{"line":27,"column":16},"end":{"line":36,"column":17}},"2":{"start":{"line":53,"column":18},"end":{"line":70,"column":19}},"3":{"start":{"line":88,"column":0},"end":{"line":126,"column":1}}},"fnMap":{"0":{"name":"Footer","decl":{"start":{"line":8,"column":24},"end":{"line":8,"column":30}},"loc":{"start":{"line":8,"column":38},"end":{"line":86,"column":1}},"line":8},"1":{"name":"(anonymous_1)","decl":{"start":{"line":26,"column":40},"end":{"line":26,"column":41}},"loc":{"start":{"line":26,"column":58},"end":{"line":37,"column":15}},"line":26},"2":{"name":"(anonymous_2)","decl":{"start":{"line":52,"column":33},"end":{"line":52,"column":34}},"loc":{"start":{"line":52,"column":51},"end":{"line":71,"column":17}},"line":52}},"branchMap":{"0":{"loc":{"start":{"line":57,"column":24},"end":{"line":59,"column":79}},"type":"cond-expr","locations":[{"start":{"line":58,"column":28},"end":{"line":58,"column":92}},{"start":{"line":59,"column":28},"end":{"line":59,"column":79}}],"line":57}},"s":{"0":9,"1":66,"2":40,"3":3},"f":{"0":9,"1":66,"2":40},"b":{"0":[9,31]},"_coverageSchema":"1a1c01bbd47fc00a2c39e90264f33305004495a9","hash":"aa2e4005e2015ea23f8b7841c9813ea4c1ac1150"}
,"/home/runner/work/next-template/next-template/components/Header.js": {"path":"/home/runner/work/next-template/next-template/components/Header.js","statementMap":{"0":{"start":{"line":5,"column":2},"end":{"line":108,"column":3}},"1":{"start":{"line":111,"column":2},"end":{"line":113,"column":3}},"2":{"start":{"line":116,"column":0},"end":{"line":151,"column":1}}},"fnMap":{"0":{"name":"Header","decl":{"start":{"line":4,"column":24},"end":{"line":4,"column":30}},"loc":{"start":{"line":4,"column":38},"end":{"line":109,"column":1}},"line":4},"1":{"name":"getStaticProps","decl":{"start":{"line":110,"column":22},"end":{"line":110,"column":36}},"loc":{"start":{"line":110,"column":49},"end":{"line":114,"column":1}},"line":110}},"branchMap":{"0":{"loc":{"start":{"line":29,"column":18},"end":{"line":31,"column":39}},"type":"cond-expr","locations":[{"start":{"line":30,"column":22},"end":{"line":30,"column":39}},{"start":{"line":31,"column":22},"end":{"line":31,"column":39}}],"line":29},"1":{"loc":{"start":{"line":34,"column":18},"end":{"line":36,"column":46}},"type":"cond-expr","locations":[{"start":{"line":35,"column":22},"end":{"line":35,"column":44}},{"start":{"line":36,"column":22},"end":{"line":36,"column":46}}],"line":34},"2":{"loc":{"start":{"line":44,"column":20},"end":{"line":44,"column":47}},"type":"binary-expr","locations":[{"start":{"line":44,"column":20},"end":{"line":44,"column":40}},{"start":{"line":44,"column":44},"end":{"line":44,"column":47}}],"line":44},"3":{"loc":{"start":{"line":45,"column":22},"end":{"line":45,"column":59}},"type":"cond-expr","locations":[{"start":{"line":45,"column":48},"end":{"line":45,"column":52}},{"start":{"line":45,"column":55},"end":{"line":45,"column":59}}],"line":45},"4":{"loc":{"start":{"line":50,"column":22},"end":{"line":50,"column":59}},"type":"cond-expr","locations":[{"start":{"line":50,"column":48},"end":{"line":50,"column":52}},{"start":{"line":50,"column":55},"end":{"line":50,"column":59}}],"line":50},"5":{"loc":{"start":{"line":52,"column":17},"end":{"line":52,"column":54}},"type":"cond-expr","locations":[{"start":{"line":52,"column":43},"end":{"line":52,"column":47}},{"start":{"line":52,"column":50},"end":{"line":52,"column":54}}],"line":52},"6":{"loc":{"start":{"line":61,"column":20},"end":{"line":61,"column":47}},"type":"binary-expr","locations":[{"start":{"line":61,"column":20},"end":{"line":61,"column":40}},{"start":{"line":61,"column":44},"end":{"line":61,"column":47}}],"line":61},"7":{"loc":{"start":{"line":62,"column":22},"end":{"line":62,"column":59}},"type":"cond-expr","locations":[{"start":{"line":62,"column":48},"end":{"line":62,"column":52}},{"start":{"line":62,"column":55},"end":{"line":62,"column":59}}],"line":62},"8":{"loc":{"start":{"line":68,"column":22},"end":{"line":68,"column":59}},"type":"cond-expr","locations":[{"start":{"line":68,"column":48},"end":{"line":68,"column":52}},{"start":{"line":68,"column":55},"end":{"line":68,"column":59}}],"line":68},"9":{"loc":{"start":{"line":70,"column":17},"end":{"line":70,"column":65}},"type":"cond-expr","locations":[{"start":{"line":70,"column":43},"end":{"line":70,"column":53}},{"start":{"line":70,"column":56},"end":{"line":70,"column":65}}],"line":70}},"s":{"0":10,"1":0,"2":3},"f":{"0":10,"1":0},"b":{"0":[8,2],"1":[8,2],"2":[10,10],"3":[8,2],"4":[8,2],"5":[8,2],"6":[10,10],"7":[8,2],"8":[8,2],"9":[8,2]},"_coverageSchema":"1a1c01bbd47fc00a2c39e90264f33305004495a9","hash":"23181fe466b386255c9f9593ff0148b823370782"}
,"/home/runner/work/next-template/next-template/components/Layout.js": {"path":"/home/runner/work/next-template/next-template/components/Layout.js","statementMap":{"0":{"start":{"line":10,"column":12},"end":{"line":10,"column":43}},"1":{"start":{"line":11,"column":2},"end":{"line":98,"column":3}},"2":{"start":{"line":105,"column":0},"end":{"line":107,"column":1}},"3":{"start":{"line":109,"column":0},"end":{"line":122,"column":1}}},"fnMap":{"0":{"name":"Layout","decl":{"start":{"line":9,"column":24},"end":{"line":9,"column":30}},"loc":{"start":{"line":9,"column":38},"end":{"line":99,"column":1}},"line":9}},"branchMap":{"0":{"loc":{"start":{"line":10,"column":12},"end":{"line":10,"column":43}},"type":"cond-expr","locations":[{"start":{"line":10,"column":36},"end":{"line":10,"column":38}},{"start":{"line":10,"column":41},"end":{"line":10,"column":43}}],"line":10}},"s":{"0":7,"1":7,"2":2,"3":2},"f":{"0":7},"b":{"0":[6,1]},"_coverageSchema":"1a1c01bbd47fc00a2c39e90264f33305004495a9","hash":"78d42a6fb5eb3d03252f5182e9db21ec42978da6"}
,"/home/runner/work/next-template/next-template/pages/404.js": {"path":"/home/runner/work/next-template/next-template/pages/404.js","statementMap":{"0":{"start":{"line":4,"column":2},"end":{"line":54,"column":3}},"1":{"start":{"line":58,"column":2},"end":{"line":60,"column":3}}},"fnMap":{"0":{"name":"Custom404","decl":{"start":{"line":3,"column":24},"end":{"line":3,"column":33}},"loc":{"start":{"line":3,"column":36},"end":{"line":55,"column":1}},"line":3},"1":{"name":"getStaticProps","decl":{"start":{"line":57,"column":22},"end":{"line":57,"column":36}},"loc":{"start":{"line":57,"column":49},"end":{"line":61,"column":1}},"line":57}},"branchMap":{},"s":{"0":1,"1":0},"f":{"0":1,"1":0},"b":{},"_coverageSchema":"1a1c01bbd47fc00a2c39e90264f33305004495a9","hash":"a2516ccfbd459c161495ebf6786b43e61d2981ca"}
,"/home/runner/work/next-template/next-template/pages/_app.js": {"path":"/home/runner/work/next-template/next-template/pages/_app.js","statementMap":{"0":{"start":{"line":6,"column":2},"end":{"line":8,"column":3}},"1":{"start":{"line":7,"column":4},"end":{"line":7,"column":60}},"2":{"start":{"line":9,"column":2},"end":{"line":13,"column":3}}},"fnMap":{"0":{"name":"MyApp","decl":{"start":{"line":5,"column":9},"end":{"line":5,"column":14}},"loc":{"start":{"line":5,"column":41},"end":{"line":14,"column":1}},"line":5}},"branchMap":{"0":{"loc":{"start":{"line":6,"column":2},"end":{"line":8,"column":3}},"type":"if","locations":[{"start":{"line":6,"column":2},"end":{"line":8,"column":3}},{"start":{},"end":{}}],"line":6}},"s":{"0":1,"1":1,"2":0},"f":{"0":1},"b":{"0":[1,0]},"_coverageSchema":"1a1c01bbd47fc00a2c39e90264f33305004495a9","hash":"c56f669c24383ba74595b875942ec006455e41b9"}
,"/home/runner/work/next-template/next-template/pages/_error.js": {"path":"/home/runner/work/next-template/next-template/pages/_error.js","statementMap":{"0":{"start":{"line":4,"column":2},"end":{"line":62,"column":3}},"1":{"start":{"line":65,"column":0},"end":{"line":71,"column":1}},"2":{"start":{"line":66,"column":21},"end":{"line":66,"column":70}},"3":{"start":{"line":67,"column":2},"end":{"line":70,"column":3}}},"fnMap":{"0":{"name":"CustomError","decl":{"start":{"line":3,"column":9},"end":{"line":3,"column":20}},"loc":{"start":{"line":3,"column":37},"end":{"line":63,"column":1}},"line":3},"1":{"name":"(anonymous_1)","decl":{"start":{"line":65,"column":24},"end":{"line":65,"column":25}},"loc":{"start":{"line":65,"column":50},"end":{"line":71,"column":1}},"line":65}},"branchMap":{"0":{"loc":{"start":{"line":9,"column":11},"end":{"line":11,"column":43}},"type":"cond-expr","locations":[{"start":{"line":10,"column":14},"end":{"line":10,"column":57}},{"start":{"line":11,"column":14},"end":{"line":11,"column":43}}],"line":9},"1":{"loc":{"start":{"line":37,"column":11},"end":{"line":39,"column":45}},"type":"cond-expr","locations":[{"start":{"line":38,"column":14},"end":{"line":38,"column":36}},{"start":{"line":39,"column":14},"end":{"line":39,"column":45}}],"line":37},"2":{"loc":{"start":{"line":66,"column":21},"end":{"line":66,"column":70}},"type":"cond-expr","locations":[{"start":{"line":66,"column":27},"end":{"line":66,"column":41}},{"start":{"line":66,"column":44},"end":{"line":66,"column":70}}],"line":66},"3":{"loc":{"start":{"line":66,"column":44},"end":{"line":66,"column":70}},"type":"cond-expr","locations":[{"start":{"line":66,"column":50},"end":{"line":66,"column":64}},{"start":{"line":66,"column":67},"end":{"line":66,"column":70}}],"line":66}},"s":{"0":2,"1":1,"2":0,"3":0},"f":{"0":2,"1":0},"b":{"0":[1,1],"1":[1,1],"2":[0,0],"3":[0,0]},"_coverageSchema":"1a1c01bbd47fc00a2c39e90264f33305004495a9","hash":"48386c8f4043c67576e30621c2a527322ecc5e2b"}
,"/home/runner/work/next-template/next-template/pages/home.js": {"path":"/home/runner/work/next-template/next-template/pages/home.js","statementMap":{"0":{"start":{"line":8,"column":12},"end":{"line":8,"column":43}},"1":{"start":{"line":9,"column":2},"end":{"line":17,"column":3}},"2":{"start":{"line":21,"column":18},"end":{"line":21,"column":38}},"3":{"start":{"line":22,"column":25},"end":{"line":22,"column":63}},"4":{"start":{"line":23,"column":2},"end":{"line":25,"column":3}},"5":{"start":{"line":28,"column":0},"end":{"line":41,"column":1}}},"fnMap":{"0":{"name":"Home","decl":{"start":{"line":7,"column":24},"end":{"line":7,"column":28}},"loc":{"start":{"line":7,"column":36},"end":{"line":18,"column":1}},"line":7},"1":{"name":"getStaticProps","decl":{"start":{"line":20,"column":22},"end":{"line":20,"column":36}},"loc":{"start":{"line":20,"column":49},"end":{"line":26,"column":1}},"line":20}},"branchMap":{"0":{"loc":{"start":{"line":8,"column":12},"end":{"line":8,"column":43}},"type":"cond-expr","locations":[{"start":{"line":8,"column":36},"end":{"line":8,"column":38}},{"start":{"line":8,"column":41},"end":{"line":8,"column":43}}],"line":8},"1":{"loc":{"start":{"line":22,"column":25},"end":{"line":22,"column":63}},"type":"cond-expr","locations":[{"start":{"line":22,"column":43},"end":{"line":22,"column":53}},{"start":{"line":22,"column":56},"end":{"line":22,"column":63}}],"line":22}},"s":{"0":2,"1":1,"2":0,"3":0,"4":0,"5":1},"f":{"0":2,"1":0},"b":{"0":[1,0],"1":[0,0]},"_coverageSchema":"1a1c01bbd47fc00a2c39e90264f33305004495a9","hash":"aef0ebd915d8d0e389d29b31f71708f64a9d6f28"}
,"/home/runner/work/next-template/next-template/pages/index.js": {"path":"/home/runner/work/next-template/next-template/pages/index.js","statementMap":{"0":{"start":{"line":5,"column":2},"end":{"line":83,"column":3}},"1":{"start":{"line":86,"column":0},"end":{"line":88,"column":1}},"2":{"start":{"line":87,"column":2},"end":{"line":87,"column":20}},"3":{"start":{"line":92,"column":2},"end":{"line":94,"column":3}}},"fnMap":{"0":{"name":"Index","decl":{"start":{"line":4,"column":24},"end":{"line":4,"column":29}},"loc":{"start":{"line":4,"column":32},"end":{"line":84,"column":1}},"line":4},"1":{"name":"PageLayout","decl":{"start":{"line":86,"column":27},"end":{"line":86,"column":37}},"loc":{"start":{"line":86,"column":44},"end":{"line":88,"column":1}},"line":86},"2":{"name":"getStaticProps","decl":{"start":{"line":90,"column":22},"end":{"line":90,"column":36}},"loc":{"start":{"line":90,"column":49},"end":{"line":95,"column":1}},"line":90}},"branchMap":{},"s":{"0":2,"1":2,"2":1,"3":0},"f":{"0":2,"1":1,"2":0},"b":{},"_coverageSchema":"1a1c01bbd47fc00a2c39e90264f33305004495a9","hash":"8195fb1ab78d404c280bc922a7fdb2ecf2e43bbc"}
,"/home/runner/work/next-template/next-template/pages/api/metrics.js": {"path":"/home/runner/work/next-template/next-template/pages/api/metrics.js","statementMap":{"0":{"start":{"line":3,"column":0},"end":{"line":3,"column":53}},"1":{"start":{"line":6,"column":2},"end":{"line":6,"column":53}},"2":{"start":{"line":7,"column":2},"end":{"line":7,"column":30}}},"fnMap":{"0":{"name":"handler","decl":{"start":{"line":5,"column":24},"end":{"line":5,"column":31}},"loc":{"start":{"line":5,"column":42},"end":{"line":8,"column":1}},"line":5}},"branchMap":{},"s":{"0":0,"1":0,"2":0},"f":{"0":0},"b":{}}
}
