TN:
SF:components/DateModified.js
FN:6,DateModified
FNF:1
FNH:1
FNDA:11,DateModified
DA:7,11
DA:15,4
DA:20,4
LF:3
LH:3
BRF:0
BRH:0
end_of_record
TN:
SF:components/Footer.js
FN:8,Footer
FN:26,(anonymous_1)
FN:52,(anonymous_2)
FNF:3
FNH:3
FNDA:9,Footer
FNDA:66,(anonymous_1)
FNDA:40,(anonymous_2)
DA:9,9
DA:27,66
DA:53,40
DA:88,3
LF:4
LH:4
BRDA:57,0,0,9
BRDA:57,0,1,31
BRF:2
BRH:2
end_of_record
TN:
SF:components/Header.js
FN:4,Header
FN:110,getStaticProps
FNF:2
FNH:1
FNDA:10,Header
FNDA:0,getStaticProps
DA:5,10
DA:111,0
DA:116,3
LF:3
LH:2
BRDA:29,0,0,8
BRDA:29,0,1,2
BRDA:34,1,0,8
BRDA:34,1,1,2
BRDA:44,2,0,10
BRDA:44,2,1,10
BRDA:45,3,0,8
BRDA:45,3,1,2
BRDA:50,4,0,8
BRDA:50,4,1,2
BRDA:52,5,0,8
BRDA:52,5,1,2
BRDA:61,6,0,10
BRDA:61,6,1,10
BRDA:62,7,0,8
BRDA:62,7,1,2
BRDA:68,8,0,8
BRDA:68,8,1,2
BRDA:70,9,0,8
BRDA:70,9,1,2
BRF:20
BRH:20
end_of_record
TN:
SF:components/Layout.js
FN:9,Layout
FNF:1
FNH:1
FNDA:7,Layout
DA:10,7
DA:11,7
DA:105,2
DA:109,2
LF:4
LH:4
BRDA:10,0,0,6
BRDA:10,0,1,1
BRF:2
BRH:2
end_of_record
TN:
SF:pages/404.js
FN:3,Custom404
FN:57,getStaticProps
FNF:2
FNH:1
FNDA:1,Custom404
FNDA:0,getStaticProps
DA:4,1
DA:58,0
LF:2
LH:1
BRF:0
BRH:0
end_of_record
TN:
SF:pages/_app.js
FN:5,MyApp
FNF:1
FNH:1
FNDA:1,MyApp
DA:6,1
DA:7,1
DA:9,0
LF:3
LH:2
BRDA:6,0,0,1
BRDA:6,0,1,0
BRF:2
BRH:1
end_of_record
TN:
SF:pages/_error.js
FN:3,CustomError
FN:65,(anonymous_1)
FNF:2
FNH:1
FNDA:2,CustomError
FNDA:0,(anonymous_1)
DA:4,2
DA:65,1
DA:66,0
DA:67,0
LF:4
LH:2
BRDA:9,0,0,1
BRDA:9,0,1,1
BRDA:37,1,0,1
BRDA:37,1,1,1
BRDA:66,2,0,0
BRDA:66,2,1,0
BRDA:66,3,0,0
BRDA:66,3,1,0
BRF:8
BRH:4
end_of_record
TN:
SF:pages/home.js
FN:7,Home
FN:20,getStaticProps
FNF:2
FNH:1
FNDA:2,Home
FNDA:0,getStaticProps
DA:8,2
DA:9,1
DA:21,0
DA:22,0
DA:23,0
DA:28,1
LF:6
LH:3
BRDA:8,0,0,1
BRDA:8,0,1,0
BRDA:22,1,0,0
BRDA:22,1,1,0
BRF:4
BRH:1
end_of_record
TN:
SF:pages/index.js
FN:4,Index
FN:86,PageLayout
FN:90,getStaticProps
FNF:3
FNH:2
FNDA:2,Index
FNDA:1,PageLayout
FNDA:0,getStaticProps
DA:5,2
DA:86,2
DA:87,1
DA:92,0
LF:4
LH:3
BRF:0
BRH:0
end_of_record
TN:
SF:pages/api/metrics.js
FN:5,handler
FNF:1
FNH:0
FNDA:0,handler
DA:3,0
DA:6,0
DA:7,0
LF:3
LH:0
BRF:0
BRH:0
end_of_record
