{"/home/runner/work/next-template/next-template/components/Footer.js": {"path":"/home/runner/work/next-template/next-template/components/Footer.js","statementMap":{"0":{"start":{"line":9,"column":2},"end":{"line":87,"column":3}},"1":{"start":{"line":29,"column":16},"end":{"line":38,"column":17}},"2":{"start":{"line":55,"column":18},"end":{"line":72,"column":19}},"3":{"start":{"line":90,"column":0},"end":{"line":128,"column":1}}},"fnMap":{"0":{"name":"Footer","decl":{"start":{"line":8,"column":24},"end":{"line":8,"column":30}},"loc":{"start":{"line":8,"column":38},"end":{"line":88,"column":1}},"line":8},"1":{"name":"(anonymous_1)","decl":{"start":{"line":28,"column":40},"end":{"line":28,"column":41}},"loc":{"start":{"line":28,"column":58},"end":{"line":39,"column":15}},"line":28},"2":{"name":"(anonymous_2)","decl":{"start":{"line":54,"column":33},"end":{"line":54,"column":34}},"loc":{"start":{"line":54,"column":51},"end":{"line":73,"column":17}},"line":54}},"branchMap":{"0":{"loc":{"start":{"line":59,"column":24},"end":{"line":61,"column":79}},"type":"cond-expr","locations":[{"start":{"line":60,"column":28},"end":{"line":60,"column":92}},{"start":{"line":61,"column":28},"end":{"line":61,"column":79}}],"line":59}},"s":{"0":9,"1":66,"2":40,"3":2},"f":{"0":9,"1":66,"2":40},"b":{"0":[9,31]},"_coverageSchema":"1a1c01bbd47fc00a2c39e90264f33305004495a9","hash":"25bb258774b06a44e70bed490976065b7f92cd24"}
,"/home/runner/work/next-template/next-template/components/Header.js": {"path":"/home/runner/work/next-template/next-template/components/Header.js","statementMap":{"0":{"start":{"line":10,"column":12},"end":{"line":10,"column":43}},"1":{"start":{"line":11,"column":17},"end":{"line":11,"column":28}},"2":{"start":{"line":13,"column":46},"end":{"line":13,"column":62}},"3":{"start":{"line":14,"column":2},"end":{"line":22,"column":58}},"4":{"start":{"line":16,"column":4},"end":{"line":20,"column":5}},"5":{"start":{"line":17,"column":6},"end":{"line":19,"column":7}},"6":{"start":{"line":21,"column":4},"end":{"line":21,"column":44}},"7":{"start":{"line":24,"column":2},"end":{"line":127,"column":3}},"8":{"start":{"line":130,"column":2},"end":{"line":132,"column":3}},"9":{"start":{"line":135,"column":0},"end":{"line":170,"column":1}}},"fnMap":{"0":{"name":"Header","decl":{"start":{"line":9,"column":24},"end":{"line":9,"column":30}},"loc":{"start":{"line":9,"column":38},"end":{"line":128,"column":1}},"line":9},"1":{"name":"(anonymous_1)","decl":{"start":{"line":14,"column":18},"end":{"line":14,"column":19}},"loc":{"start":{"line":14,"column":24},"end":{"line":22,"column":3}},"line":14},"2":{"name":"getStaticProps","decl":{"start":{"line":129,"column":22},"end":{"line":129,"column":36}},"loc":{"start":{"line":129,"column":49},"end":{"line":133,"column":1}},"line":129}},"branchMap":{"0":{"loc":{"start":{"line":10,"column":12},"end":{"line":10,"column":43}},"type":"cond-expr","locations":[{"start":{"line":10,"column":36},"end":{"line":10,"column":38}},{"start":{"line":10,"column":41},"end":{"line":10,"column":43}}],"line":10},"1":{"loc":{"start":{"line":16,"column":4},"end":{"line":20,"column":5}},"type":"if","locations":[{"start":{"line":16,"column":4},"end":{"line":20,"column":5}},{"start":{},"end":{}}],"line":16},"2":{"loc":{"start":{"line":16,"column":8},"end":{"line":16,"column":62}},"type":"binary-expr","locations":[{"start":{"line":16,"column":8},"end":{"line":16,"column":28}},{"start":{"line":16,"column":32},"end":{"line":16,"column":45}},{"start":{"line":16,"column":49},"end":{"line":16,"column":62}}],"line":16},"3":{"loc":{"start":{"line":48,"column":18},"end":{"line":50,"column":39}},"type":"cond-expr","locations":[{"start":{"line":49,"column":22},"end":{"line":49,"column":39}},{"start":{"line":50,"column":22},"end":{"line":50,"column":39}}],"line":48},"4":{"loc":{"start":{"line":53,"column":18},"end":{"line":55,"column":46}},"type":"cond-expr","locations":[{"start":{"line":54,"column":22},"end":{"line":54,"column":44}},{"start":{"line":55,"column":22},"end":{"line":55,"column":46}}],"line":53},"5":{"loc":{"start":{"line":63,"column":20},"end":{"line":63,"column":41}},"type":"binary-expr","locations":[{"start":{"line":63,"column":20},"end":{"line":63,"column":34}},{"start":{"line":63,"column":38},"end":{"line":63,"column":41}}],"line":63},"6":{"loc":{"start":{"line":64,"column":22},"end":{"line":64,"column":59}},"type":"cond-expr","locations":[{"start":{"line":64,"column":48},"end":{"line":64,"column":52}},{"start":{"line":64,"column":55},"end":{"line":64,"column":59}}],"line":64},"7":{"loc":{"start":{"line":69,"column":22},"end":{"line":69,"column":59}},"type":"cond-expr","locations":[{"start":{"line":69,"column":48},"end":{"line":69,"column":52}},{"start":{"line":69,"column":55},"end":{"line":69,"column":59}}],"line":69},"8":{"loc":{"start":{"line":71,"column":17},"end":{"line":71,"column":54}},"type":"cond-expr","locations":[{"start":{"line":71,"column":43},"end":{"line":71,"column":47}},{"start":{"line":71,"column":50},"end":{"line":71,"column":54}}],"line":71},"9":{"loc":{"start":{"line":80,"column":20},"end":{"line":80,"column":41}},"type":"binary-expr","locations":[{"start":{"line":80,"column":20},"end":{"line":80,"column":34}},{"start":{"line":80,"column":38},"end":{"line":80,"column":41}}],"line":80},"10":{"loc":{"start":{"line":81,"column":22},"end":{"line":81,"column":59}},"type":"cond-expr","locations":[{"start":{"line":81,"column":48},"end":{"line":81,"column":52}},{"start":{"line":81,"column":55},"end":{"line":81,"column":59}}],"line":81},"11":{"loc":{"start":{"line":87,"column":22},"end":{"line":87,"column":59}},"type":"cond-expr","locations":[{"start":{"line":87,"column":48},"end":{"line":87,"column":52}},{"start":{"line":87,"column":55},"end":{"line":87,"column":59}}],"line":87},"12":{"loc":{"start":{"line":89,"column":17},"end":{"line":89,"column":65}},"type":"cond-expr","locations":[{"start":{"line":89,"column":43},"end":{"line":89,"column":53}},{"start":{"line":89,"column":56},"end":{"line":89,"column":65}}],"line":89}},"s":{"0":10,"1":10,"2":10,"3":10,"4":10,"5":0,"6":10,"7":10,"8":0,"9":2},"f":{"0":10,"1":10,"2":0},"b":{"0":[0,10],"1":[0,10],"2":[10,0,0],"3":[9,1],"4":[9,1],"5":[10,10],"6":[9,1],"7":[9,1],"8":[9,1],"9":[10,10],"10":[9,1],"11":[9,1],"12":[9,1]},"_coverageSchema":"1a1c01bbd47fc00a2c39e90264f33305004495a9","hash":"27c4f82ee7c99b9156925e9b57846ded86c538b5"}
,"/home/runner/work/next-template/next-template/components/Layout.js": {"path":"/home/runner/work/next-template/next-template/components/Layout.js","statementMap":{"0":{"start":{"line":10,"column":12},"end":{"line":10,"column":43}},"1":{"start":{"line":11,"column":2},"end":{"line":97,"column":3}},"2":{"start":{"line":100,"column":0},"end":{"line":121,"column":1}}},"fnMap":{"0":{"name":"Layout","decl":{"start":{"line":9,"column":24},"end":{"line":9,"column":30}},"loc":{"start":{"line":9,"column":38},"end":{"line":98,"column":1}},"line":9}},"branchMap":{"0":{"loc":{"start":{"line":10,"column":12},"end":{"line":10,"column":43}},"type":"cond-expr","locations":[{"start":{"line":10,"column":36},"end":{"line":10,"column":38}},{"start":{"line":10,"column":41},"end":{"line":10,"column":43}}],"line":10}},"s":{"0":7,"1":7,"2":1},"f":{"0":7},"b":{"0":[7,0]},"_coverageSchema":"1a1c01bbd47fc00a2c39e90264f33305004495a9","hash":"f2ff603a6cbf99138451a89ccdcdd6939f375d25"}
,"/home/runner/work/next-template/next-template/pages/404.js": {"path":"/home/runner/work/next-template/next-template/pages/404.js","statementMap":{"0":{"start":{"line":4,"column":2},"end":{"line":54,"column":3}},"1":{"start":{"line":58,"column":2},"end":{"line":60,"column":3}}},"fnMap":{"0":{"name":"Custom404","decl":{"start":{"line":3,"column":24},"end":{"line":3,"column":33}},"loc":{"start":{"line":3,"column":36},"end":{"line":55,"column":1}},"line":3},"1":{"name":"getStaticProps","decl":{"start":{"line":57,"column":22},"end":{"line":57,"column":36}},"loc":{"start":{"line":57,"column":49},"end":{"line":61,"column":1}},"line":57}},"branchMap":{},"s":{"0":1,"1":0},"f":{"0":1,"1":0},"b":{},"_coverageSchema":"1a1c01bbd47fc00a2c39e90264f33305004495a9","hash":"a2516ccfbd459c161495ebf6786b43e61d2981ca"}
,"/home/runner/work/next-template/next-template/pages/_app.js": {"path":"/home/runner/work/next-template/next-template/pages/_app.js","statementMap":{"0":{"start":{"line":9,"column":12},"end":{"line":9,"column":47}},"1":{"start":{"line":10,"column":2},"end":{"line":14,"column":3}}},"fnMap":{"0":{"name":"MyApp","decl":{"start":{"line":8,"column":9},"end":{"line":8,"column":14}},"loc":{"start":{"line":8,"column":41},"end":{"line":15,"column":1}},"line":8}},"branchMap":{"0":{"loc":{"start":{"line":9,"column":12},"end":{"line":9,"column":47}},"type":"cond-expr","locations":[{"start":{"line":9,"column":40},"end":{"line":9,"column":42}},{"start":{"line":9,"column":45},"end":{"line":9,"column":47}}],"line":9}},"s":{"0":0,"1":0},"f":{"0":0},"b":{"0":[0,0]}}
,"/home/runner/work/next-template/next-template/pages/_error.js": {"path":"/home/runner/work/next-template/next-template/pages/_error.js","statementMap":{"0":{"start":{"line":4,"column":2},"end":{"line":62,"column":3}},"1":{"start":{"line":65,"column":0},"end":{"line":71,"column":1}},"2":{"start":{"line":66,"column":21},"end":{"line":66,"column":70}},"3":{"start":{"line":67,"column":2},"end":{"line":70,"column":3}}},"fnMap":{"0":{"name":"CustomError","decl":{"start":{"line":3,"column":9},"end":{"line":3,"column":20}},"loc":{"start":{"line":3,"column":37},"end":{"line":63,"column":1}},"line":3},"1":{"name":"(anonymous_1)","decl":{"start":{"line":65,"column":24},"end":{"line":65,"column":25}},"loc":{"start":{"line":65,"column":50},"end":{"line":71,"column":1}},"line":65}},"branchMap":{"0":{"loc":{"start":{"line":9,"column":11},"end":{"line":11,"column":43}},"type":"cond-expr","locations":[{"start":{"line":10,"column":14},"end":{"line":10,"column":57}},{"start":{"line":11,"column":14},"end":{"line":11,"column":43}}],"line":9},"1":{"loc":{"start":{"line":37,"column":11},"end":{"line":39,"column":45}},"type":"cond-expr","locations":[{"start":{"line":38,"column":14},"end":{"line":38,"column":36}},{"start":{"line":39,"column":14},"end":{"line":39,"column":45}}],"line":37},"2":{"loc":{"start":{"line":66,"column":21},"end":{"line":66,"column":70}},"type":"cond-expr","locations":[{"start":{"line":66,"column":27},"end":{"line":66,"column":41}},{"start":{"line":66,"column":44},"end":{"line":66,"column":70}}],"line":66},"3":{"loc":{"start":{"line":66,"column":44},"end":{"line":66,"column":70}},"type":"cond-expr","locations":[{"start":{"line":66,"column":50},"end":{"line":66,"column":64}},{"start":{"line":66,"column":67},"end":{"line":66,"column":70}}],"line":66}},"s":{"0":2,"1":1,"2":0,"3":0},"f":{"0":2,"1":0},"b":{"0":[1,1],"1":[1,1],"2":[0,0],"3":[0,0]},"_coverageSchema":"1a1c01bbd47fc00a2c39e90264f33305004495a9","hash":"48386c8f4043c67576e30621c2a527322ecc5e2b"}
,"/home/runner/work/next-template/next-template/pages/index.js": {"path":"/home/runner/work/next-template/next-template/pages/index.js","statementMap":{"0":{"start":{"line":4,"column":2},"end":{"line":9,"column":3}},"1":{"start":{"line":13,"column":18},"end":{"line":13,"column":38}},"2":{"start":{"line":14,"column":2},"end":{"line":16,"column":3}}},"fnMap":{"0":{"name":"Index","decl":{"start":{"line":3,"column":24},"end":{"line":3,"column":29}},"loc":{"start":{"line":3,"column":37},"end":{"line":10,"column":1}},"line":3},"1":{"name":"getStaticProps","decl":{"start":{"line":12,"column":22},"end":{"line":12,"column":36}},"loc":{"start":{"line":12,"column":49},"end":{"line":17,"column":1}},"line":12}},"branchMap":{},"s":{"0":1,"1":0,"2":0},"f":{"0":1,"1":0},"b":{},"_coverageSchema":"1a1c01bbd47fc00a2c39e90264f33305004495a9","hash":"f76d78e9ee92534da21fa3cd35f67b4d1e3288c4"}
,"/home/runner/work/next-template/next-template/pages/api/metrics.js": {"path":"/home/runner/work/next-template/next-template/pages/api/metrics.js","statementMap":{"0":{"start":{"line":3,"column":0},"end":{"line":3,"column":53}},"1":{"start":{"line":6,"column":2},"end":{"line":6,"column":53}},"2":{"start":{"line":7,"column":2},"end":{"line":7,"column":30}}},"fnMap":{"0":{"name":"handler","decl":{"start":{"line":5,"column":24},"end":{"line":5,"column":31}},"loc":{"start":{"line":5,"column":42},"end":{"line":8,"column":1}},"line":5}},"branchMap":{},"s":{"0":0,"1":0,"2":0},"f":{"0":0},"b":{}}
}
