{"/home/runner/work/next-template/next-template/components/Footer.js": {"path":"/home/runner/work/next-template/next-template/components/Footer.js","statementMap":{"0":{"start":{"line":11,"column":12},"end":{"line":11,"column":43}},"1":{"start":{"line":13,"column":2},"end":{"line":91,"column":3}},"2":{"start":{"line":33,"column":16},"end":{"line":42,"column":17}},"3":{"start":{"line":59,"column":18},"end":{"line":76,"column":19}},"4":{"start":{"line":94,"column":0},"end":{"line":132,"column":1}}},"fnMap":{"0":{"name":"Footer","decl":{"start":{"line":10,"column":24},"end":{"line":10,"column":30}},"loc":{"start":{"line":10,"column":38},"end":{"line":92,"column":1}},"line":10},"1":{"name":"(anonymous_1)","decl":{"start":{"line":32,"column":40},"end":{"line":32,"column":41}},"loc":{"start":{"line":32,"column":58},"end":{"line":43,"column":15}},"line":32},"2":{"name":"(anonymous_2)","decl":{"start":{"line":58,"column":33},"end":{"line":58,"column":34}},"loc":{"start":{"line":58,"column":51},"end":{"line":77,"column":17}},"line":58}},"branchMap":{"0":{"loc":{"start":{"line":11,"column":12},"end":{"line":11,"column":43}},"type":"cond-expr","locations":[{"start":{"line":11,"column":36},"end":{"line":11,"column":38}},{"start":{"line":11,"column":41},"end":{"line":11,"column":43}}],"line":11},"1":{"loc":{"start":{"line":63,"column":24},"end":{"line":65,"column":79}},"type":"cond-expr","locations":[{"start":{"line":64,"column":28},"end":{"line":64,"column":92}},{"start":{"line":65,"column":28},"end":{"line":65,"column":79}}],"line":63}},"s":{"0":9,"1":9,"2":66,"3":40,"4":2},"f":{"0":9,"1":66,"2":40},"b":{"0":[0,9],"1":[9,31]},"_coverageSchema":"1a1c01bbd47fc00a2c39e90264f33305004495a9","hash":"9aca7b2b734406884dee4bfa6ac6cc4ce38e30da"}
,"/home/runner/work/next-template/next-template/components/Header.js": {"path":"/home/runner/work/next-template/next-template/components/Header.js","statementMap":{"0":{"start":{"line":10,"column":12},"end":{"line":10,"column":43}},"1":{"start":{"line":11,"column":17},"end":{"line":11,"column":28}},"2":{"start":{"line":12,"column":34},"end":{"line":12,"column":46}},"3":{"start":{"line":14,"column":2},"end":{"line":117,"column":3}},"4":{"start":{"line":120,"column":2},"end":{"line":122,"column":3}},"5":{"start":{"line":125,"column":0},"end":{"line":160,"column":1}}},"fnMap":{"0":{"name":"Header","decl":{"start":{"line":9,"column":24},"end":{"line":9,"column":30}},"loc":{"start":{"line":9,"column":38},"end":{"line":118,"column":1}},"line":9},"1":{"name":"getStaticProps","decl":{"start":{"line":119,"column":22},"end":{"line":119,"column":36}},"loc":{"start":{"line":119,"column":49},"end":{"line":123,"column":1}},"line":119}},"branchMap":{"0":{"loc":{"start":{"line":10,"column":12},"end":{"line":10,"column":43}},"type":"cond-expr","locations":[{"start":{"line":10,"column":36},"end":{"line":10,"column":38}},{"start":{"line":10,"column":41},"end":{"line":10,"column":43}}],"line":10},"1":{"loc":{"start":{"line":38,"column":18},"end":{"line":40,"column":39}},"type":"cond-expr","locations":[{"start":{"line":39,"column":22},"end":{"line":39,"column":39}},{"start":{"line":40,"column":22},"end":{"line":40,"column":39}}],"line":38},"2":{"loc":{"start":{"line":43,"column":18},"end":{"line":45,"column":46}},"type":"cond-expr","locations":[{"start":{"line":44,"column":22},"end":{"line":44,"column":44}},{"start":{"line":45,"column":22},"end":{"line":45,"column":46}}],"line":43},"3":{"loc":{"start":{"line":53,"column":20},"end":{"line":53,"column":47}},"type":"binary-expr","locations":[{"start":{"line":53,"column":20},"end":{"line":53,"column":40}},{"start":{"line":53,"column":44},"end":{"line":53,"column":47}}],"line":53},"4":{"loc":{"start":{"line":54,"column":22},"end":{"line":54,"column":59}},"type":"cond-expr","locations":[{"start":{"line":54,"column":48},"end":{"line":54,"column":52}},{"start":{"line":54,"column":55},"end":{"line":54,"column":59}}],"line":54},"5":{"loc":{"start":{"line":59,"column":22},"end":{"line":59,"column":59}},"type":"cond-expr","locations":[{"start":{"line":59,"column":48},"end":{"line":59,"column":52}},{"start":{"line":59,"column":55},"end":{"line":59,"column":59}}],"line":59},"6":{"loc":{"start":{"line":61,"column":17},"end":{"line":61,"column":54}},"type":"cond-expr","locations":[{"start":{"line":61,"column":43},"end":{"line":61,"column":47}},{"start":{"line":61,"column":50},"end":{"line":61,"column":54}}],"line":61},"7":{"loc":{"start":{"line":70,"column":20},"end":{"line":70,"column":47}},"type":"binary-expr","locations":[{"start":{"line":70,"column":20},"end":{"line":70,"column":40}},{"start":{"line":70,"column":44},"end":{"line":70,"column":47}}],"line":70},"8":{"loc":{"start":{"line":71,"column":22},"end":{"line":71,"column":59}},"type":"cond-expr","locations":[{"start":{"line":71,"column":48},"end":{"line":71,"column":52}},{"start":{"line":71,"column":55},"end":{"line":71,"column":59}}],"line":71},"9":{"loc":{"start":{"line":77,"column":22},"end":{"line":77,"column":59}},"type":"cond-expr","locations":[{"start":{"line":77,"column":48},"end":{"line":77,"column":52}},{"start":{"line":77,"column":55},"end":{"line":77,"column":59}}],"line":77},"10":{"loc":{"start":{"line":79,"column":17},"end":{"line":79,"column":65}},"type":"cond-expr","locations":[{"start":{"line":79,"column":43},"end":{"line":79,"column":53}},{"start":{"line":79,"column":56},"end":{"line":79,"column":65}}],"line":79}},"s":{"0":10,"1":10,"2":10,"3":10,"4":0,"5":2},"f":{"0":10,"1":0},"b":{"0":[2,8],"1":[9,1],"2":[9,1],"3":[10,10],"4":[9,1],"5":[9,1],"6":[9,1],"7":[10,10],"8":[9,1],"9":[9,1],"10":[9,1]},"_coverageSchema":"1a1c01bbd47fc00a2c39e90264f33305004495a9","hash":"261710fc189cccf5014474b01825f6f32a56b9ee"}
,"/home/runner/work/next-template/next-template/components/Layout.js": {"path":"/home/runner/work/next-template/next-template/components/Layout.js","statementMap":{"0":{"start":{"line":10,"column":12},"end":{"line":10,"column":43}},"1":{"start":{"line":11,"column":2},"end":{"line":97,"column":3}},"2":{"start":{"line":100,"column":0},"end":{"line":121,"column":1}}},"fnMap":{"0":{"name":"Layout","decl":{"start":{"line":9,"column":24},"end":{"line":9,"column":30}},"loc":{"start":{"line":9,"column":38},"end":{"line":98,"column":1}},"line":9}},"branchMap":{"0":{"loc":{"start":{"line":10,"column":12},"end":{"line":10,"column":43}},"type":"cond-expr","locations":[{"start":{"line":10,"column":36},"end":{"line":10,"column":38}},{"start":{"line":10,"column":41},"end":{"line":10,"column":43}}],"line":10}},"s":{"0":7,"1":7,"2":1},"f":{"0":7},"b":{"0":[7,0]},"_coverageSchema":"1a1c01bbd47fc00a2c39e90264f33305004495a9","hash":"f2ff603a6cbf99138451a89ccdcdd6939f375d25"}
,"/home/runner/work/next-template/next-template/pages/404.js": {"path":"/home/runner/work/next-template/next-template/pages/404.js","statementMap":{"0":{"start":{"line":4,"column":2},"end":{"line":54,"column":3}},"1":{"start":{"line":58,"column":2},"end":{"line":60,"column":3}}},"fnMap":{"0":{"name":"Custom404","decl":{"start":{"line":3,"column":24},"end":{"line":3,"column":33}},"loc":{"start":{"line":3,"column":36},"end":{"line":55,"column":1}},"line":3},"1":{"name":"getStaticProps","decl":{"start":{"line":57,"column":22},"end":{"line":57,"column":36}},"loc":{"start":{"line":57,"column":49},"end":{"line":61,"column":1}},"line":57}},"branchMap":{},"s":{"0":1,"1":0},"f":{"0":1,"1":0},"b":{},"_coverageSchema":"1a1c01bbd47fc00a2c39e90264f33305004495a9","hash":"a2516ccfbd459c161495ebf6786b43e61d2981ca"}
,"/home/runner/work/next-template/next-template/pages/_app.js": {"path":"/home/runner/work/next-template/next-template/pages/_app.js","statementMap":{"0":{"start":{"line":9,"column":12},"end":{"line":9,"column":47}},"1":{"start":{"line":11,"column":2},"end":{"line":13,"column":3}},"2":{"start":{"line":12,"column":4},"end":{"line":12,"column":60}},"3":{"start":{"line":14,"column":2},"end":{"line":18,"column":3}}},"fnMap":{"0":{"name":"MyApp","decl":{"start":{"line":8,"column":9},"end":{"line":8,"column":14}},"loc":{"start":{"line":8,"column":41},"end":{"line":19,"column":1}},"line":8}},"branchMap":{"0":{"loc":{"start":{"line":9,"column":12},"end":{"line":9,"column":47}},"type":"cond-expr","locations":[{"start":{"line":9,"column":40},"end":{"line":9,"column":42}},{"start":{"line":9,"column":45},"end":{"line":9,"column":47}}],"line":9},"1":{"loc":{"start":{"line":11,"column":2},"end":{"line":13,"column":3}},"type":"if","locations":[{"start":{"line":11,"column":2},"end":{"line":13,"column":3}},{"start":{},"end":{}}],"line":11}},"s":{"0":0,"1":0,"2":0,"3":0},"f":{"0":0},"b":{"0":[0,0],"1":[0,0]}}
,"/home/runner/work/next-template/next-template/pages/_error.js": {"path":"/home/runner/work/next-template/next-template/pages/_error.js","statementMap":{"0":{"start":{"line":4,"column":2},"end":{"line":62,"column":3}},"1":{"start":{"line":65,"column":0},"end":{"line":71,"column":1}},"2":{"start":{"line":66,"column":21},"end":{"line":66,"column":70}},"3":{"start":{"line":67,"column":2},"end":{"line":70,"column":3}}},"fnMap":{"0":{"name":"CustomError","decl":{"start":{"line":3,"column":9},"end":{"line":3,"column":20}},"loc":{"start":{"line":3,"column":37},"end":{"line":63,"column":1}},"line":3},"1":{"name":"(anonymous_1)","decl":{"start":{"line":65,"column":24},"end":{"line":65,"column":25}},"loc":{"start":{"line":65,"column":50},"end":{"line":71,"column":1}},"line":65}},"branchMap":{"0":{"loc":{"start":{"line":9,"column":11},"end":{"line":11,"column":43}},"type":"cond-expr","locations":[{"start":{"line":10,"column":14},"end":{"line":10,"column":57}},{"start":{"line":11,"column":14},"end":{"line":11,"column":43}}],"line":9},"1":{"loc":{"start":{"line":37,"column":11},"end":{"line":39,"column":45}},"type":"cond-expr","locations":[{"start":{"line":38,"column":14},"end":{"line":38,"column":36}},{"start":{"line":39,"column":14},"end":{"line":39,"column":45}}],"line":37},"2":{"loc":{"start":{"line":66,"column":21},"end":{"line":66,"column":70}},"type":"cond-expr","locations":[{"start":{"line":66,"column":27},"end":{"line":66,"column":41}},{"start":{"line":66,"column":44},"end":{"line":66,"column":70}}],"line":66},"3":{"loc":{"start":{"line":66,"column":44},"end":{"line":66,"column":70}},"type":"cond-expr","locations":[{"start":{"line":66,"column":50},"end":{"line":66,"column":64}},{"start":{"line":66,"column":67},"end":{"line":66,"column":70}}],"line":66}},"s":{"0":2,"1":1,"2":0,"3":0},"f":{"0":2,"1":0},"b":{"0":[1,1],"1":[1,1],"2":[0,0],"3":[0,0]},"_coverageSchema":"1a1c01bbd47fc00a2c39e90264f33305004495a9","hash":"48386c8f4043c67576e30621c2a527322ecc5e2b"}
,"/home/runner/work/next-template/next-template/pages/home.js": {"path":"/home/runner/work/next-template/next-template/pages/home.js","statementMap":{"0":{"start":{"line":8,"column":12},"end":{"line":8,"column":43}},"1":{"start":{"line":9,"column":2},"end":{"line":14,"column":3}},"2":{"start":{"line":18,"column":18},"end":{"line":18,"column":38}},"3":{"start":{"line":19,"column":25},"end":{"line":19,"column":63}},"4":{"start":{"line":20,"column":2},"end":{"line":22,"column":3}},"5":{"start":{"line":25,"column":0},"end":{"line":30,"column":1}}},"fnMap":{"0":{"name":"Home","decl":{"start":{"line":7,"column":24},"end":{"line":7,"column":28}},"loc":{"start":{"line":7,"column":36},"end":{"line":15,"column":1}},"line":7},"1":{"name":"getStaticProps","decl":{"start":{"line":17,"column":22},"end":{"line":17,"column":36}},"loc":{"start":{"line":17,"column":49},"end":{"line":23,"column":1}},"line":17}},"branchMap":{"0":{"loc":{"start":{"line":8,"column":12},"end":{"line":8,"column":43}},"type":"cond-expr","locations":[{"start":{"line":8,"column":36},"end":{"line":8,"column":38}},{"start":{"line":8,"column":41},"end":{"line":8,"column":43}}],"line":8},"1":{"loc":{"start":{"line":19,"column":25},"end":{"line":19,"column":63}},"type":"cond-expr","locations":[{"start":{"line":19,"column":43},"end":{"line":19,"column":53}},{"start":{"line":19,"column":56},"end":{"line":19,"column":63}}],"line":19}},"s":{"0":1,"1":1,"2":0,"3":0,"4":0,"5":1},"f":{"0":1,"1":0},"b":{"0":[1,0],"1":[0,0]},"_coverageSchema":"1a1c01bbd47fc00a2c39e90264f33305004495a9","hash":"8d9cd23cc5e9ffaf228f1271559fd947bdfd9587"}
,"/home/runner/work/next-template/next-template/pages/index.js": {"path":"/home/runner/work/next-template/next-template/pages/index.js","statementMap":{"0":{"start":{"line":5,"column":2},"end":{"line":83,"column":3}},"1":{"start":{"line":86,"column":0},"end":{"line":88,"column":1}},"2":{"start":{"line":87,"column":2},"end":{"line":87,"column":20}},"3":{"start":{"line":92,"column":2},"end":{"line":94,"column":3}}},"fnMap":{"0":{"name":"Index","decl":{"start":{"line":4,"column":24},"end":{"line":4,"column":29}},"loc":{"start":{"line":4,"column":32},"end":{"line":84,"column":1}},"line":4},"1":{"name":"PageLayout","decl":{"start":{"line":86,"column":27},"end":{"line":86,"column":37}},"loc":{"start":{"line":86,"column":44},"end":{"line":88,"column":1}},"line":86},"2":{"name":"getStaticProps","decl":{"start":{"line":90,"column":22},"end":{"line":90,"column":36}},"loc":{"start":{"line":90,"column":49},"end":{"line":95,"column":1}},"line":90}},"branchMap":{},"s":{"0":1,"1":1,"2":0,"3":0},"f":{"0":1,"1":0,"2":0},"b":{},"_coverageSchema":"1a1c01bbd47fc00a2c39e90264f33305004495a9","hash":"8195fb1ab78d404c280bc922a7fdb2ecf2e43bbc"}
,"/home/runner/work/next-template/next-template/pages/api/metrics.js": {"path":"/home/runner/work/next-template/next-template/pages/api/metrics.js","statementMap":{"0":{"start":{"line":3,"column":0},"end":{"line":3,"column":53}},"1":{"start":{"line":6,"column":2},"end":{"line":6,"column":53}},"2":{"start":{"line":7,"column":2},"end":{"line":7,"column":30}}},"fnMap":{"0":{"name":"handler","decl":{"start":{"line":5,"column":24},"end":{"line":5,"column":31}},"loc":{"start":{"line":5,"column":42},"end":{"line":8,"column":1}},"line":5}},"branchMap":{},"s":{"0":0,"1":0,"2":0},"f":{"0":0},"b":{}}
}
