TN:
SF:components/Footer.js
FN:8,Footer
FN:28,(anonymous_1)
FN:54,(anonymous_2)
FNF:3
FNH:3
FNDA:9,Footer
FNDA:66,(anonymous_1)
FNDA:40,(anonymous_2)
DA:9,9
DA:29,66
DA:55,40
DA:90,2
LF:4
LH:4
BRDA:59,0,0,9
BRDA:59,0,1,31
BRF:2
BRH:2
end_of_record
TN:
SF:components/Header.js
FN:9,Header
FN:14,(anonymous_1)
FN:129,getStaticProps
FNF:3
FNH:2
FNDA:10,Header
FNDA:10,(anonymous_1)
FNDA:0,getStaticProps
DA:10,10
DA:11,10
DA:13,10
DA:14,10
DA:16,10
DA:17,0
DA:21,10
DA:24,10
DA:130,0
DA:135,2
LF:10
LH:8
BRDA:10,0,0,0
BRDA:10,0,1,10
BRDA:16,1,0,0
BRDA:16,1,1,10
BRDA:16,2,0,10
BRDA:16,2,1,0
BRDA:16,2,2,0
BRDA:48,3,0,9
BRDA:48,3,1,1
BRDA:53,4,0,9
BRDA:53,4,1,1
BRDA:63,5,0,10
BRDA:63,5,1,10
BRDA:64,6,0,9
BRDA:64,6,1,1
BRDA:69,7,0,9
BRDA:69,7,1,1
BRDA:71,8,0,9
BRDA:71,8,1,1
BRDA:80,9,0,10
BRDA:80,9,1,10
BRDA:81,10,0,9
BRDA:81,10,1,1
BRDA:87,11,0,9
BRDA:87,11,1,1
BRDA:89,12,0,9
BRDA:89,12,1,1
BRF:27
BRH:23
end_of_record
TN:
SF:components/Layout.js
FN:9,Layout
FNF:1
FNH:1
FNDA:7,Layout
DA:10,7
DA:11,7
DA:100,1
LF:3
LH:3
BRDA:10,0,0,7
BRDA:10,0,1,0
BRF:2
BRH:1
end_of_record
TN:
SF:pages/404.js
FN:3,Custom404
FN:57,getStaticProps
FNF:2
FNH:1
FNDA:1,Custom404
FNDA:0,getStaticProps
DA:4,1
DA:58,0
LF:2
LH:1
BRF:0
BRH:0
end_of_record
TN:
SF:pages/_app.js
FN:8,MyApp
FNF:1
FNH:0
FNDA:0,MyApp
DA:9,0
DA:10,0
LF:2
LH:0
BRDA:9,0,0,0
BRDA:9,0,1,0
BRF:2
BRH:0
end_of_record
TN:
SF:pages/_error.js
FN:3,CustomError
FN:65,(anonymous_1)
FNF:2
FNH:1
FNDA:2,CustomError
FNDA:0,(anonymous_1)
DA:4,2
DA:65,1
DA:66,0
DA:67,0
LF:4
LH:2
BRDA:9,0,0,1
BRDA:9,0,1,1
BRDA:37,1,0,1
BRDA:37,1,1,1
BRDA:66,2,0,0
BRDA:66,2,1,0
BRDA:66,3,0,0
BRDA:66,3,1,0
BRF:8
BRH:4
end_of_record
TN:
SF:pages/index.js
FN:3,Index
FN:12,getStaticProps
FNF:2
FNH:1
FNDA:1,Index
FNDA:0,getStaticProps
DA:4,1
DA:13,0
DA:14,0
LF:3
LH:1
BRF:0
BRH:0
end_of_record
TN:
SF:pages/api/metrics.js
FN:5,handler
FNF:1
FNH:0
FNDA:0,handler
DA:3,0
DA:6,0
DA:7,0
LF:3
LH:0
BRF:0
BRH:0
end_of_record
