{"/home/runner/work/next-template/next-template/src/components/DateModified.js": {"path":"/home/runner/work/next-template/next-template/src/components/DateModified.js","statementMap":{"0":{"start":{"line":7,"column":2},"end":{"line":12,"column":3}},"1":{"start":{"line":15,"column":0},"end":{"line":18,"column":1}},"2":{"start":{"line":20,"column":0},"end":{"line":26,"column":1}}},"fnMap":{"0":{"name":"DateModified","decl":{"start":{"line":6,"column":24},"end":{"line":6,"column":36}},"loc":{"start":{"line":6,"column":44},"end":{"line":13,"column":1}},"line":6}},"branchMap":{},"s":{"0":11,"1":4,"2":4},"f":{"0":11},"b":{},"_coverageSchema":"1a1c01bbd47fc00a2c39e90264f33305004495a9","hash":"2bbcab7addca9fd9fbe257cde1cde42a84918715"}
,"/home/runner/work/next-template/next-template/src/components/Footer.js": {"path":"/home/runner/work/next-template/next-template/src/components/Footer.js","statementMap":{"0":{"start":{"line":9,"column":2},"end":{"line":84,"column":3}},"1":{"start":{"line":26,"column":16},"end":{"line":35,"column":17}},"2":{"start":{"line":52,"column":18},"end":{"line":69,"column":19}},"3":{"start":{"line":87,"column":0},"end":{"line":125,"column":1}}},"fnMap":{"0":{"name":"Footer","decl":{"start":{"line":8,"column":24},"end":{"line":8,"column":30}},"loc":{"start":{"line":8,"column":38},"end":{"line":85,"column":1}},"line":8},"1":{"name":"(anonymous_1)","decl":{"start":{"line":25,"column":40},"end":{"line":25,"column":41}},"loc":{"start":{"line":25,"column":58},"end":{"line":36,"column":15}},"line":25},"2":{"name":"(anonymous_2)","decl":{"start":{"line":51,"column":33},"end":{"line":51,"column":34}},"loc":{"start":{"line":51,"column":51},"end":{"line":70,"column":17}},"line":51}},"branchMap":{"0":{"loc":{"start":{"line":56,"column":24},"end":{"line":58,"column":79}},"type":"cond-expr","locations":[{"start":{"line":57,"column":28},"end":{"line":57,"column":92}},{"start":{"line":58,"column":28},"end":{"line":58,"column":79}}],"line":56}},"s":{"0":9,"1":66,"2":40,"3":3},"f":{"0":9,"1":66,"2":40},"b":{"0":[9,31]},"_coverageSchema":"1a1c01bbd47fc00a2c39e90264f33305004495a9","hash":"9c3d59be2e949dfab4a8e153efe804c461b23ef8"}
,"/home/runner/work/next-template/next-template/src/components/Header.js": {"path":"/home/runner/work/next-template/next-template/src/components/Header.js","statementMap":{"0":{"start":{"line":5,"column":2},"end":{"line":100,"column":3}},"1":{"start":{"line":110,"column":0},"end":{"line":145,"column":1}}},"fnMap":{"0":{"name":"Header","decl":{"start":{"line":4,"column":24},"end":{"line":4,"column":30}},"loc":{"start":{"line":4,"column":38},"end":{"line":101,"column":1}},"line":4}},"branchMap":{"0":{"loc":{"start":{"line":29,"column":18},"end":{"line":31,"column":46}},"type":"cond-expr","locations":[{"start":{"line":30,"column":22},"end":{"line":30,"column":46}},{"start":{"line":31,"column":22},"end":{"line":31,"column":46}}],"line":29},"1":{"loc":{"start":{"line":34,"column":18},"end":{"line":36,"column":46}},"type":"cond-expr","locations":[{"start":{"line":35,"column":22},"end":{"line":35,"column":44}},{"start":{"line":36,"column":22},"end":{"line":36,"column":46}}],"line":34},"2":{"loc":{"start":{"line":44,"column":20},"end":{"line":44,"column":47}},"type":"binary-expr","locations":[{"start":{"line":44,"column":20},"end":{"line":44,"column":40}},{"start":{"line":44,"column":44},"end":{"line":44,"column":47}}],"line":44},"3":{"loc":{"start":{"line":45,"column":22},"end":{"line":45,"column":59}},"type":"cond-expr","locations":[{"start":{"line":45,"column":48},"end":{"line":45,"column":52}},{"start":{"line":45,"column":55},"end":{"line":45,"column":59}}],"line":45},"4":{"loc":{"start":{"line":47,"column":20},"end":{"line":47,"column":57}},"type":"cond-expr","locations":[{"start":{"line":47,"column":46},"end":{"line":47,"column":50}},{"start":{"line":47,"column":53},"end":{"line":47,"column":57}}],"line":47},"5":{"loc":{"start":{"line":49,"column":15},"end":{"line":49,"column":52}},"type":"cond-expr","locations":[{"start":{"line":49,"column":41},"end":{"line":49,"column":45}},{"start":{"line":49,"column":48},"end":{"line":49,"column":52}}],"line":49},"6":{"loc":{"start":{"line":57,"column":20},"end":{"line":57,"column":47}},"type":"binary-expr","locations":[{"start":{"line":57,"column":20},"end":{"line":57,"column":40}},{"start":{"line":57,"column":44},"end":{"line":57,"column":47}}],"line":57},"7":{"loc":{"start":{"line":58,"column":22},"end":{"line":58,"column":59}},"type":"cond-expr","locations":[{"start":{"line":58,"column":48},"end":{"line":58,"column":52}},{"start":{"line":58,"column":55},"end":{"line":58,"column":59}}],"line":58},"8":{"loc":{"start":{"line":61,"column":20},"end":{"line":61,"column":57}},"type":"cond-expr","locations":[{"start":{"line":61,"column":46},"end":{"line":61,"column":50}},{"start":{"line":61,"column":53},"end":{"line":61,"column":57}}],"line":61},"9":{"loc":{"start":{"line":63,"column":15},"end":{"line":63,"column":63}},"type":"cond-expr","locations":[{"start":{"line":63,"column":41},"end":{"line":63,"column":51}},{"start":{"line":63,"column":54},"end":{"line":63,"column":63}}],"line":63}},"s":{"0":12,"1":3},"f":{"0":12},"b":{"0":[8,2],"1":[8,2],"2":[10,10],"3":[8,2],"4":[8,2],"5":[8,2],"6":[10,10],"7":[8,2],"8":[8,2],"9":[8,2]},"_coverageSchema":"1a1c01bbd47fc00a2c39e90264f33305004495a9","hash":"4e0bea7904dd4e57025f514b175b1927d9543e66"}
,"/home/runner/work/next-template/next-template/src/components/Layout.js": {"path":"/home/runner/work/next-template/next-template/src/components/Layout.js","statementMap":{"0":{"start":{"line":10,"column":12},"end":{"line":10,"column":43}},"1":{"start":{"line":12,"column":2},"end":{"line":94,"column":3}},"2":{"start":{"line":101,"column":0},"end":{"line":103,"column":1}},"3":{"start":{"line":105,"column":0},"end":{"line":122,"column":1}}},"fnMap":{"0":{"name":"Layout","decl":{"start":{"line":9,"column":24},"end":{"line":9,"column":30}},"loc":{"start":{"line":9,"column":38},"end":{"line":95,"column":1}},"line":9}},"branchMap":{"0":{"loc":{"start":{"line":10,"column":12},"end":{"line":10,"column":43}},"type":"cond-expr","locations":[{"start":{"line":10,"column":36},"end":{"line":10,"column":38}},{"start":{"line":10,"column":41},"end":{"line":10,"column":43}}],"line":10}},"s":{"0":8,"1":7,"2":2,"3":2},"f":{"0":8},"b":{"0":[6,1]},"_coverageSchema":"1a1c01bbd47fc00a2c39e90264f33305004495a9","hash":"685a29039dd27aa53e4ca141d8b5516fe93e7292"}
,"/home/runner/work/next-template/next-template/src/components/MetaData.js": {"path":"/home/runner/work/next-template/next-template/src/components/MetaData.js","statementMap":{"0":{"start":{"line":5,"column":12},"end":{"line":5,"column":77}},"1":{"start":{"line":7,"column":2},"end":{"line":19,"column":3}}},"fnMap":{"0":{"name":"MetaData","decl":{"start":{"line":4,"column":24},"end":{"line":4,"column":32}},"loc":{"start":{"line":4,"column":40},"end":{"line":20,"column":1}},"line":4}},"branchMap":{"0":{"loc":{"start":{"line":5,"column":12},"end":{"line":5,"column":77}},"type":"cond-expr","locations":[{"start":{"line":5,"column":38},"end":{"line":5,"column":56}},{"start":{"line":5,"column":59},"end":{"line":5,"column":77}}],"line":5}},"s":{"0":9,"1":9},"f":{"0":9},"b":{"0":[8,1]},"_coverageSchema":"1a1c01bbd47fc00a2c39e90264f33305004495a9","hash":"3f6676f395b51baf9f41c076b6f2777d2410d598"}
,"/home/runner/work/next-template/next-template/src/lib/cms.js": {"path":"/home/runner/work/next-template/next-template/src/lib/cms.js","statementMap":{"0":{"start":{"line":2,"column":14},"end":{"line":2,"column":23}},"1":{"start":{"line":3,"column":2},"end":{"line":3,"column":38}},"2":{"start":{"line":7,"column":2},"end":{"line":9,"column":3}},"3":{"start":{"line":10,"column":2},"end":{"line":10,"column":71}}},"fnMap":{"0":{"name":"fetchContent","decl":{"start":{"line":1,"column":22},"end":{"line":1,"column":34}},"loc":{"start":{"line":1,"column":37},"end":{"line":4,"column":1}},"line":1},"1":{"name":"exampleResponse","decl":{"start":{"line":6,"column":15},"end":{"line":6,"column":30}},"loc":{"start":{"line":6,"column":33},"end":{"line":11,"column":1}},"line":6}},"branchMap":{"0":{"loc":{"start":{"line":3,"column":9},"end":{"line":3,"column":38}},"type":"cond-expr","locations":[{"start":{"line":3,"column":15},"end":{"line":3,"column":18}},{"start":{"line":3,"column":21},"end":{"line":3,"column":38}}],"line":3}},"s":{"0":1,"1":1,"2":1,"3":1},"f":{"0":1,"1":1},"b":{"0":[0,1]},"_coverageSchema":"1a1c01bbd47fc00a2c39e90264f33305004495a9","hash":"3bda64f3aeb04c5c604d9c5281ec18efda74319d"}
,"/home/runner/work/next-template/next-template/src/lib/logger.js": {"path":"/home/runner/work/next-template/next-template/src/lib/logger.js","statementMap":{"0":{"start":{"line":1,"column":15},"end":{"line":38,"column":4}},"1":{"start":{"line":2,"column":19},"end":{"line":2,"column":44}},"2":{"start":{"line":3,"column":16},"end":{"line":30,"column":3}},"3":{"start":{"line":4,"column":4},"end":{"line":29,"column":5}},"4":{"start":{"line":6,"column":8},"end":{"line":10,"column":9}},"5":{"start":{"line":11,"column":8},"end":{"line":11,"column":13}},"6":{"start":{"line":13,"column":8},"end":{"line":17,"column":9}},"7":{"start":{"line":18,"column":8},"end":{"line":18,"column":13}},"8":{"start":{"line":20,"column":8},"end":{"line":22,"column":9}},"9":{"start":{"line":21,"column":10},"end":{"line":21,"column":51}},"10":{"start":{"line":23,"column":8},"end":{"line":23,"column":13}},"11":{"start":{"line":26,"column":8},"end":{"line":28,"column":9}},"12":{"start":{"line":27,"column":10},"end":{"line":27,"column":51}},"13":{"start":{"line":32,"column":2},"end":{"line":37,"column":3}}},"fnMap":{"0":{"name":"(anonymous_0)","decl":{"start":{"line":1,"column":16},"end":{"line":1,"column":17}},"loc":{"start":{"line":1,"column":22},"end":{"line":38,"column":1}},"line":1},"1":{"name":"(anonymous_1)","decl":{"start":{"line":3,"column":16},"end":{"line":3,"column":17}},"loc":{"start":{"line":3,"column":39},"end":{"line":30,"column":3}},"line":3}},"branchMap":{"0":{"loc":{"start":{"line":4,"column":4},"end":{"line":29,"column":5}},"type":"switch","locations":[{"start":{"line":5,"column":6},"end":{"line":11,"column":13}},{"start":{"line":12,"column":6},"end":{"line":18,"column":13}},{"start":{"line":19,"column":6},"end":{"line":23,"column":13}},{"start":{"line":24,"column":6},"end":{"line":24,"column":19}},{"start":{"line":25,"column":6},"end":{"line":28,"column":9}}],"line":4},"1":{"loc":{"start":{"line":20,"column":8},"end":{"line":22,"column":9}},"type":"if","locations":[{"start":{"line":20,"column":8},"end":{"line":22,"column":9}},{"start":{},"end":{}}],"line":20},"2":{"loc":{"start":{"line":20,"column":12},"end":{"line":20,"column":55}},"type":"binary-expr","locations":[{"start":{"line":20,"column":12},"end":{"line":20,"column":31}},{"start":{"line":20,"column":35},"end":{"line":20,"column":55}}],"line":20},"3":{"loc":{"start":{"line":26,"column":8},"end":{"line":28,"column":9}},"type":"if","locations":[{"start":{"line":26,"column":8},"end":{"line":28,"column":9}},{"start":{},"end":{}}],"line":26}},"s":{"0":1,"1":1,"2":1,"3":4,"4":1,"5":1,"6":1,"7":1,"8":1,"9":0,"10":1,"11":1,"12":0,"13":1},"f":{"0":1,"1":4},"b":{"0":[1,1,1,1,1],"1":[0,1],"2":[1,1],"3":[0,1]},"_coverageSchema":"1a1c01bbd47fc00a2c39e90264f33305004495a9","hash":"bec29aa6c1cada6c6f2d9def84a57a9b1e603ca1"}
,"/home/runner/work/next-template/next-template/src/pages/404.js": {"path":"/home/runner/work/next-template/next-template/src/pages/404.js","statementMap":{"0":{"start":{"line":4,"column":2},"end":{"line":60,"column":3}},"1":{"start":{"line":65,"column":15},"end":{"line":78,"column":3}},"2":{"start":{"line":80,"column":2},"end":{"line":82,"column":3}}},"fnMap":{"0":{"name":"Custom404","decl":{"start":{"line":3,"column":24},"end":{"line":3,"column":33}},"loc":{"start":{"line":3,"column":36},"end":{"line":61,"column":1}},"line":3},"1":{"name":"getStaticProps","decl":{"start":{"line":63,"column":22},"end":{"line":63,"column":36}},"loc":{"start":{"line":63,"column":49},"end":{"line":83,"column":1}},"line":63}},"branchMap":{},"s":{"0":1,"1":1,"2":1},"f":{"0":1,"1":1},"b":{},"_coverageSchema":"1a1c01bbd47fc00a2c39e90264f33305004495a9","hash":"b43d763951d8fc1d08fd29d5eb50aa5c2a48c8cc"}
,"/home/runner/work/next-template/next-template/src/pages/_app.js": {"path":"/home/runner/work/next-template/next-template/src/pages/_app.js","statementMap":{},"fnMap":{"0":{"name":"MyApp","decl":{"start":{"line":4,"column":9},"end":{"line":4,"column":14}},"loc":{"start":{"line":4,"column":41},"end":{"line":20,"column":1}},"line":4}},"branchMap":{},"s":{},"f":{"0":1},"b":{},"_coverageSchema":"1a1c01bbd47fc00a2c39e90264f33305004495a9","hash":"5207054cd5e36008365f30e85b821e1a16d1fa16"}
,"/home/runner/work/next-template/next-template/src/pages/_error.js": {"path":"/home/runner/work/next-template/next-template/src/pages/_error.js","statementMap":{"0":{"start":{"line":4,"column":2},"end":{"line":62,"column":3}}},"fnMap":{"0":{"name":"CustomError","decl":{"start":{"line":3,"column":9},"end":{"line":3,"column":20}},"loc":{"start":{"line":3,"column":37},"end":{"line":63,"column":1}},"line":3}},"branchMap":{"0":{"loc":{"start":{"line":9,"column":11},"end":{"line":11,"column":43}},"type":"cond-expr","locations":[{"start":{"line":10,"column":14},"end":{"line":10,"column":57}},{"start":{"line":11,"column":14},"end":{"line":11,"column":43}}],"line":9},"1":{"loc":{"start":{"line":37,"column":11},"end":{"line":39,"column":45}},"type":"cond-expr","locations":[{"start":{"line":38,"column":14},"end":{"line":38,"column":36}},{"start":{"line":39,"column":14},"end":{"line":39,"column":45}}],"line":37}},"s":{"0":2},"f":{"0":2},"b":{"0":[1,1],"1":[1,1]},"_coverageSchema":"1a1c01bbd47fc00a2c39e90264f33305004495a9","hash":"a7bd21b32a282de95371c811ba5d0b1fda3c5171"}
,"/home/runner/work/next-template/next-template/src/pages/home.js": {"path":"/home/runner/work/next-template/next-template/src/pages/home.js","statementMap":{"0":{"start":{"line":13,"column":2},"end":{"line":13,"column":26}},"1":{"start":{"line":14,"column":2},"end":{"line":14,"column":22}},"2":{"start":{"line":15,"column":2},"end":{"line":15,"column":21}},"3":{"start":{"line":16,"column":2},"end":{"line":18,"column":8}},"4":{"start":{"line":17,"column":4},"end":{"line":17,"column":32}},"5":{"start":{"line":20,"column":2},"end":{"line":28,"column":3}},"6":{"start":{"line":32,"column":18},"end":{"line":32,"column":38}},"7":{"start":{"line":38,"column":15},"end":{"line":51,"column":3}},"8":{"start":{"line":53,"column":2},"end":{"line":55,"column":3}},"9":{"start":{"line":58,"column":0},"end":{"line":68,"column":1}}},"fnMap":{"0":{"name":"Home","decl":{"start":{"line":9,"column":24},"end":{"line":9,"column":28}},"loc":{"start":{"line":9,"column":36},"end":{"line":29,"column":1}},"line":9},"1":{"name":"(anonymous_1)","decl":{"start":{"line":16,"column":12},"end":{"line":16,"column":13}},"loc":{"start":{"line":16,"column":18},"end":{"line":18,"column":3}},"line":16},"2":{"name":"getStaticProps","decl":{"start":{"line":31,"column":22},"end":{"line":31,"column":36}},"loc":{"start":{"line":31,"column":49},"end":{"line":56,"column":1}},"line":31}},"branchMap":{},"s":{"0":1,"1":1,"2":1,"3":1,"4":1,"5":1,"6":1,"7":1,"8":1,"9":1},"f":{"0":1,"1":1,"2":1},"b":{},"_coverageSchema":"1a1c01bbd47fc00a2c39e90264f33305004495a9","hash":"ea61ee7fa7868287c2bdf23ea4199f96055e7535"}
,"/home/runner/work/next-template/next-template/src/pages/index.js": {"path":"/home/runner/work/next-template/next-template/src/pages/index.js","statementMap":{"0":{"start":{"line":5,"column":2},"end":{"line":76,"column":3}},"1":{"start":{"line":79,"column":0},"end":{"line":81,"column":1}},"2":{"start":{"line":80,"column":2},"end":{"line":80,"column":20}},"3":{"start":{"line":87,"column":15},"end":{"line":100,"column":3}},"4":{"start":{"line":102,"column":2},"end":{"line":104,"column":3}}},"fnMap":{"0":{"name":"Index","decl":{"start":{"line":4,"column":24},"end":{"line":4,"column":29}},"loc":{"start":{"line":4,"column":37},"end":{"line":77,"column":1}},"line":4},"1":{"name":"PageLayout","decl":{"start":{"line":79,"column":27},"end":{"line":79,"column":37}},"loc":{"start":{"line":79,"column":44},"end":{"line":81,"column":1}},"line":79},"2":{"name":"getStaticProps","decl":{"start":{"line":83,"column":22},"end":{"line":83,"column":36}},"loc":{"start":{"line":83,"column":49},"end":{"line":105,"column":1}},"line":83}},"branchMap":{},"s":{"0":2,"1":2,"2":1,"3":1,"4":1},"f":{"0":2,"1":1,"2":1},"b":{},"_coverageSchema":"1a1c01bbd47fc00a2c39e90264f33305004495a9","hash":"97022934105571d963b29782a5d4232059e2a450"}
,"/home/runner/work/next-template/next-template/src/pages/api/envAPIExample.js": {"path":"/home/runner/work/next-template/next-template/src/pages/api/envAPIExample.js","statementMap":{},"fnMap":{},"branchMap":{},"s":{},"f":{},"b":{}}
,"/home/runner/work/next-template/next-template/src/pages/api/metrics.js": {"path":"/home/runner/work/next-template/next-template/src/pages/api/metrics.js","statementMap":{},"fnMap":{},"branchMap":{},"s":{},"f":{},"b":{}}
}
