TN:
SF:src/components/DateModified.js
FN:6,DateModified
FNF:1
FNH:1
FNDA:11,DateModified
DA:7,11
DA:15,4
DA:20,4
LF:3
LH:3
BRF:0
BRH:0
end_of_record
TN:
SF:src/components/Footer.js
FN:8,Footer
FN:25,(anonymous_1)
FN:51,(anonymous_2)
FNF:3
FNH:3
FNDA:9,Footer
FNDA:66,(anonymous_1)
FNDA:40,(anonymous_2)
DA:9,9
DA:26,66
DA:52,40
DA:87,3
LF:4
LH:4
BRDA:56,0,0,9
BRDA:56,0,1,31
BRF:2
BRH:2
end_of_record
TN:
SF:src/components/Header.js
FN:4,Header
FNF:1
FNH:1
FNDA:12,Header
DA:5,12
DA:110,3
LF:2
LH:2
BRDA:29,0,0,8
BRDA:29,0,1,2
BRDA:34,1,0,8
BRDA:34,1,1,2
BRDA:44,2,0,10
BRDA:44,2,1,10
BRDA:45,3,0,8
BRDA:45,3,1,2
BRDA:47,4,0,8
BRDA:47,4,1,2
BRDA:49,5,0,8
BRDA:49,5,1,2
BRDA:57,6,0,10
BRDA:57,6,1,10
BRDA:58,7,0,8
BRDA:58,7,1,2
BRDA:61,8,0,8
BRDA:61,8,1,2
BRDA:63,9,0,8
BRDA:63,9,1,2
BRF:20
BRH:20
end_of_record
TN:
SF:src/components/Layout.js
FN:9,Layout
FNF:1
FNH:1
FNDA:8,Layout
DA:10,8
DA:12,7
DA:101,2
DA:105,2
LF:4
LH:4
BRDA:10,0,0,6
BRDA:10,0,1,1
BRF:2
BRH:2
end_of_record
TN:
SF:src/components/MetaData.js
FN:4,MetaData
FNF:1
FNH:1
FNDA:9,MetaData
DA:5,9
DA:7,9
LF:2
LH:2
BRDA:5,0,0,8
BRDA:5,0,1,1
BRF:2
BRH:2
end_of_record
TN:
SF:src/lib/cms.js
FN:1,fetchContent
FN:6,exampleResponse
FNF:2
FNH:2
FNDA:1,fetchContent
FNDA:1,exampleResponse
DA:2,1
DA:3,1
DA:7,1
DA:10,1
LF:4
LH:4
BRDA:3,0,0,0
BRDA:3,0,1,1
BRF:2
BRH:1
end_of_record
TN:
SF:src/lib/logger.js
FN:1,(anonymous_0)
FN:3,(anonymous_1)
FNF:2
FNH:2
FNDA:1,(anonymous_0)
FNDA:4,(anonymous_1)
DA:1,1
DA:2,1
DA:3,1
DA:4,4
DA:6,1
DA:11,1
DA:13,1
DA:18,1
DA:20,1
DA:21,0
DA:23,1
DA:26,1
DA:27,0
DA:32,1
LF:14
LH:12
BRDA:4,0,0,1
BRDA:4,0,1,1
BRDA:4,0,2,1
BRDA:4,0,3,1
BRDA:4,0,4,1
BRDA:20,1,0,0
BRDA:20,1,1,1
BRDA:20,2,0,1
BRDA:20,2,1,1
BRDA:26,3,0,0
BRDA:26,3,1,1
BRF:11
BRH:9
end_of_record
TN:
SF:src/pages/404.js
FN:3,Custom404
FN:63,getStaticProps
FNF:2
FNH:2
FNDA:1,Custom404
FNDA:1,getStaticProps
DA:4,1
DA:65,1
DA:80,1
LF:3
LH:3
BRF:0
BRH:0
end_of_record
TN:
SF:src/pages/_app.js
FN:4,MyApp
FNF:1
FNH:1
FNDA:1,MyApp
LF:0
LH:0
BRF:0
BRH:0
end_of_record
TN:
SF:src/pages/_error.js
FN:3,CustomError
FNF:1
FNH:1
FNDA:2,CustomError
DA:4,2
LF:1
LH:1
BRDA:9,0,0,1
BRDA:9,0,1,1
BRDA:37,1,0,1
BRDA:37,1,1,1
BRF:4
BRH:4
end_of_record
TN:
SF:src/pages/home.js
FN:9,Home
FN:16,(anonymous_1)
FN:31,getStaticProps
FNF:3
FNH:3
FNDA:1,Home
FNDA:1,(anonymous_1)
FNDA:1,getStaticProps
DA:13,1
DA:14,1
DA:15,1
DA:16,1
DA:17,1
DA:20,1
DA:32,1
DA:38,1
DA:53,1
DA:58,1
LF:10
LH:10
BRF:0
BRH:0
end_of_record
TN:
SF:src/pages/index.js
FN:4,Index
FN:79,PageLayout
FN:83,getStaticProps
FNF:3
FNH:3
FNDA:2,Index
FNDA:1,PageLayout
FNDA:1,getStaticProps
DA:5,2
DA:79,2
DA:80,1
DA:87,1
DA:102,1
LF:5
LH:5
BRF:0
BRH:0
end_of_record
TN:
SF:src/pages/api/envAPIExample.js
FNF:0
FNH:0
LF:0
LH:0
BRF:0
BRH:0
end_of_record
TN:
SF:src/pages/api/metrics.js
FNF:0
FNH:0
LF:0
LH:0
BRF:0
BRH:0
end_of_record
